# 
# UBCSAT version 1.2-b18 BETA -- avoid using for published results
# 
# http://ubcsat.dtompkins.com
# 
# ubcsat -h for help
# 
#  -alg ddfw
#  -runs 1 
#  -cutoff 1000000000 
#  -timeout 600 
#  -gtimeout 0 
#  -abstime 0
#  -systime 0
#  -timeres 1000 
#  -noimprove 0 
#  -earlysteps 0 
#  -earlyqual 0 
#  -earlywqual 0 
#  -strikes 0 
#  -target 0 
#  -wtarget 0 
#  -seed 2921823816 
#  -solve 1
#  -find,-numsol 1 
#  -findunique 0 
#  -srestart 0 
#  -prestart 0 
#  -drestart 0 
# 
#  -pflat 0.15 
#  -tl 0.99 
#  -winit 8 
# 
# UBCSAT default output: 
#    'ubcsat -r out null' to suppress, 'ubcsat -hc' for customization help
# 
# 
# Output Columns: |run|found|best|beststep|steps|
# 
# run: Run Number
# found: Target Solution Quality Found? (1 => yes)
# best: Best (Lowest) # of False Clauses Found
# beststep: Step of Best (Lowest) # of False Clauses Found
# steps: Total Number of Search Steps
# 
#       F  Best                 Step                Total 
#   Run N Sol'n                   of               Search 
#   No. D Found                 Best                Steps 
# 
      1 1     0                   88                   88
# 
# Solution found for -target 0

v  -1 -2 3 -4 -5 -6 -7 -8 9 -10 0
v  -11 -12 -13 -14 15 16 -17 -18 -19 -20 0
v  -21 22 -23 -24 -25 26 -27 -28 -29 -30 0
v  -31 32 -33 -34 -35 -36 -37 38 -39 -40 0
v  -41 -42 -43 44 -45 -46 -47 -48 -49 50 0
v  -51 -52 -53 54 -55 -56 -57 -58 -59 60 0
v  61 -62 -63 -64 -65 -66 67 -68 -69 -70 0
v  -71 -72 73 -74 -75 -76 77 -78 -79 -80 0
v  -81 -82 83 -84 -85 -86 -87 -88 89 -90 0
v  -91 -92 -93 -94 95 96 -97 -98 -99 -100 0
v  -101 -102 -103 -104 105 106 -107 -108 -109 -110 0
v  -111 112 -113 -114 -115 -116 -117 118 -119 -120 0
v  -121 -122 -123 124 -125 0


Variables = 125
Clauses = 545
TotalLiterals = 1075
TotalCPUTimeElapsed = 0.000     
FlipsPerSecond = inf    
RunsExecuted = 1
SuccessfulRuns = 1
PercentSuccess = 100.00
Steps_Mean = 88
Steps_CoeffVariance = 0
Steps_Median = 88
CPUTime_Mean = 0
CPUTime_CoeffVariance = 0
CPUTime_Median = 0


