# 
# UBCSAT version 1.2-b18 BETA -- avoid using for published results
# 
# http://ubcsat.dtompkins.com
# 
# ubcsat -h for help
# 
#  -alg ddfw
#  -runs 1 
#  -cutoff 1000000000 
#  -timeout 600 
#  -gtimeout 0 
#  -abstime 0
#  -systime 0
#  -timeres 1000 
#  -noimprove 0 
#  -earlysteps 0 
#  -earlyqual 0 
#  -earlywqual 0 
#  -strikes 0 
#  -target 0 
#  -wtarget 0 
#  -seed 243291156 
#  -solve 1
#  -find,-numsol 1 
#  -findunique 0 
#  -srestart 0 
#  -prestart 0 
#  -drestart 0 
# 
#  -pflat 0.15 
#  -tl 0.99 
#  -winit 8 
# 
# UBCSAT default output: 
#    'ubcsat -r out null' to suppress, 'ubcsat -hc' for customization help
# 
# 
# Output Columns: |run|found|best|beststep|steps|
# 
# run: Run Number
# found: Target Solution Quality Found? (1 => yes)
# best: Best (Lowest) # of False Clauses Found
# beststep: Step of Best (Lowest) # of False Clauses Found
# steps: Total Number of Search Steps
# 
#       F  Best                 Step                Total 
#   Run N Sol'n                   of               Search 
#   No. D Found                 Best                Steps 
# 
      1 1     0                 6928                 6928
# 
# Solution found for -target 0

v  -1 -2 -3 -4 5 -6 -7 -8 -9 -10 0
v  -11 -12 13 -14 -15 -16 -17 -18 -19 -20 0
v  21 22 -23 -24 -25 -26 -27 -28 -29 30 0
v  -31 -32 -33 -34 -35 -36 -37 38 -39 -40 0
v  -41 -42 -43 -44 -45 46 -47 -48 -49 -50 0
v  51 -52 -53 -54 -55 -56 -57 -58 59 -60 0
v  -61 -62 -63 -64 -65 -66 67 -68 -69 -70 0
v  -71 -72 -73 -74 75 -76 -77 -78 -79 -80 0
v  -81 -82 83 -84 -85 -86 -87 -88 -89 -90 0
v  91 92 -93 -94 -95 -96 -97 -98 -99 -100 0
v  -101 -102 -103 104 -105 -106 -107 -108 -109 -110 0
v  -111 112 113 -114 -115 -116 -117 -118 -119 -120 0
v  121 -122 -123 -124 -125 -126 -127 -128 129 -130 0
v  -131 -132 -133 -134 -135 -136 137 -138 -139 -140 0
v  -141 -142 -143 -144 145 -146 -147 -148 -149 150 0
v  -151 -152 -153 -154 -155 -156 -157 158 -159 -160 0
v  -161 -162 -163 -164 -165 166 -167 -168 -169 -170 0
v  -171 -172 -173 174 -175 -176 -177 -178 -179 -180 0
v  -181 182 183 -184 -185 -186 -187 -188 -189 -190 0
v  191 -192 -193 -194 -195 -196 -197 -198 -199 -200 0
v  -201 -202 203 204 -205 -206 -207 -208 -209 -210 0
v  -211 212 -213 -214 -215 -216 -217 -218 -219 220 0
v  -221 -222 -223 -224 -225 -226 -227 228 -229 -230 0
v  -231 -232 -233 -234 -235 236 -237 -238 -239 -240 0
v  -241 -242 -243 244 -245 -246 -247 -248 249 -250 0
v  -251 -252 -253 -254 -255 -256 257 -258 -259 -260 0
v  -261 -262 -263 -264 265 -266 -267 -268 -269 -270 0
v  -271 -272 273 274 -275 -276 -277 -278 -279 -280 0
v  -281 282 -283 -284 -285 -286 -287 -288 -289 290 0
v  -291 -292 -293 -294 295 -296 -297 -298 -299 -300 0
v  -301 -302 303 -304 -305 -306 -307 -308 -309 -310 0
v  311 -312 -313 -314 -315 -316 -317 -318 319 -320 0
v  -321 -322 -323 -324 -325 -326 327 -328 -329 -330 0
v  -331 -332 -333 -334 335 -336 -337 -338 -339 -340 0
v  -341 -342 343 0


Variables = 343
Clauses = 2688
TotalLiterals = 5453
TotalCPUTimeElapsed = 0.020     
FlipsPerSecond = 346400 
RunsExecuted = 1
SuccessfulRuns = 1
PercentSuccess = 100.00
Steps_Mean = 6928
Steps_CoeffVariance = 0
Steps_Median = 6928
CPUTime_Mean = 0.02
CPUTime_CoeffVariance = 0
CPUTime_Median = 0.02


