Using the degeneracy ordering...
instance information: #node=425, #edge=8688 density= 0.0964
initial clique size: 15

Current MaxClique Size=16 0
Max Clique Size: 16
Clique Output: 31 32 38 44 57 68 89 95 284 316 349 351 354 356 358 363
Current MaxClique Size=17 0
Max Clique Size: 17
Clique Output: 30 31 32 38 44 57 68 89 95 284 316 349 351 354 356 358 363
Current MaxClique Size=18 0
Max Clique Size: 18
Clique Output: 29 30 31 32 38 44 57 68 89 95 284 316 349 351 354 356 358 363
Current MaxClique Size=19 0
Max Clique Size: 19
Clique Output: 28 29 30 31 32 38 44 57 68 89 95 284 316 349 351 354 356 358 363
Current MaxClique Size=20 0
Max Clique Size: 20
Clique Output: 27 28 29 30 31 32 38 44 57 68 89 95 284 316 349 351 354 356 358 363
Current MaxClique Size=21 0
Max Clique Size: 21
Clique Output: 26 27 28 29 30 31 32 38 44 57 68 89 95 284 316 349 351 354 356 358 363
Current MaxClique Size=22 0
Max Clique Size: 22
Clique Output: 25 26 27 28 29 30 31 32 38 44 57 68 89 95 284 316 349 351 354 356 358 363
Current MaxClique Size=23 0
Max Clique Size: 23
Clique Output: 24 25 26 27 28 29 30 31 32 38 44 57 68 89 95 284 316 349 351 354 356 358 363
Current MaxClique Size=24 0
Max Clique Size: 24
Clique Output: 23 24 25 26 27 28 29 30 31 32 38 44 57 68 89 95 284 316 349 351 354 356 358 363
Current MaxClique Size=25 0
Max Clique Size: 25
Clique Output: 22 23 24 25 26 27 28 29 30 31 32 38 44 57 68 89 95 284 316 349 351 354 356 358 363
Current MaxClique Size=26 0
Max Clique Size: 26
Clique Output: 21 22 23 24 25 26 27 28 29 30 31 32 38 44 57 68 89 95 284 316 349 351 354 356 358 363
Current MaxClique Size=27 0
Max Clique Size: 27
Clique Output: 20 21 22 23 24 25 26 27 28 29 30 31 32 38 44 57 68 89 95 284 316 349 351 354 356 358 363
Current MaxClique Size=28 0
Max Clique Size: 28
Clique Output: 19 20 21 22 23 24 25 26 27 28 29 30 31 32 38 44 57 68 89 95 284 316 349 351 354 356 358 363
Current MaxClique Size=29 0
Max Clique Size: 29
Clique Output: 18 19 20 21 22 23 24 25 26 27 28 29 30 31 32 38 44 57 68 89 95 284 316 349 351 354 356 358 363
Current MaxClique Size=30 0
Max Clique Size: 30
Clique Output: 17 18 19 20 21 22 23 24 25 26 27 28 29 30 31 32 38 44 57 68 89 95 284 316 349 351 354 356 358 363
Max Clique Size: 30
Clique Output: 17 18 19 20 21 22 23 24 25 26 27 28 29 30 31 32 38 44 57 68 89 95 284 316 349 351 354 356 358 363
Program terminated in 0 seconds.
NewIncMaxCLQ graphs/fpsol2.i.3.col 425 8688 0.0964 0 0 30 677 0
