Using the degeneracy ordering...
instance information: #node=74, #edge=301 density= 0.1114
initial clique size: 5

Current MaxClique Size=6 0
Max Clique Size: 6
Clique Output: 29 40 49 50 55 59
Current MaxClique Size=7 0
Max Clique Size: 7
Clique Output: 25 29 40 49 50 55 59
Current MaxClique Size=8 0
Max Clique Size: 8
Clique Output: 13 25 29 40 49 50 55 59
Current MaxClique Size=9 0
Max Clique Size: 9
Clique Output: 11 13 25 29 40 49 50 55 59
Current MaxClique Size=10 0
Max Clique Size: 10
Clique Output: 5 11 13 25 29 40 49 50 55 59
Current MaxClique Size=11 0
Max Clique Size: 11
Clique Output: 1 5 11 13 25 29 40 49 50 55 59
Max Clique Size: 11
Clique Output: 1 5 11 13 25 29 40 49 50 55 59
Program terminated in 0 seconds.
NewIncMaxCLQ graphs/huck.col 74 301 0.1114 0 0 11 68 0
