Using the degeneracy ordering...
instance information: #node=864, #edge=18707 density= 0.0502
initial clique size: 35

Current MaxClique Size=36 0
Max Clique Size: 36
Clique Output: 43 46 54 55 56 63 64 65 73 74 75 76 77 78 79 80 90 95 102 105 108 109 209 238 334 384 393 397 400 401 402 404 405 425 428 435
Current MaxClique Size=37 0
Max Clique Size: 37
Clique Output: 41 43 46 54 55 56 63 64 65 73 74 75 76 77 78 79 80 90 95 102 105 108 109 209 238 334 384 393 397 400 401 402 404 405 425 428 435
Current MaxClique Size=38 0
Max Clique Size: 38
Clique Output: 40 41 43 46 54 55 56 63 64 65 73 74 75 76 77 78 79 80 90 95 102 105 108 109 209 238 334 384 393 397 400 401 402 404 405 425 428 435
Current MaxClique Size=39 0
Max Clique Size: 39
Clique Output: 32 40 41 43 46 54 55 56 63 64 65 73 74 75 76 77 78 79 80 90 95 102 105 108 109 209 238 334 384 393 397 400 401 402 404 405 425 428 435
Current MaxClique Size=40 0
Max Clique Size: 40
Clique Output: 31 32 40 41 43 46 54 55 56 63 64 65 73 74 75 76 77 78 79 80 90 95 102 105 108 109 209 238 334 384 393 397 400 401 402 404 405 425 428 435
Current MaxClique Size=41 0
Max Clique Size: 41
Clique Output: 30 31 32 40 41 43 46 54 55 56 63 64 65 73 74 75 76 77 78 79 80 90 95 102 105 108 109 209 238 334 384 393 397 400 401 402 404 405 425 428 435
Current MaxClique Size=42 0
Max Clique Size: 42
Clique Output: 29 30 31 32 40 41 43 46 54 55 56 63 64 65 73 74 75 76 77 78 79 80 90 95 102 105 108 109 209 238 334 384 393 397 400 401 402 404 405 425 428 435
Current MaxClique Size=43 0
Max Clique Size: 43
Clique Output: 28 29 30 31 32 40 41 43 46 54 55 56 63 64 65 73 74 75 76 77 78 79 80 90 95 102 105 108 109 209 238 334 384 393 397 400 401 402 404 405 425 428 435
Current MaxClique Size=44 0
Max Clique Size: 44
Clique Output: 27 28 29 30 31 32 40 41 43 46 54 55 56 63 64 65 73 74 75 76 77 78 79 80 90 95 102 105 108 109 209 238 334 384 393 397 400 401 402 404 405 425 428 435
Current MaxClique Size=45 0
Max Clique Size: 45
Clique Output: 26 27 28 29 30 31 32 40 41 43 46 54 55 56 63 64 65 73 74 75 76 77 78 79 80 90 95 102 105 108 109 209 238 334 384 393 397 400 401 402 404 405 425 428 435
Current MaxClique Size=46 0
Max Clique Size: 46
Clique Output: 25 26 27 28 29 30 31 32 40 41 43 46 54 55 56 63 64 65 73 74 75 76 77 78 79 80 90 95 102 105 108 109 209 238 334 384 393 397 400 401 402 404 405 425 428 435
Current MaxClique Size=47 0
Max Clique Size: 47
Clique Output: 24 25 26 27 28 29 30 31 32 40 41 43 46 54 55 56 63 64 65 73 74 75 76 77 78 79 80 90 95 102 105 108 109 209 238 334 384 393 397 400 401 402 404 405 425 428 435
Current MaxClique Size=48 0
Max Clique Size: 48
Clique Output: 23 24 25 26 27 28 29 30 31 32 40 41 43 46 54 55 56 63 64 65 73 74 75 76 77 78 79 80 90 95 102 105 108 109 209 238 334 384 393 397 400 401 402 404 405 425 428 435
Current MaxClique Size=49 0
Max Clique Size: 49
Clique Output: 22 23 24 25 26 27 28 29 30 31 32 40 41 43 46 54 55 56 63 64 65 73 74 75 76 77 78 79 80 90 95 102 105 108 109 209 238 334 384 393 397 400 401 402 404 405 425 428 435
Current MaxClique Size=50 0
Max Clique Size: 50
Clique Output: 21 22 23 24 25 26 27 28 29 30 31 32 40 41 43 46 54 55 56 63 64 65 73 74 75 76 77 78 79 80 90 95 102 105 108 109 209 238 334 384 393 397 400 401 402 404 405 425 428 435
Current MaxClique Size=51 0
Max Clique Size: 51
Clique Output: 20 21 22 23 24 25 26 27 28 29 30 31 32 40 41 43 46 54 55 56 63 64 65 73 74 75 76 77 78 79 80 90 95 102 105 108 109 209 238 334 384 393 397 400 401 402 404 405 425 428 435
Current MaxClique Size=52 0
Max Clique Size: 52
Clique Output: 19 20 21 22 23 24 25 26 27 28 29 30 31 32 40 41 43 46 54 55 56 63 64 65 73 74 75 76 77 78 79 80 90 95 102 105 108 109 209 238 334 384 393 397 400 401 402 404 405 425 428 435
Current MaxClique Size=53 0
Max Clique Size: 53
Clique Output: 18 19 20 21 22 23 24 25 26 27 28 29 30 31 32 40 41 43 46 54 55 56 63 64 65 73 74 75 76 77 78 79 80 90 95 102 105 108 109 209 238 334 384 393 397 400 401 402 404 405 425 428 435
Current MaxClique Size=54 0
Max Clique Size: 54
Clique Output: 17 18 19 20 21 22 23 24 25 26 27 28 29 30 31 32 40 41 43 46 54 55 56 63 64 65 73 74 75 76 77 78 79 80 90 95 102 105 108 109 209 238 334 384 393 397 400 401 402 404 405 425 428 435
Max Clique Size: 54
Clique Output: 17 18 19 20 21 22 23 24 25 26 27 28 29 30 31 32 40 41 43 46 54 55 56 63 64 65 73 74 75 76 77 78 79 80 90 95 102 105 108 109 209 238 334 384 393 397 400 401 402 404 405 425 428 435
Program terminated in 0 seconds.
NewIncMaxCLQ graphs/inithx.i.1.col 864 18707 0.0502 0 0 54 1309 0
