Using the degeneracy ordering...
instance information: #node=450, #edge=8263 density= 0.0818
initial clique size: 13

Current MaxClique Size=14 0
Max Clique Size: 14
Clique Output: 236 245 255 297 303 317 339 365 381 399 408 423 432 434
Current MaxClique Size=15 0
Max Clique Size: 15
Clique Output: 194 236 245 255 297 303 317 339 365 381 399 408 423 432 434
Current MaxClique Size=16 0
Max Clique Size: 16
Clique Output: 188 194 236 245 255 297 303 317 339 365 381 399 408 423 432 434
Current MaxClique Size=17 0
Max Clique Size: 17
Clique Output: 162 188 194 236 245 255 297 303 317 339 365 381 399 408 423 432 434
Current MaxClique Size=18 0
Max Clique Size: 18
Clique Output: 152 162 188 194 236 245 255 297 303 317 339 365 381 399 408 423 432 434
Current MaxClique Size=19 0
Max Clique Size: 19
Clique Output: 141 152 162 188 194 236 245 255 297 303 317 339 365 381 399 408 423 432 434
Current MaxClique Size=20 0
Max Clique Size: 20
Clique Output: 129 141 152 162 188 194 236 245 255 297 303 317 339 365 381 399 408 423 432 434
Current MaxClique Size=21 0
Max Clique Size: 21
Clique Output: 126 129 141 152 162 188 194 236 245 255 297 303 317 339 365 381 399 408 423 432 434
Current MaxClique Size=22 0
Max Clique Size: 22
Clique Output: 121 126 129 141 152 162 188 194 236 245 255 297 303 317 339 365 381 399 408 423 432 434
Current MaxClique Size=23 0
Max Clique Size: 23
Clique Output: 75 121 126 129 141 152 162 188 194 236 245 255 297 303 317 339 365 381 399 408 423 432 434
Current MaxClique Size=24 0
Max Clique Size: 24
Clique Output: 60 75 121 126 129 141 152 162 188 194 236 245 255 297 303 317 339 365 381 399 408 423 432 434
Current MaxClique Size=25 0
Max Clique Size: 25
Clique Output: 18 60 75 121 126 129 141 152 162 188 194 236 245 255 297 303 317 339 365 381 399 408 423 432 434
Max Clique Size: 25
Clique Output: 18 60 75 121 126 129 141 152 162 188 194 236 245 255 297 303 317 339 365 381 399 408 423 432 434
Program terminated in 0 seconds.
NewIncMaxCLQ graphs/le450_25b.col 450 8263 0.0818 0 0 25 596 0
