Using the degeneracy ordering...
instance information: #node=450, #edge=8169 density= 0.0809
initial clique size: 8

Current MaxClique Size=9 0
Max Clique Size: 9
Clique Output: 244 267 269 311 393 399 403 441 450
Current MaxClique Size=10 0
Max Clique Size: 10
Clique Output: 173 244 267 269 311 393 399 403 441 450
Current MaxClique Size=11 0
Max Clique Size: 11
Clique Output: 172 173 244 267 269 311 393 399 403 441 450
Current MaxClique Size=12 0
Max Clique Size: 12
Clique Output: 115 172 173 244 267 269 311 393 399 403 441 450
Current MaxClique Size=13 0
Max Clique Size: 13
Clique Output: 32 115 172 173 244 267 269 311 393 399 403 441 450
Current MaxClique Size=14 0
Max Clique Size: 14
Clique Output: 16 32 115 172 173 244 267 269 311 393 399 403 441 450
Current MaxClique Size=15 0
Max Clique Size: 15
Clique Output: 5 16 32 115 172 173 244 267 269 311 393 399 403 441 450
Max Clique Size: 15
Clique Output: 5 16 32 115 172 173 244 267 269 311 393 399 403 441 450
Program terminated in 0 seconds.
NewIncMaxCLQ graphs/le450_15b.col 450 8169 0.0809 0 0 15 480 0
