Using the degeneracy ordering...
instance information: #node=128, #edge=5198 density= 0.6395
initial clique size: 55

Current MaxClique Size=56 0
Max Clique Size: 56
Clique Output: 39 41 43 45 46 52 53 55 57 58 62 64 66 67 68 69 70 71 73 74 75 76 78 79 80 83 84 88 89 90 91 92 93 94 96 99 100 101 102 105 107 108 109 110 111 113 114 115 116 117 122 123 125 126 127 128
Current MaxClique Size=57 0
Max Clique Size: 57
Clique Output: 38 39 41 43 45 46 52 53 55 57 58 62 64 66 67 68 69 70 71 73 74 75 76 78 79 80 83 84 88 89 90 91 92 93 94 96 99 100 101 102 105 107 108 109 110 111 113 114 115 116 117 122 123 125 126 127 128
Current MaxClique Size=58 0
Max Clique Size: 58
Clique Output: 30 38 39 41 43 45 46 52 53 55 57 58 62 64 66 67 68 69 70 71 73 74 75 76 78 79 80 83 84 88 89 90 91 92 93 94 96 99 100 101 102 105 107 108 109 110 111 113 114 115 116 117 122 123 125 126 127 128
Current MaxClique Size=59 0
Max Clique Size: 59
Clique Output: 28 30 38 39 41 43 45 46 52 53 55 57 58 62 64 66 67 68 69 70 71 73 74 75 76 78 79 80 83 84 88 89 90 91 92 93 94 96 99 100 101 102 105 107 108 109 110 111 113 114 115 116 117 122 123 125 126 127 128
Current MaxClique Size=60 0
Max Clique Size: 60
Clique Output: 27 28 30 38 39 41 43 45 46 52 53 55 57 58 62 64 66 67 68 69 70 71 73 74 75 76 78 79 80 83 84 88 89 90 91 92 93 94 96 99 100 101 102 105 107 108 109 110 111 113 114 115 116 117 122 123 125 126 127 128
Current MaxClique Size=61 0
Max Clique Size: 61
Clique Output: 25 27 28 30 38 39 41 43 45 46 52 53 55 57 58 62 64 66 67 68 69 70 71 73 74 75 76 78 79 80 83 84 88 89 90 91 92 93 94 96 99 100 101 102 105 107 108 109 110 111 113 114 115 116 117 122 123 125 126 127 128
Current MaxClique Size=62 0
Max Clique Size: 62
Clique Output: 24 25 27 28 30 38 39 41 43 45 46 52 53 55 57 58 62 64 66 67 68 69 70 71 73 74 75 76 78 79 80 83 84 88 89 90 91 92 93 94 96 99 100 101 102 105 107 108 109 110 111 113 114 115 116 117 122 123 125 126 127 128
Current MaxClique Size=63 0
Max Clique Size: 63
Clique Output: 23 24 25 27 28 30 38 39 41 43 45 46 52 53 55 57 58 62 64 66 67 68 69 70 71 73 74 75 76 78 79 80 83 84 88 89 90 91 92 93 94 96 99 100 101 102 105 107 108 109 110 111 113 114 115 116 117 122 123 125 126 127 128
Current MaxClique Size=64 0
Max Clique Size: 64
Clique Output: 20 23 24 25 27 28 30 38 39 41 43 45 46 52 53 55 57 58 62 64 66 67 68 69 70 71 73 74 75 76 78 79 80 83 84 88 89 90 91 92 93 94 96 99 100 101 102 105 107 108 109 110 111 113 114 115 116 117 122 123 125 126 127 128
Current MaxClique Size=65 0
Max Clique Size: 65
Clique Output: 19 20 23 24 25 27 28 30 38 39 41 43 45 46 52 53 55 57 58 62 64 66 67 68 69 70 71 73 74 75 76 78 79 80 83 84 88 89 90 91 92 93 94 96 99 100 101 102 105 107 108 109 110 111 113 114 115 116 117 122 123 125 126 127 128
Current MaxClique Size=66 0
Max Clique Size: 66
Clique Output: 14 19 20 23 24 25 27 28 30 38 39 41 43 45 46 52 53 55 57 58 62 64 66 67 68 69 70 71 73 74 75 76 78 79 80 83 84 88 89 90 91 92 93 94 96 99 100 101 102 105 107 108 109 110 111 113 114 115 116 117 122 123 125 126 127 128
Current MaxClique Size=67 0
Max Clique Size: 67
Clique Output: 13 14 19 20 23 24 25 27 28 30 38 39 41 43 45 46 52 53 55 57 58 62 64 66 67 68 69 70 71 73 74 75 76 78 79 80 83 84 88 89 90 91 92 93 94 96 99 100 101 102 105 107 108 109 110 111 113 114 115 116 117 122 123 125 126 127 128
Current MaxClique Size=68 0
Max Clique Size: 68
Clique Output: 10 13 14 19 20 23 24 25 27 28 30 38 39 41 43 45 46 52 53 55 57 58 62 64 66 67 68 69 70 71 73 74 75 76 78 79 80 83 84 88 89 90 91 92 93 94 96 99 100 101 102 105 107 108 109 110 111 113 114 115 116 117 122 123 125 126 127 128
Current MaxClique Size=69 0
Max Clique Size: 69
Clique Output: 8 10 13 14 19 20 23 24 25 27 28 30 38 39 41 43 45 46 52 53 55 57 58 62 64 66 67 68 69 70 71 73 74 75 76 78 79 80 83 84 88 89 90 91 92 93 94 96 99 100 101 102 105 107 108 109 110 111 113 114 115 116 117 122 123 125 126 127 128
Current MaxClique Size=70 0
Max Clique Size: 70
Clique Output: 7 8 10 13 14 19 20 23 24 25 27 28 30 38 39 41 43 45 46 52 53 55 57 58 62 64 66 67 68 69 70 71 73 74 75 76 78 79 80 83 84 88 89 90 91 92 93 94 96 99 100 101 102 105 107 108 109 110 111 113 114 115 116 117 122 123 125 126 127 128
Current MaxClique Size=71 0
Max Clique Size: 71
Clique Output: 6 7 8 10 13 14 19 20 23 24 25 27 28 30 38 39 41 43 45 46 52 53 55 57 58 62 64 66 67 68 69 70 71 73 74 75 76 78 79 80 83 84 88 89 90 91 92 93 94 96 99 100 101 102 105 107 108 109 110 111 113 114 115 116 117 122 123 125 126 127 128
Current MaxClique Size=72 0
Max Clique Size: 72
Clique Output: 2 6 7 8 10 13 14 19 20 23 24 25 27 28 30 38 39 41 43 45 46 52 53 55 57 58 62 64 66 67 68 69 70 71 73 74 75 76 78 79 80 83 84 88 89 90 91 92 93 94 96 99 100 101 102 105 107 108 109 110 111 113 114 115 116 117 122 123 125 126 127 128
Current MaxClique Size=73 0
Max Clique Size: 73
Clique Output: 1 2 6 7 8 10 13 14 19 20 23 24 25 27 28 30 38 39 41 43 45 46 52 53 55 57 58 62 64 66 67 68 69 70 71 73 74 75 76 78 79 80 83 84 88 89 90 91 92 93 94 96 99 100 101 102 105 107 108 109 110 111 113 114 115 116 117 122 123 125 126 127 128
Max Clique Size: 73
Clique Output: 1 2 6 7 8 10 13 14 19 20 23 24 25 27 28 30 38 39 41 43 45 46 52 53 55 57 58 62 64 66 67 68 69 70 71 73 74 75 76 78 79 80 83 84 88 89 90 91 92 93 94 96 99 100 101 102 105 107 108 109 110 111 113 114 115 116 117 122 123 125 126 127 128
Program terminated in 0 seconds.
NewIncMaxCLQ graphs/miles1500.col 128 5198 0.6395 0 0 73 1210 0
