Using the degeneracy ordering...
instance information: #node=256, #edge=6320 density= 0.1936
initial clique size: 4

Current MaxClique Size=5 0
Max Clique Size: 5
Clique Output: 252 253 254 255 256
Current MaxClique Size=6 0
Max Clique Size: 6
Clique Output: 251 252 253 254 255 256
Current MaxClique Size=7 0
Max Clique Size: 7
Clique Output: 250 251 252 253 254 255 256
Current MaxClique Size=8 0
Max Clique Size: 8
Clique Output: 249 250 251 252 253 254 255 256
Current MaxClique Size=9 0
Max Clique Size: 9
Clique Output: 248 249 250 251 252 253 254 255 256
Current MaxClique Size=10 0
Max Clique Size: 10
Clique Output: 247 248 249 250 251 252 253 254 255 256
Current MaxClique Size=11 0
Max Clique Size: 11
Clique Output: 246 247 248 249 250 251 252 253 254 255 256
Current MaxClique Size=12 0
Max Clique Size: 12
Clique Output: 245 246 247 248 249 250 251 252 253 254 255 256
Current MaxClique Size=13 0
Max Clique Size: 13
Clique Output: 244 245 246 247 248 249 250 251 252 253 254 255 256
Current MaxClique Size=14 0
Max Clique Size: 14
Clique Output: 243 244 245 246 247 248 249 250 251 252 253 254 255 256
Current MaxClique Size=15 0
Max Clique Size: 15
Clique Output: 242 243 244 245 246 247 248 249 250 251 252 253 254 255 256
Current MaxClique Size=16 0
Max Clique Size: 16
Clique Output: 241 242 243 244 245 246 247 248 249 250 251 252 253 254 255 256
Max Clique Size: 16
Clique Output: 241 242 243 244 245 246 247 248 249 250 251 252 253 254 255 256
Program terminated in 0 seconds.
NewIncMaxCLQ graphs/queen16_16.col 256 6320 0.1936 0 0 16 329 0
