Using the degeneracy ordering...
instance information: #node=144, #edge=2596 density= 0.2521
initial clique size: 4

Current MaxClique Size=5 0
Max Clique Size: 5
Clique Output: 140 141 142 143 144
Current MaxClique Size=6 0
Max Clique Size: 6
Clique Output: 139 140 141 142 143 144
Current MaxClique Size=7 0
Max Clique Size: 7
Clique Output: 138 139 140 141 142 143 144
Current MaxClique Size=8 0
Max Clique Size: 8
Clique Output: 137 138 139 140 141 142 143 144
Current MaxClique Size=9 0
Max Clique Size: 9
Clique Output: 136 137 138 139 140 141 142 143 144
Current MaxClique Size=10 0
Max Clique Size: 10
Clique Output: 135 136 137 138 139 140 141 142 143 144
Current MaxClique Size=11 0
Max Clique Size: 11
Clique Output: 134 135 136 137 138 139 140 141 142 143 144
Current MaxClique Size=12 0
Max Clique Size: 12
Clique Output: 133 134 135 136 137 138 139 140 141 142 143 144
Max Clique Size: 12
Clique Output: 133 134 135 136 137 138 139 140 141 142 143 144
Program terminated in 0 seconds.
NewIncMaxCLQ graphs/queen12_12.col 144 2596 0.2521 0 0 12 180 0
