Using the degeneracy ordering...
instance information: #node=1000, #edge=238267 density= 0.4770
initial clique size: 198

Current MaxClique Size=199 0
Max Clique Size: 199
Clique Output: 128 130 139 148 157 160 162 168 172 177 180 184 190 191 199 205 206 212 213 217 219 222 226 231 234 237 247 248 251 252 253 257 260 265 272 273 274 280 287 290 310 318 320 322 328 329 332 334 340 343 344 361 368 370 375 378 381 383 389 397 402 403 413 419 420 426 440 441 444 446 449 451 452 453 458 462 465 472 476 482 488 489 490 491 492 497 498 500 510 513 516 523 534 535 537 538 543 552 555 557 558 559 567 569 572 576 583 587 589 594 596 597 604 610 613 614 618 622 623 624 626 627 628 629 631 643 648 654 660 661 665 668 669 680 687 692 703 711 713 714 715 724 726 730 735 743 749 750 754 755 756 762 768 774 777 787 788 795 800 809 813 815 817 824 825 843 844 848 851 853 854 859 861 865 873 879 881 888 893 897 903 906 907 913 915 916 921 924 935 938 946 948 959 973 982 991 993 994 998
Current MaxClique Size=200 0
Max Clique Size: 200
Clique Output: 122 128 130 139 148 157 160 162 168 172 177 180 184 190 191 199 205 206 212 213 217 219 222 226 231 234 237 247 248 251 252 253 257 260 265 272 273 274 280 287 290 310 318 320 322 328 329 332 334 340 343 344 361 368 370 375 378 381 383 389 397 402 403 413 419 420 426 440 441 444 446 449 451 452 453 458 462 465 472 476 482 488 489 490 491 492 497 498 500 510 513 516 523 534 535 537 538 543 552 555 557 558 559 567 569 572 576 583 587 589 594 596 597 604 610 613 614 618 622 623 624 626 627 628 629 631 643 648 654 660 661 665 668 669 680 687 692 703 711 713 714 715 724 726 730 735 743 749 750 754 755 756 762 768 774 777 787 788 795 800 809 813 815 817 824 825 843 844 848 851 853 854 859 861 865 873 879 881 888 893 897 903 906 907 913 915 916 921 924 935 938 946 948 959 973 982 991 993 994 998
Current MaxClique Size=201 0
Max Clique Size: 201
Clique Output: 112 122 128 130 139 148 157 160 162 168 172 177 180 184 190 191 199 205 206 212 213 217 219 222 226 231 234 237 247 248 251 252 253 257 260 265 272 273 274 280 287 290 310 318 320 322 328 329 332 334 340 343 344 361 368 370 375 378 381 383 389 397 402 403 413 419 420 426 440 441 444 446 449 451 452 453 458 462 465 472 476 482 488 489 490 491 492 497 498 500 510 513 516 523 534 535 537 538 543 552 555 557 558 559 567 569 572 576 583 587 589 594 596 597 604 610 613 614 618 622 623 624 626 627 628 629 631 643 648 654 660 661 665 668 669 680 687 692 703 711 713 714 715 724 726 730 735 743 749 750 754 755 756 762 768 774 777 787 788 795 800 809 813 815 817 824 825 843 844 848 851 853 854 859 861 865 873 879 881 888 893 897 903 906 907 913 915 916 921 924 935 938 946 948 959 973 982 991 993 994 998
Current MaxClique Size=202 0
Max Clique Size: 202
Clique Output: 106 112 122 128 130 139 148 157 160 162 168 172 177 180 184 190 191 199 205 206 212 213 217 219 222 226 231 234 237 247 248 251 252 253 257 260 265 272 273 274 280 287 290 310 318 320 322 328 329 332 334 340 343 344 361 368 370 375 378 381 383 389 397 402 403 413 419 420 426 440 441 444 446 449 451 452 453 458 462 465 472 476 482 488 489 490 491 492 497 498 500 510 513 516 523 534 535 537 538 543 552 555 557 558 559 567 569 572 576 583 587 589 594 596 597 604 610 613 614 618 622 623 624 626 627 628 629 631 643 648 654 660 661 665 668 669 680 687 692 703 711 713 714 715 724 726 730 735 743 749 750 754 755 756 762 768 774 777 787 788 795 800 809 813 815 817 824 825 843 844 848 851 853 854 859 861 865 873 879 881 888 893 897 903 906 907 913 915 916 921 924 935 938 946 948 959 973 982 991 993 994 998
Current MaxClique Size=203 0
Max Clique Size: 203
Clique Output: 104 106 112 122 128 130 139 148 157 160 162 168 172 177 180 184 190 191 199 205 206 212 213 217 219 222 226 231 234 237 247 248 251 252 253 257 260 265 272 273 274 280 287 290 310 318 320 322 328 329 332 334 340 343 344 361 368 370 375 378 381 383 389 397 402 403 413 419 420 426 440 441 444 446 449 451 452 453 458 462 465 472 476 482 488 489 490 491 492 497 498 500 510 513 516 523 534 535 537 538 543 552 555 557 558 559 567 569 572 576 583 587 589 594 596 597 604 610 613 614 618 622 623 624 626 627 628 629 631 643 648 654 660 661 665 668 669 680 687 692 703 711 713 714 715 724 726 730 735 743 749 750 754 755 756 762 768 774 777 787 788 795 800 809 813 815 817 824 825 843 844 848 851 853 854 859 861 865 873 879 881 888 893 897 903 906 907 913 915 916 921 924 935 938 946 948 959 973 982 991 993 994 998
Current MaxClique Size=204 0
Max Clique Size: 204
Clique Output: 102 104 106 112 122 128 130 139 148 157 160 162 168 172 177 180 184 190 191 199 205 206 212 213 217 219 222 226 231 234 237 247 248 251 252 253 257 260 265 272 273 274 280 287 290 310 318 320 322 328 329 332 334 340 343 344 361 368 370 375 378 381 383 389 397 402 403 413 419 420 426 440 441 444 446 449 451 452 453 458 462 465 472 476 482 488 489 490 491 492 497 498 500 510 513 516 523 534 535 537 538 543 552 555 557 558 559 567 569 572 576 583 587 589 594 596 597 604 610 613 614 618 622 623 624 626 627 628 629 631 643 648 654 660 661 665 668 669 680 687 692 703 711 713 714 715 724 726 730 735 743 749 750 754 755 756 762 768 774 777 787 788 795 800 809 813 815 817 824 825 843 844 848 851 853 854 859 861 865 873 879 881 888 893 897 903 906 907 913 915 916 921 924 935 938 946 948 959 973 982 991 993 994 998
Current MaxClique Size=205 0
Max Clique Size: 205
Clique Output: 96 102 104 106 112 122 128 130 139 148 157 160 162 168 172 177 180 184 190 191 199 205 206 212 213 217 219 222 226 231 234 237 247 248 251 252 253 257 260 265 272 273 274 280 287 290 310 318 320 322 328 329 332 334 340 343 344 361 368 370 375 378 381 383 389 397 402 403 413 419 420 426 440 441 444 446 449 451 452 453 458 462 465 472 476 482 488 489 490 491 492 497 498 500 510 513 516 523 534 535 537 538 543 552 555 557 558 559 567 569 572 576 583 587 589 594 596 597 604 610 613 614 618 622 623 624 626 627 628 629 631 643 648 654 660 661 665 668 669 680 687 692 703 711 713 714 715 724 726 730 735 743 749 750 754 755 756 762 768 774 777 787 788 795 800 809 813 815 817 824 825 843 844 848 851 853 854 859 861 865 873 879 881 888 893 897 903 906 907 913 915 916 921 924 935 938 946 948 959 973 982 991 993 994 998
Current MaxClique Size=206 0
Max Clique Size: 206
Clique Output: 92 96 102 104 106 112 122 128 130 139 148 157 160 162 168 172 177 180 184 190 191 199 205 206 212 213 217 219 222 226 231 234 237 247 248 251 252 253 257 260 265 272 273 274 280 287 290 310 318 320 322 328 329 332 334 340 343 344 361 368 370 375 378 381 383 389 397 402 403 413 419 420 426 440 441 444 446 449 451 452 453 458 462 465 472 476 482 488 489 490 491 492 497 498 500 510 513 516 523 534 535 537 538 543 552 555 557 558 559 567 569 572 576 583 587 589 594 596 597 604 610 613 614 618 622 623 624 626 627 628 629 631 643 648 654 660 661 665 668 669 680 687 692 703 711 713 714 715 724 726 730 735 743 749 750 754 755 756 762 768 774 777 787 788 795 800 809 813 815 817 824 825 843 844 848 851 853 854 859 861 865 873 879 881 888 893 897 903 906 907 913 915 916 921 924 935 938 946 948 959 973 982 991 993 994 998
Current MaxClique Size=207 0
Max Clique Size: 207
Clique Output: 91 92 96 102 104 106 112 122 128 130 139 148 157 160 162 168 172 177 180 184 190 191 199 205 206 212 213 217 219 222 226 231 234 237 247 248 251 252 253 257 260 265 272 273 274 280 287 290 310 318 320 322 328 329 332 334 340 343 344 361 368 370 375 378 381 383 389 397 402 403 413 419 420 426 440 441 444 446 449 451 452 453 458 462 465 472 476 482 488 489 490 491 492 497 498 500 510 513 516 523 534 535 537 538 543 552 555 557 558 559 567 569 572 576 583 587 589 594 596 597 604 610 613 614 618 622 623 624 626 627 628 629 631 643 648 654 660 661 665 668 669 680 687 692 703 711 713 714 715 724 726 730 735 743 749 750 754 755 756 762 768 774 777 787 788 795 800 809 813 815 817 824 825 843 844 848 851 853 854 859 861 865 873 879 881 888 893 897 903 906 907 913 915 916 921 924 935 938 946 948 959 973 982 991 993 994 998
Current MaxClique Size=208 0
Max Clique Size: 208
Clique Output: 89 91 92 96 102 104 106 112 122 128 130 139 148 157 160 162 168 172 177 180 184 190 191 199 205 206 212 213 217 219 222 226 231 234 237 247 248 251 252 253 257 260 265 272 273 274 280 287 290 310 318 320 322 328 329 332 334 340 343 344 361 368 370 375 378 381 383 389 397 402 403 413 419 420 426 440 441 444 446 449 451 452 453 458 462 465 472 476 482 488 489 490 491 492 497 498 500 510 513 516 523 534 535 537 538 543 552 555 557 558 559 567 569 572 576 583 587 589 594 596 597 604 610 613 614 618 622 623 624 626 627 628 629 631 643 648 654 660 661 665 668 669 680 687 692 703 711 713 714 715 724 726 730 735 743 749 750 754 755 756 762 768 774 777 787 788 795 800 809 813 815 817 824 825 843 844 848 851 853 854 859 861 865 873 879 881 888 893 897 903 906 907 913 915 916 921 924 935 938 946 948 959 973 982 991 993 994 998
Current MaxClique Size=209 0
Max Clique Size: 209
Clique Output: 85 89 91 92 96 102 104 106 112 122 128 130 139 148 157 160 162 168 172 177 180 184 190 191 199 205 206 212 213 217 219 222 226 231 234 237 247 248 251 252 253 257 260 265 272 273 274 280 287 290 310 318 320 322 328 329 332 334 340 343 344 361 368 370 375 378 381 383 389 397 402 403 413 419 420 426 440 441 444 446 449 451 452 453 458 462 465 472 476 482 488 489 490 491 492 497 498 500 510 513 516 523 534 535 537 538 543 552 555 557 558 559 567 569 572 576 583 587 589 594 596 597 604 610 613 614 618 622 623 624 626 627 628 629 631 643 648 654 660 661 665 668 669 680 687 692 703 711 713 714 715 724 726 730 735 743 749 750 754 755 756 762 768 774 777 787 788 795 800 809 813 815 817 824 825 843 844 848 851 853 854 859 861 865 873 879 881 888 893 897 903 906 907 913 915 916 921 924 935 938 946 948 959 973 982 991 993 994 998
Current MaxClique Size=210 0
Max Clique Size: 210
Clique Output: 73 85 89 91 92 96 102 104 106 112 122 128 130 139 148 157 160 162 168 172 177 180 184 190 191 199 205 206 212 213 217 219 222 226 231 234 237 247 248 251 252 253 257 260 265 272 273 274 280 287 290 310 318 320 322 328 329 332 334 340 343 344 361 368 370 375 378 381 383 389 397 402 403 413 419 420 426 440 441 444 446 449 451 452 453 458 462 465 472 476 482 488 489 490 491 492 497 498 500 510 513 516 523 534 535 537 538 543 552 555 557 558 559 567 569 572 576 583 587 589 594 596 597 604 610 613 614 618 622 623 624 626 627 628 629 631 643 648 654 660 661 665 668 669 680 687 692 703 711 713 714 715 724 726 730 735 743 749 750 754 755 756 762 768 774 777 787 788 795 800 809 813 815 817 824 825 843 844 848 851 853 854 859 861 865 873 879 881 888 893 897 903 906 907 913 915 916 921 924 935 938 946 948 959 973 982 991 993 994 998
Current MaxClique Size=211 0
Max Clique Size: 211
Clique Output: 71 73 85 89 91 92 96 102 104 106 112 122 128 130 139 148 157 160 162 168 172 177 180 184 190 191 199 205 206 212 213 217 219 222 226 231 234 237 247 248 251 252 253 257 260 265 272 273 274 280 287 290 310 318 320 322 328 329 332 334 340 343 344 361 368 370 375 378 381 383 389 397 402 403 413 419 420 426 440 441 444 446 449 451 452 453 458 462 465 472 476 482 488 489 490 491 492 497 498 500 510 513 516 523 534 535 537 538 543 552 555 557 558 559 567 569 572 576 583 587 589 594 596 597 604 610 613 614 618 622 623 624 626 627 628 629 631 643 648 654 660 661 665 668 669 680 687 692 703 711 713 714 715 724 726 730 735 743 749 750 754 755 756 762 768 774 777 787 788 795 800 809 813 815 817 824 825 843 844 848 851 853 854 859 861 865 873 879 881 888 893 897 903 906 907 913 915 916 921 924 935 938 946 948 959 973 982 991 993 994 998
Current MaxClique Size=212 0
Max Clique Size: 212
Clique Output: 58 71 73 85 89 91 92 96 102 104 106 112 122 128 130 139 148 157 160 162 168 172 177 180 184 190 191 199 205 206 212 213 217 219 222 226 231 234 237 247 248 251 252 253 257 260 265 272 273 274 280 287 290 310 318 320 322 328 329 332 334 340 343 344 361 368 370 375 378 381 383 389 397 402 403 413 419 420 426 440 441 444 446 449 451 452 453 458 462 465 472 476 482 488 489 490 491 492 497 498 500 510 513 516 523 534 535 537 538 543 552 555 557 558 559 567 569 572 576 583 587 589 594 596 597 604 610 613 614 618 622 623 624 626 627 628 629 631 643 648 654 660 661 665 668 669 680 687 692 703 711 713 714 715 724 726 730 735 743 749 750 754 755 756 762 768 774 777 787 788 795 800 809 813 815 817 824 825 843 844 848 851 853 854 859 861 865 873 879 881 888 893 897 903 906 907 913 915 916 921 924 935 938 946 948 959 973 982 991 993 994 998
Current MaxClique Size=213 0
Max Clique Size: 213
Clique Output: 57 58 71 73 85 89 91 92 96 102 104 106 112 122 128 130 139 148 157 160 162 168 172 177 180 184 190 191 199 205 206 212 213 217 219 222 226 231 234 237 247 248 251 252 253 257 260 265 272 273 274 280 287 290 310 318 320 322 328 329 332 334 340 343 344 361 368 370 375 378 381 383 389 397 402 403 413 419 420 426 440 441 444 446 449 451 452 453 458 462 465 472 476 482 488 489 490 491 492 497 498 500 510 513 516 523 534 535 537 538 543 552 555 557 558 559 567 569 572 576 583 587 589 594 596 597 604 610 613 614 618 622 623 624 626 627 628 629 631 643 648 654 660 661 665 668 669 680 687 692 703 711 713 714 715 724 726 730 735 743 749 750 754 755 756 762 768 774 777 787 788 795 800 809 813 815 817 824 825 843 844 848 851 853 854 859 861 865 873 879 881 888 893 897 903 906 907 913 915 916 921 924 935 938 946 948 959 973 982 991 993 994 998
Current MaxClique Size=214 0
Max Clique Size: 214
Clique Output: 45 57 58 71 73 85 89 91 92 96 102 104 106 112 122 128 130 139 148 157 160 162 168 172 177 180 184 190 191 199 205 206 212 213 217 219 222 226 231 234 237 247 248 251 252 253 257 260 265 272 273 274 280 287 290 310 318 320 322 328 329 332 334 340 343 344 361 368 370 375 378 381 383 389 397 402 403 413 419 420 426 440 441 444 446 449 451 452 453 458 462 465 472 476 482 488 489 490 491 492 497 498 500 510 513 516 523 534 535 537 538 543 552 555 557 558 559 567 569 572 576 583 587 589 594 596 597 604 610 613 614 618 622 623 624 626 627 628 629 631 643 648 654 660 661 665 668 669 680 687 692 703 711 713 714 715 724 726 730 735 743 749 750 754 755 756 762 768 774 777 787 788 795 800 809 813 815 817 824 825 843 844 848 851 853 854 859 861 865 873 879 881 888 893 897 903 906 907 913 915 916 921 924 935 938 946 948 959 973 982 991 993 994 998
Current MaxClique Size=215 0
Max Clique Size: 215
Clique Output: 42 45 57 58 71 73 85 89 91 92 96 102 104 106 112 122 128 130 139 148 157 160 162 168 172 177 180 184 190 191 199 205 206 212 213 217 219 222 226 231 234 237 247 248 251 252 253 257 260 265 272 273 274 280 287 290 310 318 320 322 328 329 332 334 340 343 344 361 368 370 375 378 381 383 389 397 402 403 413 419 420 426 440 441 444 446 449 451 452 453 458 462 465 472 476 482 488 489 490 491 492 497 498 500 510 513 516 523 534 535 537 538 543 552 555 557 558 559 567 569 572 576 583 587 589 594 596 597 604 610 613 614 618 622 623 624 626 627 628 629 631 643 648 654 660 661 665 668 669 680 687 692 703 711 713 714 715 724 726 730 735 743 749 750 754 755 756 762 768 774 777 787 788 795 800 809 813 815 817 824 825 843 844 848 851 853 854 859 861 865 873 879 881 888 893 897 903 906 907 913 915 916 921 924 935 938 946 948 959 973 982 991 993 994 998
Current MaxClique Size=216 0
Max Clique Size: 216
Clique Output: 40 42 45 57 58 71 73 85 89 91 92 96 102 104 106 112 122 128 130 139 148 157 160 162 168 172 177 180 184 190 191 199 205 206 212 213 217 219 222 226 231 234 237 247 248 251 252 253 257 260 265 272 273 274 280 287 290 310 318 320 322 328 329 332 334 340 343 344 361 368 370 375 378 381 383 389 397 402 403 413 419 420 426 440 441 444 446 449 451 452 453 458 462 465 472 476 482 488 489 490 491 492 497 498 500 510 513 516 523 534 535 537 538 543 552 555 557 558 559 567 569 572 576 583 587 589 594 596 597 604 610 613 614 618 622 623 624 626 627 628 629 631 643 648 654 660 661 665 668 669 680 687 692 703 711 713 714 715 724 726 730 735 743 749 750 754 755 756 762 768 774 777 787 788 795 800 809 813 815 817 824 825 843 844 848 851 853 854 859 861 865 873 879 881 888 893 897 903 906 907 913 915 916 921 924 935 938 946 948 959 973 982 991 993 994 998
Current MaxClique Size=217 0
Max Clique Size: 217
Clique Output: 36 40 42 45 57 58 71 73 85 89 91 92 96 102 104 106 112 122 128 130 139 148 157 160 162 168 172 177 180 184 190 191 199 205 206 212 213 217 219 222 226 231 234 237 247 248 251 252 253 257 260 265 272 273 274 280 287 290 310 318 320 322 328 329 332 334 340 343 344 361 368 370 375 378 381 383 389 397 402 403 413 419 420 426 440 441 444 446 449 451 452 453 458 462 465 472 476 482 488 489 490 491 492 497 498 500 510 513 516 523 534 535 537 538 543 552 555 557 558 559 567 569 572 576 583 587 589 594 596 597 604 610 613 614 618 622 623 624 626 627 628 629 631 643 648 654 660 661 665 668 669 680 687 692 703 711 713 714 715 724 726 730 735 743 749 750 754 755 756 762 768 774 777 787 788 795 800 809 813 815 817 824 825 843 844 848 851 853 854 859 861 865 873 879 881 888 893 897 903 906 907 913 915 916 921 924 935 938 946 948 959 973 982 991 993 994 998
Current MaxClique Size=218 0
Max Clique Size: 218
Clique Output: 34 36 40 42 45 57 58 71 73 85 89 91 92 96 102 104 106 112 122 128 130 139 148 157 160 162 168 172 177 180 184 190 191 199 205 206 212 213 217 219 222 226 231 234 237 247 248 251 252 253 257 260 265 272 273 274 280 287 290 310 318 320 322 328 329 332 334 340 343 344 361 368 370 375 378 381 383 389 397 402 403 413 419 420 426 440 441 444 446 449 451 452 453 458 462 465 472 476 482 488 489 490 491 492 497 498 500 510 513 516 523 534 535 537 538 543 552 555 557 558 559 567 569 572 576 583 587 589 594 596 597 604 610 613 614 618 622 623 624 626 627 628 629 631 643 648 654 660 661 665 668 669 680 687 692 703 711 713 714 715 724 726 730 735 743 749 750 754 755 756 762 768 774 777 787 788 795 800 809 813 815 817 824 825 843 844 848 851 853 854 859 861 865 873 879 881 888 893 897 903 906 907 913 915 916 921 924 935 938 946 948 959 973 982 991 993 994 998
Current MaxClique Size=219 0
Max Clique Size: 219
Clique Output: 31 34 36 40 42 45 57 58 71 73 85 89 91 92 96 102 104 106 112 122 128 130 139 148 157 160 162 168 172 177 180 184 190 191 199 205 206 212 213 217 219 222 226 231 234 237 247 248 251 252 253 257 260 265 272 273 274 280 287 290 310 318 320 322 328 329 332 334 340 343 344 361 368 370 375 378 381 383 389 397 402 403 413 419 420 426 440 441 444 446 449 451 452 453 458 462 465 472 476 482 488 489 490 491 492 497 498 500 510 513 516 523 534 535 537 538 543 552 555 557 558 559 567 569 572 576 583 587 589 594 596 597 604 610 613 614 618 622 623 624 626 627 628 629 631 643 648 654 660 661 665 668 669 680 687 692 703 711 713 714 715 724 726 730 735 743 749 750 754 755 756 762 768 774 777 787 788 795 800 809 813 815 817 824 825 843 844 848 851 853 854 859 861 865 873 879 881 888 893 897 903 906 907 913 915 916 921 924 935 938 946 948 959 973 982 991 993 994 998
Current MaxClique Size=220 0
Max Clique Size: 220
Clique Output: 30 31 34 36 40 42 45 57 58 71 73 85 89 91 92 96 102 104 106 112 122 128 130 139 148 157 160 162 168 172 177 180 184 190 191 199 205 206 212 213 217 219 222 226 231 234 237 247 248 251 252 253 257 260 265 272 273 274 280 287 290 310 318 320 322 328 329 332 334 340 343 344 361 368 370 375 378 381 383 389 397 402 403 413 419 420 426 440 441 444 446 449 451 452 453 458 462 465 472 476 482 488 489 490 491 492 497 498 500 510 513 516 523 534 535 537 538 543 552 555 557 558 559 567 569 572 576 583 587 589 594 596 597 604 610 613 614 618 622 623 624 626 627 628 629 631 643 648 654 660 661 665 668 669 680 687 692 703 711 713 714 715 724 726 730 735 743 749 750 754 755 756 762 768 774 777 787 788 795 800 809 813 815 817 824 825 843 844 848 851 853 854 859 861 865 873 879 881 888 893 897 903 906 907 913 915 916 921 924 935 938 946 948 959 973 982 991 993 994 998
Current MaxClique Size=221 0
Max Clique Size: 221
Clique Output: 28 30 31 34 36 40 42 45 57 58 71 73 85 89 91 92 96 102 104 106 112 122 128 130 139 148 157 160 162 168 172 177 180 184 190 191 199 205 206 212 213 217 219 222 226 231 234 237 247 248 251 252 253 257 260 265 272 273 274 280 287 290 310 318 320 322 328 329 332 334 340 343 344 361 368 370 375 378 381 383 389 397 402 403 413 419 420 426 440 441 444 446 449 451 452 453 458 462 465 472 476 482 488 489 490 491 492 497 498 500 510 513 516 523 534 535 537 538 543 552 555 557 558 559 567 569 572 576 583 587 589 594 596 597 604 610 613 614 618 622 623 624 626 627 628 629 631 643 648 654 660 661 665 668 669 680 687 692 703 711 713 714 715 724 726 730 735 743 749 750 754 755 756 762 768 774 777 787 788 795 800 809 813 815 817 824 825 843 844 848 851 853 854 859 861 865 873 879 881 888 893 897 903 906 907 913 915 916 921 924 935 938 946 948 959 973 982 991 993 994 998
Current MaxClique Size=222 0
Max Clique Size: 222
Clique Output: 20 28 30 31 34 36 40 42 45 57 58 71 73 85 89 91 92 96 102 104 106 112 122 128 130 139 148 157 160 162 168 172 177 180 184 190 191 199 205 206 212 213 217 219 222 226 231 234 237 247 248 251 252 253 257 260 265 272 273 274 280 287 290 310 318 320 322 328 329 332 334 340 343 344 361 368 370 375 378 381 383 389 397 402 403 413 419 420 426 440 441 444 446 449 451 452 453 458 462 465 472 476 482 488 489 490 491 492 497 498 500 510 513 516 523 534 535 537 538 543 552 555 557 558 559 567 569 572 576 583 587 589 594 596 597 604 610 613 614 618 622 623 624 626 627 628 629 631 643 648 654 660 661 665 668 669 680 687 692 703 711 713 714 715 724 726 730 735 743 749 750 754 755 756 762 768 774 777 787 788 795 800 809 813 815 817 824 825 843 844 848 851 853 854 859 861 865 873 879 881 888 893 897 903 906 907 913 915 916 921 924 935 938 946 948 959 973 982 991 993 994 998
Current MaxClique Size=223 0
Max Clique Size: 223
Clique Output: 19 20 28 30 31 34 36 40 42 45 57 58 71 73 85 89 91 92 96 102 104 106 112 122 128 130 139 148 157 160 162 168 172 177 180 184 190 191 199 205 206 212 213 217 219 222 226 231 234 237 247 248 251 252 253 257 260 265 272 273 274 280 287 290 310 318 320 322 328 329 332 334 340 343 344 361 368 370 375 378 381 383 389 397 402 403 413 419 420 426 440 441 444 446 449 451 452 453 458 462 465 472 476 482 488 489 490 491 492 497 498 500 510 513 516 523 534 535 537 538 543 552 555 557 558 559 567 569 572 576 583 587 589 594 596 597 604 610 613 614 618 622 623 624 626 627 628 629 631 643 648 654 660 661 665 668 669 680 687 692 703 711 713 714 715 724 726 730 735 743 749 750 754 755 756 762 768 774 777 787 788 795 800 809 813 815 817 824 825 843 844 848 851 853 854 859 861 865 873 879 881 888 893 897 903 906 907 913 915 916 921 924 935 938 946 948 959 973 982 991 993 994 998
Current MaxClique Size=224 0
Max Clique Size: 224
Clique Output: 12 19 20 28 30 31 34 36 40 42 45 57 58 71 73 85 89 91 92 96 102 104 106 112 122 128 130 139 148 157 160 162 168 172 177 180 184 190 191 199 205 206 212 213 217 219 222 226 231 234 237 247 248 251 252 253 257 260 265 272 273 274 280 287 290 310 318 320 322 328 329 332 334 340 343 344 361 368 370 375 378 381 383 389 397 402 403 413 419 420 426 440 441 444 446 449 451 452 453 458 462 465 472 476 482 488 489 490 491 492 497 498 500 510 513 516 523 534 535 537 538 543 552 555 557 558 559 567 569 572 576 583 587 589 594 596 597 604 610 613 614 618 622 623 624 626 627 628 629 631 643 648 654 660 661 665 668 669 680 687 692 703 711 713 714 715 724 726 730 735 743 749 750 754 755 756 762 768 774 777 787 788 795 800 809 813 815 817 824 825 843 844 848 851 853 854 859 861 865 873 879 881 888 893 897 903 906 907 913 915 916 921 924 935 938 946 948 959 973 982 991 993 994 998
Current MaxClique Size=225 0
Max Clique Size: 225
Clique Output: 11 12 19 20 28 30 31 34 36 40 42 45 57 58 71 73 85 89 91 92 96 102 104 106 112 122 128 130 139 148 157 160 162 168 172 177 180 184 190 191 199 205 206 212 213 217 219 222 226 231 234 237 247 248 251 252 253 257 260 265 272 273 274 280 287 290 310 318 320 322 328 329 332 334 340 343 344 361 368 370 375 378 381 383 389 397 402 403 413 419 420 426 440 441 444 446 449 451 452 453 458 462 465 472 476 482 488 489 490 491 492 497 498 500 510 513 516 523 534 535 537 538 543 552 555 557 558 559 567 569 572 576 583 587 589 594 596 597 604 610 613 614 618 622 623 624 626 627 628 629 631 643 648 654 660 661 665 668 669 680 687 692 703 711 713 714 715 724 726 730 735 743 749 750 754 755 756 762 768 774 777 787 788 795 800 809 813 815 817 824 825 843 844 848 851 853 854 859 861 865 873 879 881 888 893 897 903 906 907 913 915 916 921 924 935 938 946 948 959 973 982 991 993 994 998
Current MaxClique Size=226 0
Max Clique Size: 226
Clique Output: 8 11 12 19 20 28 30 31 34 36 40 42 45 57 58 71 73 85 89 91 92 96 102 104 106 112 122 128 130 139 148 157 160 162 168 172 177 180 184 190 191 199 205 206 212 213 217 219 222 226 231 234 237 247 248 251 252 253 257 260 265 272 273 274 280 287 290 310 318 320 322 328 329 332 334 340 343 344 361 368 370 375 378 381 383 389 397 402 403 413 419 420 426 440 441 444 446 449 451 452 453 458 462 465 472 476 482 488 489 490 491 492 497 498 500 510 513 516 523 534 535 537 538 543 552 555 557 558 559 567 569 572 576 583 587 589 594 596 597 604 610 613 614 618 622 623 624 626 627 628 629 631 643 648 654 660 661 665 668 669 680 687 692 703 711 713 714 715 724 726 730 735 743 749 750 754 755 756 762 768 774 777 787 788 795 800 809 813 815 817 824 825 843 844 848 851 853 854 859 861 865 873 879 881 888 893 897 903 906 907 913 915 916 921 924 935 938 946 948 959 973 982 991 993 994 998
Current MaxClique Size=227 0
Max Clique Size: 227
Clique Output: 7 8 11 12 19 20 28 30 31 34 36 40 42 45 57 58 71 73 85 89 91 92 96 102 104 106 112 122 128 130 139 148 157 160 162 168 172 177 180 184 190 191 199 205 206 212 213 217 219 222 226 231 234 237 247 248 251 252 253 257 260 265 272 273 274 280 287 290 310 318 320 322 328 329 332 334 340 343 344 361 368 370 375 378 381 383 389 397 402 403 413 419 420 426 440 441 444 446 449 451 452 453 458 462 465 472 476 482 488 489 490 491 492 497 498 500 510 513 516 523 534 535 537 538 543 552 555 557 558 559 567 569 572 576 583 587 589 594 596 597 604 610 613 614 618 622 623 624 626 627 628 629 631 643 648 654 660 661 665 668 669 680 687 692 703 711 713 714 715 724 726 730 735 743 749 750 754 755 756 762 768 774 777 787 788 795 800 809 813 815 817 824 825 843 844 848 851 853 854 859 861 865 873 879 881 888 893 897 903 906 907 913 915 916 921 924 935 938 946 948 959 973 982 991 993 994 998
Current MaxClique Size=228 0
Max Clique Size: 228
Clique Output: 764 868 362 433 220 263 925 829 919 26 877 637 858 255 1 178 763 56 972 976 185 186 812 885 176 230 376 544 696 350 15 575 243 914 43 259 615 708 129 867 564 4 960 606 649 706 845 894 201 314 650 902 417 943 442 270 7 8 11 12 19 20 28 30 31 36 40 42 45 57 58 71 73 85 89 91 92 96 102 104 106 122 130 139 148 157 160 162 168 184 190 213 217 219 222 226 231 247 252 253 257 260 265 272 274 287 310 318 320 322 328 329 340 343 344 361 370 375 378 381 383 389 403 420 426 444 446 449 453 458 462 465 472 476 488 489 491 492 497 498 500 510 513 516 523 534 535 538 543 552 555 557 559 567 569 572 576 583 587 596 597 604 610 613 614 623 624 626 627 628 629 631 660 661 665 680 687 692 703 711 713 714 726 730 735 743 749 750 754 755 756 762 768 787 788 795 809 813 817 824 825 844 848 854 859 861 865 879 881 888 893 897 907 913 915 916 921 924 935 938 946 948 959 973 991 993 994 998
Current MaxClique Size=229 0
Max Clique Size: 229
Clique Output: 846 764 868 362 433 220 263 925 829 919 26 877 637 858 255 1 178 763 56 972 976 185 186 812 885 176 230 376 544 696 350 15 575 243 914 43 259 615 708 633 129 867 564 4 960 606 649 706 845 894 201 314 650 902 417 943 442 270 7 8 11 12 19 20 28 30 31 36 40 42 45 57 58 71 73 85 89 91 92 96 102 104 106 122 130 139 148 157 160 162 168 184 190 213 217 219 222 226 231 247 252 253 257 260 265 272 274 287 310 318 320 322 328 329 340 343 344 361 370 375 381 383 389 403 420 426 444 446 449 453 458 462 465 472 476 488 489 491 492 497 498 500 510 513 516 523 534 535 538 543 552 555 557 559 567 569 572 576 583 587 596 597 604 610 613 614 623 624 626 627 628 629 631 660 661 665 680 687 692 703 711 713 714 726 730 735 743 749 750 754 755 756 762 768 787 788 795 809 813 817 824 825 844 848 854 859 861 865 879 881 888 893 897 907 913 915 916 921 924 935 938 946 948 959 973 991 993 994 998
Current MaxClique Size=230 0
Max Clique Size: 230
Clique Output: 891 846 764 868 362 433 220 263 925 829 919 26 877 637 858 255 1 178 763 56 972 976 185 186 812 885 176 230 376 544 696 350 15 575 243 914 43 259 615 708 633 129 867 564 4 960 606 649 706 845 894 201 314 650 902 417 943 442 270 7 8 11 12 19 20 28 30 31 36 40 42 45 57 58 71 73 85 89 91 92 96 102 104 106 122 130 139 148 157 160 162 168 184 190 213 217 219 222 226 231 247 252 253 257 260 265 272 274 287 310 318 320 322 328 329 340 343 344 361 370 375 381 383 389 403 420 426 444 446 449 453 458 462 465 472 476 488 489 491 492 497 498 500 510 513 516 523 534 535 538 543 552 555 557 559 567 569 572 576 583 587 596 597 604 610 613 614 623 624 626 627 628 629 631 660 661 665 680 687 692 703 711 713 714 726 730 735 743 749 750 754 755 756 762 768 787 788 795 809 813 817 824 825 844 848 854 859 861 865 879 881 888 893 897 907 913 915 916 921 924 935 938 946 948 959 973 991 993 994 998
Current MaxClique Size=231 0
Max Clique Size: 231
Clique Output: 702 891 846 764 868 362 433 220 263 925 829 919 26 877 637 858 255 1 178 763 56 972 976 185 186 812 885 176 230 376 544 696 350 15 575 243 914 43 259 615 708 633 129 867 564 4 960 606 649 706 845 894 201 314 650 902 417 943 442 270 7 8 11 12 19 20 28 30 31 36 40 42 45 57 58 71 73 85 89 91 92 96 102 104 106 122 130 139 148 157 160 162 168 184 190 213 217 219 222 226 231 247 252 253 257 260 265 272 274 287 310 318 320 322 328 329 340 343 344 361 370 375 381 383 389 403 420 426 444 446 449 453 458 462 465 472 476 488 489 491 492 497 498 500 510 513 516 523 534 535 538 543 552 555 557 559 567 569 572 576 583 587 596 597 604 610 613 614 623 624 626 627 628 629 631 660 661 665 680 687 692 703 711 713 714 726 730 735 743 749 750 754 755 756 762 768 787 788 795 809 813 817 824 825 844 848 854 859 861 865 879 881 888 893 897 907 913 915 916 921 924 935 938 946 948 959 973 991 993 994 998
Current MaxClique Size=232 0
Max Clique Size: 232
Clique Output: 170 702 891 846 764 868 362 433 220 263 925 829 919 26 877 637 858 255 1 178 763 56 972 976 185 186 812 885 176 230 376 544 696 350 15 575 243 914 43 259 615 708 633 129 867 564 4 960 606 649 706 845 894 201 314 650 902 417 943 442 270 7 8 11 12 19 20 28 30 31 36 40 42 45 57 58 71 73 85 89 91 92 96 102 104 106 122 130 139 148 157 160 162 168 184 190 213 217 219 222 226 231 247 252 253 257 260 265 272 274 287 310 318 320 322 328 329 340 343 344 361 370 375 381 383 389 403 420 426 444 446 449 453 458 462 465 472 476 488 489 491 492 497 498 500 510 513 516 523 534 535 538 543 552 555 557 559 567 569 572 576 583 587 596 597 604 610 613 614 623 624 626 627 628 629 631 660 661 665 680 687 692 703 711 713 714 726 730 735 743 749 750 754 755 756 762 768 787 788 795 809 813 817 824 825 844 848 854 859 861 865 879 881 888 893 897 907 913 915 916 921 924 935 938 946 948 959 973 991 993 994 998
Current MaxClique Size=233 0
Max Clique Size: 233
Clique Output: 842 967 286 477 155 170 540 478 702 891 846 277 764 868 362 433 220 263 925 829 919 26 877 637 858 255 1 178 763 56 972 976 185 186 812 885 176 230 376 544 696 350 15 575 243 914 43 259 615 708 633 129 867 564 4 960 606 649 706 845 894 201 314 650 902 417 943 442 270 8 11 12 19 20 28 30 31 36 40 42 45 57 58 71 73 85 89 91 92 96 102 104 106 122 130 139 148 157 160 184 190 213 217 219 222 226 231 247 252 253 257 260 265 272 274 310 318 320 322 328 329 340 343 344 361 370 375 381 383 389 420 426 444 446 449 453 458 462 465 472 476 488 489 491 492 497 498 500 510 513 516 523 534 535 538 543 552 555 557 559 567 569 572 576 583 596 597 604 610 613 614 623 624 626 627 628 629 631 660 661 665 680 687 692 703 711 713 714 726 730 735 743 749 750 754 755 756 762 768 787 788 795 809 813 817 824 825 844 848 854 859 861 865 879 881 888 893 897 907 913 915 916 921 935 938 946 948 959 973 991 993 994 998
Current MaxClique Size=234 0
Max Clique Size: 234
Clique Output: 841 651 966 317 842 967 686 286 477 155 425 170 540 478 702 891 846 277 764 868 362 433 220 263 925 829 919 877 637 858 255 1 178 763 56 972 185 186 812 885 176 230 376 544 696 350 15 575 243 914 43 259 615 708 633 867 564 4 606 649 706 845 894 201 650 902 417 943 442 931 270 8 12 19 20 28 30 31 36 40 42 45 57 58 71 73 85 91 92 96 102 104 106 122 130 139 148 157 160 184 190 213 219 222 226 231 234 247 252 253 257 260 265 272 274 310 318 320 322 328 329 332 340 343 344 361 370 375 381 383 389 420 426 444 446 449 453 458 462 465 472 476 488 489 491 492 497 498 500 510 513 516 523 534 535 538 543 552 555 557 559 567 569 572 576 583 596 597 604 610 613 623 624 626 627 628 629 631 660 661 665 680 687 692 703 711 713 714 726 730 735 743 749 750 754 755 756 762 768 774 787 788 795 809 813 817 824 825 844 848 854 859 861 865 879 881 888 893 897 907 913 915 916 921 935 938 946 948 959 973 991 993 994 998
Max Clique Size: 234
Clique Output: 841 651 966 317 842 967 686 286 477 155 425 170 540 478 702 891 846 277 764 868 362 433 220 263 925 829 919 877 637 858 255 1 178 763 56 972 185 186 812 885 176 230 376 544 696 350 15 575 243 914 43 259 615 708 633 867 564 4 606 649 706 845 894 201 650 902 417 943 442 931 270 8 12 19 20 28 30 31 36 40 42 45 57 58 71 73 85 91 92 96 102 104 106 122 130 139 148 157 160 184 190 213 219 222 226 231 234 247 252 253 257 260 265 272 274 310 318 320 322 328 329 332 340 343 344 361 370 375 381 383 389 420 426 444 446 449 453 458 462 465 472 476 488 489 491 492 497 498 500 510 513 516 523 534 535 538 543 552 555 557 559 567 569 572 576 583 596 597 604 610 613 623 624 626 627 628 629 631 660 661 665 680 687 692 703 711 713 714 726 730 735 743 749 750 754 755 756 762 768 774 787 788 795 809 813 817 824 825 844 848 854 859 861 865 879 881 888 893 897 907 913 915 916 921 935 938 946 948 959 973 991 993 994 998
Program terminated in 2 seconds.
NewIncMaxCLQ graphs/r1000.5.col 1000 238267 0.4770 2 0 234 8543 0
