Using the degeneracy ordering...
instance information: #node=250, #edge=14849 density= 0.4771
initial clique size: 55

Current MaxClique Size=56 0
Max Clique Size: 56
Clique Output: 30 34 35 43 44 45 47 56 57 76 79 81 82 85 90 97 98 103 120 126 135 139 141 143 146 149 150 152 153 154 156 161 163 164 166 168 169 174 187 191 196 198 200 204 207 211 212 215 223 231 232 236 237 246 247 248
Current MaxClique Size=57 0
Max Clique Size: 57
Clique Output: 25 30 34 35 43 44 45 47 56 57 76 79 81 82 85 90 97 98 103 120 126 135 139 141 143 146 149 150 152 153 154 156 161 163 164 166 168 169 174 187 191 196 198 200 204 207 211 212 215 223 231 232 236 237 246 247 248
Current MaxClique Size=58 0
Max Clique Size: 58
Clique Output: 22 25 30 34 35 43 44 45 47 56 57 76 79 81 82 85 90 97 98 103 120 126 135 139 141 143 146 149 150 152 153 154 156 161 163 164 166 168 169 174 187 191 196 198 200 204 207 211 212 215 223 231 232 236 237 246 247 248
Current MaxClique Size=59 0
Max Clique Size: 59
Clique Output: 14 22 25 30 34 35 43 44 45 47 56 57 76 79 81 82 85 90 97 98 103 120 126 135 139 141 143 146 149 150 152 153 154 156 161 163 164 166 168 169 174 187 191 196 198 200 204 207 211 212 215 223 231 232 236 237 246 247 248
Current MaxClique Size=60 0
Max Clique Size: 60
Clique Output: 6 14 22 25 30 34 35 43 44 45 47 56 57 76 79 81 82 85 90 97 98 103 120 126 135 139 141 143 146 149 150 152 153 154 156 161 163 164 166 168 169 174 187 191 196 198 200 204 207 211 212 215 223 231 232 236 237 246 247 248
Current MaxClique Size=61 0
Max Clique Size: 61
Clique Output: 5 6 14 22 25 30 34 35 43 44 45 47 56 57 76 79 81 82 85 90 97 98 103 120 126 135 139 141 143 146 149 150 152 153 154 156 161 163 164 166 168 169 174 187 191 196 198 200 204 207 211 212 215 223 231 232 236 237 246 247 248
Current MaxClique Size=62 0
Max Clique Size: 62
Clique Output: 12 9 213 5 6 14 22 25 30 34 35 43 44 45 47 56 57 76 79 81 82 85 90 97 98 103 120 126 135 139 141 143 146 150 152 153 154 156 161 163 164 166 168 169 174 187 191 196 198 200 204 207 211 212 215 223 231 232 236 237 246 248
Current MaxClique Size=63 0
Max Clique Size: 63
Clique Output: 242 73 75 16 12 64 240 9 213 5 6 14 22 25 34 35 43 44 45 47 56 57 76 79 81 82 85 90 97 98 103 120 135 139 141 143 146 150 153 154 156 161 163 164 166 169 174 187 196 198 200 204 207 211 212 215 223 231 232 236 237 246 248
Current MaxClique Size=64 0
Max Clique Size: 64
Clique Output: 1 42 175 89 158 185 105 239 70 160 33 96 243 130 242 73 75 12 9 213 5 6 14 22 25 30 35 43 44 45 56 57 76 79 81 82 85 90 97 98 103 120 146 150 154 156 161 164 166 168 169 174 187 196 198 200 204 207 215 223 231 237 246 248
Current MaxClique Size=65 0
Max Clique Size: 65
Clique Output: 13 108 77 28 1 42 175 89 158 185 105 239 70 160 33 96 243 130 242 73 75 12 9 213 5 6 14 22 25 30 35 43 44 45 56 57 76 79 81 82 85 90 97 98 146 150 154 156 161 164 166 168 169 174 187 198 200 204 207 215 223 231 237 246 248
Max Clique Size: 65
Clique Output: 13 108 77 28 1 42 175 89 158 185 105 239 70 160 33 96 243 130 242 73 75 12 9 213 5 6 14 22 25 30 35 43 44 45 56 57 76 79 81 82 85 90 97 98 146 150 154 156 161 164 166 168 169 174 187 198 200 204 207 215 223 231 237 246 248
Program terminated in 0 seconds.
NewIncMaxCLQ graphs/r250.5.col 250 14849 0.4771 0 0 65 785 0
