Using the degeneracy ordering...
instance information: #node=1870, #edge=104176 density= 0.0596
initial clique size: 16

Current MaxClique Size=17 0
Max Clique Size: 17
Clique Output: 1659 1680 1682 1685 1689 1724 1733 1734 1743 1752 1754 1772 1776 1786 1794 1800 1804
Current MaxClique Size=18 0
Max Clique Size: 18
Clique Output: 1653 1659 1680 1682 1685 1689 1724 1733 1734 1743 1752 1754 1772 1776 1786 1794 1800 1804
Current MaxClique Size=19 0
Max Clique Size: 19
Clique Output: 1625 1653 1659 1680 1682 1685 1689 1724 1733 1734 1743 1752 1754 1772 1776 1786 1794 1800 1804
Current MaxClique Size=20 0
Max Clique Size: 20
Clique Output: 1609 1625 1653 1659 1680 1682 1685 1689 1724 1733 1734 1743 1752 1754 1772 1776 1786 1794 1800 1804
Current MaxClique Size=21 0
Max Clique Size: 21
Clique Output: 1602 1609 1625 1653 1659 1680 1682 1685 1689 1724 1733 1734 1743 1752 1754 1772 1776 1786 1794 1800 1804
Current MaxClique Size=22 0
Max Clique Size: 22
Clique Output: 1594 1602 1609 1625 1653 1659 1680 1682 1685 1689 1724 1733 1734 1743 1752 1754 1772 1776 1786 1794 1800 1804
Current MaxClique Size=23 0
Max Clique Size: 23
Clique Output: 1573 1594 1602 1609 1625 1653 1659 1680 1682 1685 1689 1724 1733 1734 1743 1752 1754 1772 1776 1786 1794 1800 1804
Current MaxClique Size=24 0
Max Clique Size: 24
Clique Output: 1572 1573 1594 1602 1609 1625 1653 1659 1680 1682 1685 1689 1724 1733 1734 1743 1752 1754 1772 1776 1786 1794 1800 1804
Current MaxClique Size=25 0
Max Clique Size: 25
Clique Output: 1561 1572 1573 1594 1602 1609 1625 1653 1659 1680 1682 1685 1689 1724 1733 1734 1743 1752 1754 1772 1776 1786 1794 1800 1804
Current MaxClique Size=26 0
Max Clique Size: 26
Clique Output: 1553 1561 1572 1573 1594 1602 1609 1625 1653 1659 1680 1682 1685 1689 1724 1733 1734 1743 1752 1754 1772 1776 1786 1794 1800 1804
Current MaxClique Size=27 0
Max Clique Size: 27
Clique Output: 1542 1553 1561 1572 1573 1594 1602 1609 1625 1653 1659 1680 1682 1685 1689 1724 1733 1734 1743 1752 1754 1772 1776 1786 1794 1800 1804
Current MaxClique Size=28 0
Max Clique Size: 28
Clique Output: 1528 1542 1553 1561 1572 1573 1594 1602 1609 1625 1653 1659 1680 1682 1685 1689 1724 1733 1734 1743 1752 1754 1772 1776 1786 1794 1800 1804
Current MaxClique Size=29 0
Max Clique Size: 29
Clique Output: 1526 1528 1542 1553 1561 1572 1573 1594 1602 1609 1625 1653 1659 1680 1682 1685 1689 1724 1733 1734 1743 1752 1754 1772 1776 1786 1794 1800 1804
Current MaxClique Size=30 0
Max Clique Size: 30
Clique Output: 1472 1526 1528 1542 1553 1561 1572 1573 1594 1602 1609 1625 1653 1659 1680 1682 1685 1689 1724 1733 1734 1743 1752 1754 1772 1776 1786 1794 1800 1804
Current MaxClique Size=31 0
Max Clique Size: 31
Clique Output: 1414 1472 1526 1528 1542 1553 1561 1572 1573 1594 1602 1609 1625 1653 1659 1680 1682 1685 1689 1724 1733 1734 1743 1752 1754 1772 1776 1786 1794 1800 1804
Current MaxClique Size=32 0
Max Clique Size: 32
Clique Output: 1373 1414 1472 1526 1528 1542 1553 1561 1572 1573 1594 1602 1609 1625 1653 1659 1680 1682 1685 1689 1724 1733 1734 1743 1752 1754 1772 1776 1786 1794 1800 1804
Current MaxClique Size=33 0
Max Clique Size: 33
Clique Output: 1219 1373 1414 1472 1526 1528 1542 1553 1561 1572 1573 1594 1602 1609 1625 1653 1659 1680 1682 1685 1689 1724 1733 1734 1743 1752 1754 1772 1776 1786 1794 1800 1804
Current MaxClique Size=34 0
Max Clique Size: 34
Clique Output: 1205 1219 1373 1414 1472 1526 1528 1542 1553 1561 1572 1573 1594 1602 1609 1625 1653 1659 1680 1682 1685 1689 1724 1733 1734 1743 1752 1754 1772 1776 1786 1794 1800 1804
Current MaxClique Size=35 0
Max Clique Size: 35
Clique Output: 1432 1529 1661 1555 1546 1715 1778 1295 1739 1595 1688 1219 1472 1528 1542 1553 1561 1572 1573 1602 1653 1659 1682 1689 1733 1734 1743 1752 1754 1772 1776 1786 1794 1800 1804
Current MaxClique Size=36 0
Max Clique Size: 36
Clique Output: 1213 1432 1529 1661 1555 1546 1715 1778 1295 1739 1595 1688 1219 1472 1528 1542 1553 1561 1572 1573 1602 1653 1659 1682 1689 1733 1734 1743 1752 1754 1772 1776 1786 1794 1800 1804
Current MaxClique Size=37 0
Max Clique Size: 37
Clique Output: 693 800 1433 958 1468 1101 1257 1583 1386 1691 1545 1663 1624 1656 1766 1785 1807 1717 1774 1799 1789 1761 940 1779 1632 1595 1688 1725 1553 1625 1724 1733 1752 1776 1786 1794 1800
Current MaxClique Size=38 0
Max Clique Size: 38
Clique Output: 692 693 800 1433 958 1468 1101 1257 1583 1386 1691 1545 1663 1624 1656 1766 1785 1807 1717 1774 1799 1789 1761 940 1779 1632 1595 1688 1725 1553 1625 1724 1733 1752 1776 1786 1794 1800
Current MaxClique Size=39 0
Max Clique Size: 39
Clique Output: 1300 692 693 800 1433 958 1468 1101 1257 1583 1386 1691 1545 1663 1624 1656 1766 1785 1807 1717 1774 1799 1789 1761 940 1779 1632 1595 1688 1725 1553 1625 1724 1733 1752 1776 1786 1794 1800
Current MaxClique Size=40 0
Max Clique Size: 40
Clique Output: 1054 933 1477 1195 1629 1428 1781 1432 1529 1640 1661 1555 1546 1715 1778 1295 1739 1595 1688 1725 1472 1528 1542 1553 1561 1572 1602 1659 1682 1689 1733 1734 1743 1752 1772 1776 1786 1794 1800 1804
Max Clique Size: 40
Clique Output: 1054 933 1477 1195 1629 1428 1781 1432 1529 1640 1661 1555 1546 1715 1778 1295 1739 1595 1688 1725 1472 1528 1542 1553 1561 1572 1602 1659 1682 1689 1733 1734 1743 1752 1772 1776 1786 1794 1800 1804
Program terminated in 0 seconds.
NewIncMaxCLQ graphs/wap08a.col 1870 104176 0.0596 0 0 40 2392 0
