Using the degeneracy ordering...
instance information: #node=905, #edge=43081 density= 0.1053
initial clique size: 6

Current MaxClique Size=7 0
Max Clique Size: 7
Clique Output: 895 898 899 901 902 904 905
Current MaxClique Size=8 0
Max Clique Size: 8
Clique Output: 882 895 898 899 901 902 904 905
Current MaxClique Size=9 0
Max Clique Size: 9
Clique Output: 881 882 895 898 899 901 902 904 905
Current MaxClique Size=10 0
Max Clique Size: 10
Clique Output: 875 881 882 895 898 899 901 902 904 905
Current MaxClique Size=11 0
Max Clique Size: 11
Clique Output: 869 875 881 882 895 898 899 901 902 904 905
Current MaxClique Size=12 0
Max Clique Size: 12
Clique Output: 863 869 875 881 882 895 898 899 901 902 904 905
Current MaxClique Size=13 0
Max Clique Size: 13
Clique Output: 858 863 869 875 881 882 895 898 899 901 902 904 905
Current MaxClique Size=14 0
Max Clique Size: 14
Clique Output: 853 858 863 869 875 881 882 895 898 899 901 902 904 905
Current MaxClique Size=15 0
Max Clique Size: 15
Clique Output: 835 853 858 863 869 875 881 882 895 898 899 901 902 904 905
Current MaxClique Size=16 0
Max Clique Size: 16
Clique Output: 828 835 853 858 863 869 875 881 882 895 898 899 901 902 904 905
Current MaxClique Size=17 0
Max Clique Size: 17
Clique Output: 823 828 835 853 858 863 869 875 881 882 895 898 899 901 902 904 905
Current MaxClique Size=18 0
Max Clique Size: 18
Clique Output: 822 823 828 835 853 858 863 869 875 881 882 895 898 899 901 902 904 905
Current MaxClique Size=19 0
Max Clique Size: 19
Clique Output: 819 822 823 828 835 853 858 863 869 875 881 882 895 898 899 901 902 904 905
Current MaxClique Size=20 0
Max Clique Size: 20
Clique Output: 804 819 822 823 828 835 853 858 863 869 875 881 882 895 898 899 901 902 904 905
Current MaxClique Size=21 0
Max Clique Size: 21
Clique Output: 802 804 819 822 823 828 835 853 858 863 869 875 881 882 895 898 899 901 902 904 905
Current MaxClique Size=22 0
Max Clique Size: 22
Clique Output: 773 802 804 819 822 823 828 835 853 858 863 869 875 881 882 895 898 899 901 902 904 905
Current MaxClique Size=23 0
Max Clique Size: 23
Clique Output: 769 773 802 804 819 822 823 828 835 853 858 863 869 875 881 882 895 898 899 901 902 904 905
Current MaxClique Size=24 0
Max Clique Size: 24
Clique Output: 756 769 773 802 804 819 822 823 828 835 853 858 863 869 875 881 882 895 898 899 901 902 904 905
Current MaxClique Size=25 0
Max Clique Size: 25
Clique Output: 754 756 769 773 802 804 819 822 823 828 835 853 858 863 869 875 881 882 895 898 899 901 902 904 905
Current MaxClique Size=26 0
Max Clique Size: 26
Clique Output: 752 754 756 769 773 802 804 819 822 823 828 835 853 858 863 869 875 881 882 895 898 899 901 902 904 905
Current MaxClique Size=27 0
Max Clique Size: 27
Clique Output: 750 752 754 756 769 773 802 804 819 822 823 828 835 853 858 863 869 875 881 882 895 898 899 901 902 904 905
Current MaxClique Size=28 0
Max Clique Size: 28
Clique Output: 747 750 752 754 756 769 773 802 804 819 822 823 828 835 853 858 863 869 875 881 882 895 898 899 901 902 904 905
Current MaxClique Size=29 0
Max Clique Size: 29
Clique Output: 744 747 750 752 754 756 769 773 802 804 819 822 823 828 835 853 858 863 869 875 881 882 895 898 899 901 902 904 905
Current MaxClique Size=30 0
Max Clique Size: 30
Clique Output: 742 744 747 750 752 754 756 769 773 802 804 819 822 823 828 835 853 858 863 869 875 881 882 895 898 899 901 902 904 905
Current MaxClique Size=31 0
Max Clique Size: 31
Clique Output: 738 742 744 747 750 752 754 756 769 773 802 804 819 822 823 828 835 853 858 863 869 875 881 882 895 898 899 901 902 904 905
Current MaxClique Size=32 0
Max Clique Size: 32
Clique Output: 719 738 742 744 747 750 752 754 756 769 773 802 804 819 822 823 828 835 853 858 863 869 875 881 882 895 898 899 901 902 904 905
Current MaxClique Size=33 0
Max Clique Size: 33
Clique Output: 708 719 738 742 744 747 750 752 754 756 769 773 802 804 819 822 823 828 835 853 858 863 869 875 881 882 895 898 899 901 902 904 905
Current MaxClique Size=34 0
Max Clique Size: 34
Clique Output: 686 708 719 738 742 744 747 750 752 754 756 769 773 802 804 819 822 823 828 835 853 858 863 869 875 881 882 895 898 899 901 902 904 905
Current MaxClique Size=35 0
Max Clique Size: 35
Clique Output: 676 686 708 719 738 742 744 747 750 752 754 756 769 773 802 804 819 822 823 828 835 853 858 863 869 875 881 882 895 898 899 901 902 904 905
Current MaxClique Size=36 0
Max Clique Size: 36
Clique Output: 672 676 686 708 719 738 742 744 747 750 752 754 756 769 773 802 804 819 822 823 828 835 853 858 863 869 875 881 882 895 898 899 901 902 904 905
Current MaxClique Size=37 0
Max Clique Size: 37
Clique Output: 644 672 676 686 708 719 738 742 744 747 750 752 754 756 769 773 802 804 819 822 823 828 835 853 858 863 869 875 881 882 895 898 899 901 902 904 905
Current MaxClique Size=38 0
Max Clique Size: 38
Clique Output: 612 644 672 676 686 708 719 738 742 744 747 750 752 754 756 769 773 802 804 819 822 823 828 835 853 858 863 869 875 881 882 895 898 899 901 902 904 905
Current MaxClique Size=39 0
Max Clique Size: 39
Clique Output: 553 612 644 672 676 686 708 719 738 742 744 747 750 752 754 756 769 773 802 804 819 822 823 828 835 853 858 863 869 875 881 882 895 898 899 901 902 904 905
Current MaxClique Size=40 0
Max Clique Size: 40
Clique Output: 547 553 612 644 672 676 686 708 719 738 742 744 747 750 752 754 756 769 773 802 804 819 822 823 828 835 853 858 863 869 875 881 882 895 898 899 901 902 904 905
Current MaxClique Size=41 0
Max Clique Size: 41
Clique Output: 554 602 679 560 485 235 551 373 635 479 760 630 685 714 372 499 564 545 440 609 449 506 628 811 896 665 824 846 844 848 843 507 868 809 903 323 900 855 636 654 892
Current MaxClique Size=42 0
Max Clique Size: 42
Clique Output: 391 554 602 679 560 485 235 551 373 635 479 760 630 685 714 372 499 564 545 440 609 449 506 628 811 896 665 824 846 844 848 843 507 868 809 903 323 900 855 636 654 892
Current MaxClique Size=43 0
Max Clique Size: 43
Clique Output: 399 391 554 602 679 560 485 235 551 373 635 479 760 630 685 714 372 499 564 545 440 609 449 506 628 811 896 665 824 846 844 848 843 507 868 809 903 323 900 855 636 654 892
Current MaxClique Size=44 0
Max Clique Size: 44
Clique Output: 359 360 361 362 363 295 403 346 380 397 334 401 509 510 511 296 640 641 761 456 559 406 550 520 461 678 647 648 649 774 457 166 787 407 408 733 862 590 888 684 671 800 833 871
Current MaxClique Size=45 0
Max Clique Size: 45
Clique Output: 340 359 360 361 362 363 295 403 346 380 397 334 401 509 510 511 296 640 641 761 456 559 406 550 520 461 678 647 648 649 774 457 166 787 407 408 733 862 590 888 684 671 800 833 871
Current MaxClique Size=46 0
Max Clique Size: 46
Clique Output: 298 340 359 360 361 362 363 295 403 346 380 397 334 401 509 510 511 296 640 641 761 456 559 406 550 520 461 678 647 648 649 774 457 166 787 407 408 733 862 590 888 684 671 800 833 871
Current MaxClique Size=47 0
Max Clique Size: 47
Clique Output: 269 298 340 359 360 361 362 363 295 403 346 380 397 334 401 509 510 511 296 640 641 761 456 559 406 550 520 461 678 647 648 649 774 457 166 787 407 408 733 862 590 888 684 671 800 833 871
Current MaxClique Size=48 0
Max Clique Size: 48
Clique Output: 294 269 298 340 359 360 361 362 363 295 403 346 380 397 334 401 509 510 511 296 640 641 761 456 559 406 550 520 461 678 647 648 649 774 457 166 787 407 408 733 862 590 888 684 671 800 833 871
Current MaxClique Size=49 0
Max Clique Size: 49
Clique Output: 241 294 269 298 340 359 360 361 362 363 295 403 346 380 397 334 401 509 510 511 296 640 641 761 456 559 406 550 520 461 678 647 648 649 774 457 166 787 407 408 733 862 590 888 684 671 800 833 871
Current MaxClique Size=50 0
Max Clique Size: 50
Clique Output: 192 241 294 269 298 340 359 360 361 362 363 295 403 346 380 397 334 401 509 510 511 296 640 641 761 456 559 406 550 520 461 678 647 648 649 774 457 166 787 407 408 733 862 590 888 684 671 800 833 871
Max Clique Size: 50
Clique Output: 192 241 294 269 298 340 359 360 361 362 363 295 403 346 380 397 334 401 509 510 511 296 640 641 761 456 559 406 550 520 461 678 647 648 649 774 457 166 787 407 408 733 862 590 888 684 671 800 833 871
Program terminated in 0 seconds.
NewIncMaxCLQ graphs/wap05a.col 905 43081 0.1053 0 0 50 1905 0
