Using the degeneracy ordering...
instance information: #node=5231, #edge=294902 density= 0.0216
initial clique size: 6

Current MaxClique Size=7 0
Max Clique Size: 7
Clique Output: 4743 4744 4745 4752 4753 4756 4757
Current MaxClique Size=8 0
Max Clique Size: 8
Clique Output: 4742 4743 4744 4745 4752 4753 4756 4757
Current MaxClique Size=9 0
Max Clique Size: 9
Clique Output: 4739 4742 4743 4744 4745 4752 4753 4756 4757
Current MaxClique Size=10 0
Max Clique Size: 10
Clique Output: 4738 4739 4742 4743 4744 4745 4752 4753 4756 4757
Current MaxClique Size=11 0
Max Clique Size: 11
Clique Output: 4723 4738 4739 4742 4743 4744 4745 4752 4753 4756 4757
Current MaxClique Size=12 0
Max Clique Size: 12
Clique Output: 4714 4723 4738 4739 4742 4743 4744 4745 4752 4753 4756 4757
Current MaxClique Size=13 0
Max Clique Size: 13
Clique Output: 4703 4714 4723 4738 4739 4742 4743 4744 4745 4752 4753 4756 4757
Current MaxClique Size=14 0
Max Clique Size: 14
Clique Output: 4693 4703 4714 4723 4738 4739 4742 4743 4744 4745 4752 4753 4756 4757
Current MaxClique Size=15 0
Max Clique Size: 15
Clique Output: 4690 4693 4703 4714 4723 4738 4739 4742 4743 4744 4745 4752 4753 4756 4757
Current MaxClique Size=16 0
Max Clique Size: 16
Clique Output: 4682 4690 4693 4703 4714 4723 4738 4739 4742 4743 4744 4745 4752 4753 4756 4757
Current MaxClique Size=17 0
Max Clique Size: 17
Clique Output: 4675 4682 4690 4693 4703 4714 4723 4738 4739 4742 4743 4744 4745 4752 4753 4756 4757
Current MaxClique Size=18 0
Max Clique Size: 18
Clique Output: 4674 4675 4682 4690 4693 4703 4714 4723 4738 4739 4742 4743 4744 4745 4752 4753 4756 4757
Current MaxClique Size=19 0
Max Clique Size: 19
Clique Output: 4661 4674 4675 4682 4690 4693 4703 4714 4723 4738 4739 4742 4743 4744 4745 4752 4753 4756 4757
Current MaxClique Size=20 0
Max Clique Size: 20
Clique Output: 4660 4661 4674 4675 4682 4690 4693 4703 4714 4723 4738 4739 4742 4743 4744 4745 4752 4753 4756 4757
Current MaxClique Size=21 0
Max Clique Size: 21
Clique Output: 4659 4660 4661 4674 4675 4682 4690 4693 4703 4714 4723 4738 4739 4742 4743 4744 4745 4752 4753 4756 4757
Current MaxClique Size=22 0
Max Clique Size: 22
Clique Output: 4657 4659 4660 4661 4674 4675 4682 4690 4693 4703 4714 4723 4738 4739 4742 4743 4744 4745 4752 4753 4756 4757
Current MaxClique Size=23 0
Max Clique Size: 23
Clique Output: 4641 4657 4659 4660 4661 4674 4675 4682 4690 4693 4703 4714 4723 4738 4739 4742 4743 4744 4745 4752 4753 4756 4757
Current MaxClique Size=24 0
Max Clique Size: 24
Clique Output: 4634 4641 4657 4659 4660 4661 4674 4675 4682 4690 4693 4703 4714 4723 4738 4739 4742 4743 4744 4745 4752 4753 4756 4757
Current MaxClique Size=25 0
Max Clique Size: 25
Clique Output: 4579 4634 4641 4657 4659 4660 4661 4674 4675 4682 4690 4693 4703 4714 4723 4738 4739 4742 4743 4744 4745 4752 4753 4756 4757
Current MaxClique Size=26 0
Max Clique Size: 26
Clique Output: 4540 4579 4634 4641 4657 4659 4660 4661 4674 4675 4682 4690 4693 4703 4714 4723 4738 4739 4742 4743 4744 4745 4752 4753 4756 4757
Current MaxClique Size=27 0
Max Clique Size: 27
Clique Output: 4406 4540 4579 4634 4641 4657 4659 4660 4661 4674 4675 4682 4690 4693 4703 4714 4723 4738 4739 4742 4743 4744 4745 4752 4753 4756 4757
Current MaxClique Size=28 0
Max Clique Size: 28
Clique Output: 4358 4406 4540 4579 4634 4641 4657 4659 4660 4661 4674 4675 4682 4690 4693 4703 4714 4723 4738 4739 4742 4743 4744 4745 4752 4753 4756 4757
Current MaxClique Size=29 0
Max Clique Size: 29
Clique Output: 4357 4358 4406 4540 4579 4634 4641 4657 4659 4660 4661 4674 4675 4682 4690 4693 4703 4714 4723 4738 4739 4742 4743 4744 4745 4752 4753 4756 4757
Current MaxClique Size=30 0
Max Clique Size: 30
Clique Output: 4354 4357 4358 4406 4540 4579 4634 4641 4657 4659 4660 4661 4674 4675 4682 4690 4693 4703 4714 4723 4738 4739 4742 4743 4744 4745 4752 4753 4756 4757
Current MaxClique Size=31 0
Max Clique Size: 31
Clique Output: 4353 4354 4357 4358 4406 4540 4579 4634 4641 4657 4659 4660 4661 4674 4675 4682 4690 4693 4703 4714 4723 4738 4739 4742 4743 4744 4745 4752 4753 4756 4757
Current MaxClique Size=32 0
Max Clique Size: 32
Clique Output: 4180 4353 4354 4357 4358 4406 4540 4579 4634 4641 4657 4659 4660 4661 4674 4675 4682 4690 4693 4703 4714 4723 4738 4739 4742 4743 4744 4745 4752 4753 4756 4757
Current MaxClique Size=33 0
Max Clique Size: 33
Clique Output: 4035 4180 4353 4354 4357 4358 4406 4540 4579 4634 4641 4657 4659 4660 4661 4674 4675 4682 4690 4693 4703 4714 4723 4738 4739 4742 4743 4744 4745 4752 4753 4756 4757
Current MaxClique Size=34 0
Max Clique Size: 34
Clique Output: 4023 4035 4180 4353 4354 4357 4358 4406 4540 4579 4634 4641 4657 4659 4660 4661 4674 4675 4682 4690 4693 4703 4714 4723 4738 4739 4742 4743 4744 4745 4752 4753 4756 4757
Current MaxClique Size=35 0
Max Clique Size: 35
Clique Output: 4017 4023 4035 4180 4353 4354 4357 4358 4406 4540 4579 4634 4641 4657 4659 4660 4661 4674 4675 4682 4690 4693 4703 4714 4723 4738 4739 4742 4743 4744 4745 4752 4753 4756 4757
Current MaxClique Size=36 0
Max Clique Size: 36
Clique Output: 3974 4017 4023 4035 4180 4353 4354 4357 4358 4406 4540 4579 4634 4641 4657 4659 4660 4661 4674 4675 4682 4690 4693 4703 4714 4723 4738 4739 4742 4743 4744 4745 4752 4753 4756 4757
Current MaxClique Size=37 0
Max Clique Size: 37
Clique Output: 3868 3974 4017 4023 4035 4180 4353 4354 4357 4358 4406 4540 4579 4634 4641 4657 4659 4660 4661 4674 4675 4682 4690 4693 4703 4714 4723 4738 4739 4742 4743 4744 4745 4752 4753 4756 4757
Current MaxClique Size=38 0
Max Clique Size: 38
Clique Output: 4627 4681 3615 4438 4444 4545 4524 4546 4567 4663 4748 4331 4691 4749 4688 4182 4599 4649 4652 4653 4075 4598 4662 4754 4755 4370 4740 4741 4286 4692 4120 4128 4282 4426 4429 4432 4436 4430
Current MaxClique Size=39 0
Max Clique Size: 39
Clique Output: 4552 4627 4681 3615 4438 4444 4545 4524 4546 4567 4663 4748 4331 4691 4749 4688 4182 4599 4649 4652 4653 4075 4598 4662 4754 4755 4370 4740 4741 4286 4692 4120 4128 4282 4426 4429 4432 4436 4430
Current MaxClique Size=40 0
Max Clique Size: 40
Clique Output: 3557 4552 4627 4681 3615 4438 4444 4545 4524 4546 4567 4663 4748 4331 4691 4749 4688 4182 4599 4649 4652 4653 4075 4598 4662 4754 4755 4370 4740 4741 4286 4692 4120 4128 4282 4426 4429 4432 4436 4430
Max Clique Size: 40
Clique Output: 3557 4552 4627 4681 3615 4438 4444 4545 4524 4546 4567 4663 4748 4331 4691 4749 4688 4182 4599 4649 4652 4653 4075 4598 4662 4754 4755 4370 4740 4741 4286 4692 4120 4128 4282 4426 4429 4432 4436 4430
Program terminated in 3 seconds.
NewIncMaxCLQ graphs/wap04a.col 5231 294902 0.0216 3 0 40 5844 0
