Using the degeneracy ordering...
instance information: #node=1809, #edge=103368 density= 0.0632
initial clique size: 16

Current MaxClique Size=17 0
Max Clique Size: 17
Clique Output: 1688 1689 1715 1733 1734 1739 1743 1752 1754 1772 1776 1778 1781 1786 1794 1800 1804
Current MaxClique Size=18 0
Max Clique Size: 18
Clique Output: 1682 1688 1689 1715 1733 1734 1739 1743 1752 1754 1772 1776 1778 1781 1786 1794 1800 1804
Current MaxClique Size=19 0
Max Clique Size: 19
Clique Output: 1661 1682 1688 1689 1715 1733 1734 1739 1743 1752 1754 1772 1776 1778 1781 1786 1794 1800 1804
Current MaxClique Size=20 0
Max Clique Size: 20
Clique Output: 1659 1661 1682 1688 1689 1715 1733 1734 1739 1743 1752 1754 1772 1776 1778 1781 1786 1794 1800 1804
Current MaxClique Size=21 0
Max Clique Size: 21
Clique Output: 1653 1659 1661 1682 1688 1689 1715 1733 1734 1739 1743 1752 1754 1772 1776 1778 1781 1786 1794 1800 1804
Current MaxClique Size=22 0
Max Clique Size: 22
Clique Output: 1640 1653 1659 1661 1682 1688 1689 1715 1733 1734 1739 1743 1752 1754 1772 1776 1778 1781 1786 1794 1800 1804
Current MaxClique Size=23 0
Max Clique Size: 23
Clique Output: 1602 1640 1653 1659 1661 1682 1688 1689 1715 1733 1734 1739 1743 1752 1754 1772 1776 1778 1781 1786 1794 1800 1804
Current MaxClique Size=24 0
Max Clique Size: 24
Clique Output: 1595 1602 1640 1653 1659 1661 1682 1688 1689 1715 1733 1734 1739 1743 1752 1754 1772 1776 1778 1781 1786 1794 1800 1804
Current MaxClique Size=25 0
Max Clique Size: 25
Clique Output: 1573 1595 1602 1640 1653 1659 1661 1682 1688 1689 1715 1733 1734 1739 1743 1752 1754 1772 1776 1778 1781 1786 1794 1800 1804
Current MaxClique Size=26 0
Max Clique Size: 26
Clique Output: 1572 1573 1595 1602 1640 1653 1659 1661 1682 1688 1689 1715 1733 1734 1739 1743 1752 1754 1772 1776 1778 1781 1786 1794 1800 1804
Current MaxClique Size=27 0
Max Clique Size: 27
Clique Output: 1561 1572 1573 1595 1602 1640 1653 1659 1661 1682 1688 1689 1715 1733 1734 1739 1743 1752 1754 1772 1776 1778 1781 1786 1794 1800 1804
Current MaxClique Size=28 0
Max Clique Size: 28
Clique Output: 1555 1561 1572 1573 1595 1602 1640 1653 1659 1661 1682 1688 1689 1715 1733 1734 1739 1743 1752 1754 1772 1776 1778 1781 1786 1794 1800 1804
Current MaxClique Size=29 0
Max Clique Size: 29
Clique Output: 1553 1555 1561 1572 1573 1595 1602 1640 1653 1659 1661 1682 1688 1689 1715 1733 1734 1739 1743 1752 1754 1772 1776 1778 1781 1786 1794 1800 1804
Current MaxClique Size=30 0
Max Clique Size: 30
Clique Output: 1546 1553 1555 1561 1572 1573 1595 1602 1640 1653 1659 1661 1682 1688 1689 1715 1733 1734 1739 1743 1752 1754 1772 1776 1778 1781 1786 1794 1800 1804
Current MaxClique Size=31 0
Max Clique Size: 31
Clique Output: 1542 1546 1553 1555 1561 1572 1573 1595 1602 1640 1653 1659 1661 1682 1688 1689 1715 1733 1734 1739 1743 1752 1754 1772 1776 1778 1781 1786 1794 1800 1804
Current MaxClique Size=32 0
Max Clique Size: 32
Clique Output: 1529 1542 1546 1553 1555 1561 1572 1573 1595 1602 1640 1653 1659 1661 1682 1688 1689 1715 1733 1734 1739 1743 1752 1754 1772 1776 1778 1781 1786 1794 1800 1804
Current MaxClique Size=33 0
Max Clique Size: 33
Clique Output: 1528 1529 1542 1546 1553 1555 1561 1572 1573 1595 1602 1640 1653 1659 1661 1682 1688 1689 1715 1733 1734 1739 1743 1752 1754 1772 1776 1778 1781 1786 1794 1800 1804
Current MaxClique Size=34 0
Max Clique Size: 34
Clique Output: 1472 1528 1529 1542 1546 1553 1555 1561 1572 1573 1595 1602 1640 1653 1659 1661 1682 1688 1689 1715 1733 1734 1739 1743 1752 1754 1772 1776 1778 1781 1786 1794 1800 1804
Current MaxClique Size=35 0
Max Clique Size: 35
Clique Output: 1431 1472 1528 1529 1542 1546 1553 1555 1561 1572 1573 1595 1602 1640 1653 1659 1661 1682 1688 1689 1715 1733 1734 1739 1743 1752 1754 1772 1776 1778 1781 1786 1794 1800 1804
Current MaxClique Size=36 0
Max Clique Size: 36
Clique Output: 1292 1431 1472 1528 1529 1542 1546 1553 1555 1561 1572 1573 1595 1602 1640 1653 1659 1661 1682 1688 1689 1715 1733 1734 1739 1743 1752 1754 1772 1776 1778 1781 1786 1794 1800 1804
Current MaxClique Size=37 0
Max Clique Size: 37
Clique Output: 1214 1292 1431 1472 1528 1529 1542 1546 1553 1555 1561 1572 1573 1595 1602 1640 1653 1659 1661 1682 1688 1689 1715 1733 1734 1739 1743 1752 1754 1772 1776 1778 1781 1786 1794 1800 1804
Current MaxClique Size=38 0
Max Clique Size: 38
Clique Output: 1208 1214 1292 1431 1472 1528 1529 1542 1546 1553 1555 1561 1572 1573 1595 1602 1640 1653 1659 1661 1682 1688 1689 1715 1733 1734 1739 1743 1752 1754 1772 1776 1778 1781 1786 1794 1800 1804
Current MaxClique Size=39 0
Max Clique Size: 39
Clique Output: 1333 1365 1221 724 1559 1203 1165 962 1074 1367 1338 1499 1634 1741 1614 1494 1543 1438 1612 1138 1474 1208 1214 1292 1431 1529 1546 1555 1573 1595 1640 1653 1661 1688 1715 1739 1754 1778 1781
Current MaxClique Size=40 0
Max Clique Size: 40
Clique Output: 1194 1391 1410 1593 1605 1353 1362 1126 1446 1710 1720 1769 1783 1492 1668 1371 1601 1706 1674 1628 1673 1764 1704 1719 1702 1402 1686 1809 1603 1723 1759 1737 1505 1735 1742 1771 1793 1691 1767 1774
Max Clique Size: 40
Clique Output: 1194 1391 1410 1593 1605 1353 1362 1126 1446 1710 1720 1769 1783 1492 1668 1371 1601 1706 1674 1628 1673 1764 1704 1719 1702 1402 1686 1809 1603 1723 1759 1737 1505 1735 1742 1771 1793 1691 1767 1774
Program terminated in 0 seconds.
NewIncMaxCLQ graphs/wap07a.col 1809 103368 0.0632 0 0 40 2367 0
