Using the degeneracy ordering...
instance information: #node=500, #edge=58862 density= 0.4718
initial clique size: 94

Current MaxClique Size=95 0
Max Clique Size: 95
Clique Output: 83 92 93 94 95 97 110 117 121 123 131 132 145 154 155 157 158 159 162 163 169 177 178 179 180 183 195 198 206 207 209 211 219 226 230 232 241 242 243 250 256 260 264 271 277 281 282 292 297 304 306 312 315 316 331 334 340 345 348 350 351 354 356 357 358 362 364 366 371 381 385 387 394 401 404 416 421 425 427 430 432 435 449 452 463 464 465 468 471 478 485 488 490 493 497
Current MaxClique Size=96 0
Max Clique Size: 96
Clique Output: 81 83 92 93 94 95 97 110 117 121 123 131 132 145 154 155 157 158 159 162 163 169 177 178 179 180 183 195 198 206 207 209 211 219 226 230 232 241 242 243 250 256 260 264 271 277 281 282 292 297 304 306 312 315 316 331 334 340 345 348 350 351 354 356 357 358 362 364 366 371 381 385 387 394 401 404 416 421 425 427 430 432 435 449 452 463 464 465 468 471 478 485 488 490 493 497
Current MaxClique Size=97 0
Max Clique Size: 97
Clique Output: 78 81 83 92 93 94 95 97 110 117 121 123 131 132 145 154 155 157 158 159 162 163 169 177 178 179 180 183 195 198 206 207 209 211 219 226 230 232 241 242 243 250 256 260 264 271 277 281 282 292 297 304 306 312 315 316 331 334 340 345 348 350 351 354 356 357 358 362 364 366 371 381 385 387 394 401 404 416 421 425 427 430 432 435 449 452 463 464 465 468 471 478 485 488 490 493 497
Current MaxClique Size=98 0
Max Clique Size: 98
Clique Output: 73 78 81 83 92 93 94 95 97 110 117 121 123 131 132 145 154 155 157 158 159 162 163 169 177 178 179 180 183 195 198 206 207 209 211 219 226 230 232 241 242 243 250 256 260 264 271 277 281 282 292 297 304 306 312 315 316 331 334 340 345 348 350 351 354 356 357 358 362 364 366 371 381 385 387 394 401 404 416 421 425 427 430 432 435 449 452 463 464 465 468 471 478 485 488 490 493 497
Current MaxClique Size=99 0
Max Clique Size: 99
Clique Output: 72 73 78 81 83 92 93 94 95 97 110 117 121 123 131 132 145 154 155 157 158 159 162 163 169 177 178 179 180 183 195 198 206 207 209 211 219 226 230 232 241 242 243 250 256 260 264 271 277 281 282 292 297 304 306 312 315 316 331 334 340 345 348 350 351 354 356 357 358 362 364 366 371 381 385 387 394 401 404 416 421 425 427 430 432 435 449 452 463 464 465 468 471 478 485 488 490 493 497
Current MaxClique Size=100 0
Max Clique Size: 100
Clique Output: 69 72 73 78 81 83 92 93 94 95 97 110 117 121 123 131 132 145 154 155 157 158 159 162 163 169 177 178 179 180 183 195 198 206 207 209 211 219 226 230 232 241 242 243 250 256 260 264 271 277 281 282 292 297 304 306 312 315 316 331 334 340 345 348 350 351 354 356 357 358 362 364 366 371 381 385 387 394 401 404 416 421 425 427 430 432 435 449 452 463 464 465 468 471 478 485 488 490 493 497
Current MaxClique Size=101 0
Max Clique Size: 101
Clique Output: 67 69 72 73 78 81 83 92 93 94 95 97 110 117 121 123 131 132 145 154 155 157 158 159 162 163 169 177 178 179 180 183 195 198 206 207 209 211 219 226 230 232 241 242 243 250 256 260 264 271 277 281 282 292 297 304 306 312 315 316 331 334 340 345 348 350 351 354 356 357 358 362 364 366 371 381 385 387 394 401 404 416 421 425 427 430 432 435 449 452 463 464 465 468 471 478 485 488 490 493 497
Current MaxClique Size=102 0
Max Clique Size: 102
Clique Output: 65 67 69 72 73 78 81 83 92 93 94 95 97 110 117 121 123 131 132 145 154 155 157 158 159 162 163 169 177 178 179 180 183 195 198 206 207 209 211 219 226 230 232 241 242 243 250 256 260 264 271 277 281 282 292 297 304 306 312 315 316 331 334 340 345 348 350 351 354 356 357 358 362 364 366 371 381 385 387 394 401 404 416 421 425 427 430 432 435 449 452 463 464 465 468 471 478 485 488 490 493 497
Current MaxClique Size=103 0
Max Clique Size: 103
Clique Output: 62 65 67 69 72 73 78 81 83 92 93 94 95 97 110 117 121 123 131 132 145 154 155 157 158 159 162 163 169 177 178 179 180 183 195 198 206 207 209 211 219 226 230 232 241 242 243 250 256 260 264 271 277 281 282 292 297 304 306 312 315 316 331 334 340 345 348 350 351 354 356 357 358 362 364 366 371 381 385 387 394 401 404 416 421 425 427 430 432 435 449 452 463 464 465 468 471 478 485 488 490 493 497
Current MaxClique Size=104 0
Max Clique Size: 104
Clique Output: 59 62 65 67 69 72 73 78 81 83 92 93 94 95 97 110 117 121 123 131 132 145 154 155 157 158 159 162 163 169 177 178 179 180 183 195 198 206 207 209 211 219 226 230 232 241 242 243 250 256 260 264 271 277 281 282 292 297 304 306 312 315 316 331 334 340 345 348 350 351 354 356 357 358 362 364 366 371 381 385 387 394 401 404 416 421 425 427 430 432 435 449 452 463 464 465 468 471 478 485 488 490 493 497
Current MaxClique Size=105 0
Max Clique Size: 105
Clique Output: 56 59 62 65 67 69 72 73 78 81 83 92 93 94 95 97 110 117 121 123 131 132 145 154 155 157 158 159 162 163 169 177 178 179 180 183 195 198 206 207 209 211 219 226 230 232 241 242 243 250 256 260 264 271 277 281 282 292 297 304 306 312 315 316 331 334 340 345 348 350 351 354 356 357 358 362 364 366 371 381 385 387 394 401 404 416 421 425 427 430 432 435 449 452 463 464 465 468 471 478 485 488 490 493 497
Current MaxClique Size=106 0
Max Clique Size: 106
Clique Output: 50 56 59 62 65 67 69 72 73 78 81 83 92 93 94 95 97 110 117 121 123 131 132 145 154 155 157 158 159 162 163 169 177 178 179 180 183 195 198 206 207 209 211 219 226 230 232 241 242 243 250 256 260 264 271 277 281 282 292 297 304 306 312 315 316 331 334 340 345 348 350 351 354 356 357 358 362 364 366 371 381 385 387 394 401 404 416 421 425 427 430 432 435 449 452 463 464 465 468 471 478 485 488 490 493 497
Current MaxClique Size=107 0
Max Clique Size: 107
Clique Output: 45 50 56 59 62 65 67 69 72 73 78 81 83 92 93 94 95 97 110 117 121 123 131 132 145 154 155 157 158 159 162 163 169 177 178 179 180 183 195 198 206 207 209 211 219 226 230 232 241 242 243 250 256 260 264 271 277 281 282 292 297 304 306 312 315 316 331 334 340 345 348 350 351 354 356 357 358 362 364 366 371 381 385 387 394 401 404 416 421 425 427 430 432 435 449 452 463 464 465 468 471 478 485 488 490 493 497
Current MaxClique Size=108 0
Max Clique Size: 108
Clique Output: 42 45 50 56 59 62 65 67 69 72 73 78 81 83 92 93 94 95 97 110 117 121 123 131 132 145 154 155 157 158 159 162 163 169 177 178 179 180 183 195 198 206 207 209 211 219 226 230 232 241 242 243 250 256 260 264 271 277 281 282 292 297 304 306 312 315 316 331 334 340 345 348 350 351 354 356 357 358 362 364 366 371 381 385 387 394 401 404 416 421 425 427 430 432 435 449 452 463 464 465 468 471 478 485 488 490 493 497
Current MaxClique Size=109 0
Max Clique Size: 109
Clique Output: 40 42 45 50 56 59 62 65 67 69 72 73 78 81 83 92 93 94 95 97 110 117 121 123 131 132 145 154 155 157 158 159 162 163 169 177 178 179 180 183 195 198 206 207 209 211 219 226 230 232 241 242 243 250 256 260 264 271 277 281 282 292 297 304 306 312 315 316 331 334 340 345 348 350 351 354 356 357 358 362 364 366 371 381 385 387 394 401 404 416 421 425 427 430 432 435 449 452 463 464 465 468 471 478 485 488 490 493 497
Current MaxClique Size=110 0
Max Clique Size: 110
Clique Output: 34 40 42 45 50 56 59 62 65 67 69 72 73 78 81 83 92 93 94 95 97 110 117 121 123 131 132 145 154 155 157 158 159 162 163 169 177 178 179 180 183 195 198 206 207 209 211 219 226 230 232 241 242 243 250 256 260 264 271 277 281 282 292 297 304 306 312 315 316 331 334 340 345 348 350 351 354 356 357 358 362 364 366 371 381 385 387 394 401 404 416 421 425 427 430 432 435 449 452 463 464 465 468 471 478 485 488 490 493 497
Current MaxClique Size=111 0
Max Clique Size: 111
Clique Output: 32 34 40 42 45 50 56 59 62 65 67 69 72 73 78 81 83 92 93 94 95 97 110 117 121 123 131 132 145 154 155 157 158 159 162 163 169 177 178 179 180 183 195 198 206 207 209 211 219 226 230 232 241 242 243 250 256 260 264 271 277 281 282 292 297 304 306 312 315 316 331 334 340 345 348 350 351 354 356 357 358 362 364 366 371 381 385 387 394 401 404 416 421 425 427 430 432 435 449 452 463 464 465 468 471 478 485 488 490 493 497
Current MaxClique Size=112 0
Max Clique Size: 112
Clique Output: 28 32 34 40 42 45 50 56 59 62 65 67 69 72 73 78 81 83 92 93 94 95 97 110 117 121 123 131 132 145 154 155 157 158 159 162 163 169 177 178 179 180 183 195 198 206 207 209 211 219 226 230 232 241 242 243 250 256 260 264 271 277 281 282 292 297 304 306 312 315 316 331 334 340 345 348 350 351 354 356 357 358 362 364 366 371 381 385 387 394 401 404 416 421 425 427 430 432 435 449 452 463 464 465 468 471 478 485 488 490 493 497
Current MaxClique Size=113 0
Max Clique Size: 113
Clique Output: 26 28 32 34 40 42 45 50 56 59 62 65 67 69 72 73 78 81 83 92 93 94 95 97 110 117 121 123 131 132 145 154 155 157 158 159 162 163 169 177 178 179 180 183 195 198 206 207 209 211 219 226 230 232 241 242 243 250 256 260 264 271 277 281 282 292 297 304 306 312 315 316 331 334 340 345 348 350 351 354 356 357 358 362 364 366 371 381 385 387 394 401 404 416 421 425 427 430 432 435 449 452 463 464 465 468 471 478 485 488 490 493 497
Current MaxClique Size=114 0
Max Clique Size: 114
Clique Output: 22 26 28 32 34 40 42 45 50 56 59 62 65 67 69 72 73 78 81 83 92 93 94 95 97 110 117 121 123 131 132 145 154 155 157 158 159 162 163 169 177 178 179 180 183 195 198 206 207 209 211 219 226 230 232 241 242 243 250 256 260 264 271 277 281 282 292 297 304 306 312 315 316 331 334 340 345 348 350 351 354 356 357 358 362 364 366 371 381 385 387 394 401 404 416 421 425 427 430 432 435 449 452 463 464 465 468 471 478 485 488 490 493 497
Current MaxClique Size=115 0
Max Clique Size: 115
Clique Output: 20 22 26 28 32 34 40 42 45 50 56 59 62 65 67 69 72 73 78 81 83 92 93 94 95 97 110 117 121 123 131 132 145 154 155 157 158 159 162 163 169 177 178 179 180 183 195 198 206 207 209 211 219 226 230 232 241 242 243 250 256 260 264 271 277 281 282 292 297 304 306 312 315 316 331 334 340 345 348 350 351 354 356 357 358 362 364 366 371 381 385 387 394 401 404 416 421 425 427 430 432 435 449 452 463 464 465 468 471 478 485 488 490 493 497
Current MaxClique Size=116 0
Max Clique Size: 116
Clique Output: 18 20 22 26 28 32 34 40 42 45 50 56 59 62 65 67 69 72 73 78 81 83 92 93 94 95 97 110 117 121 123 131 132 145 154 155 157 158 159 162 163 169 177 178 179 180 183 195 198 206 207 209 211 219 226 230 232 241 242 243 250 256 260 264 271 277 281 282 292 297 304 306 312 315 316 331 334 340 345 348 350 351 354 356 357 358 362 364 366 371 381 385 387 394 401 404 416 421 425 427 430 432 435 449 452 463 464 465 468 471 478 485 488 490 493 497
Current MaxClique Size=117 0
Max Clique Size: 117
Clique Output: 10 18 20 22 26 28 32 34 40 42 45 50 56 59 62 65 67 69 72 73 78 81 83 92 93 94 95 97 110 117 121 123 131 132 145 154 155 157 158 159 162 163 169 177 178 179 180 183 195 198 206 207 209 211 219 226 230 232 241 242 243 250 256 260 264 271 277 281 282 292 297 304 306 312 315 316 331 334 340 345 348 350 351 354 356 357 358 362 364 366 371 381 385 387 394 401 404 416 421 425 427 430 432 435 449 452 463 464 465 468 471 478 485 488 490 493 497
Current MaxClique Size=118 0
Max Clique Size: 118
Clique Output: 3 10 18 20 22 26 28 32 34 40 42 45 50 56 59 62 65 67 69 72 73 78 81 83 92 93 94 95 97 110 117 121 123 131 132 145 154 155 157 158 159 162 163 169 177 178 179 180 183 195 198 206 207 209 211 219 226 230 232 241 242 243 250 256 260 264 271 277 281 282 292 297 304 306 312 315 316 331 334 340 345 348 350 351 354 356 357 358 362 364 366 371 381 385 387 394 401 404 416 421 425 427 430 432 435 449 452 463 464 465 468 471 478 485 488 490 493 497
Current MaxClique Size=119 0
Max Clique Size: 119
Clique Output: 1 3 10 18 20 22 26 28 32 34 40 42 45 50 56 59 62 65 67 69 72 73 78 81 83 92 93 94 95 97 110 117 121 123 131 132 145 154 155 157 158 159 162 163 169 177 178 179 180 183 195 198 206 207 209 211 219 226 230 232 241 242 243 250 256 260 264 271 277 281 282 292 297 304 306 312 315 316 331 334 340 345 348 350 351 354 356 357 358 362 364 366 371 381 385 387 394 401 404 416 421 425 427 430 432 435 449 452 463 464 465 468 471 478 485 488 490 493 497
Current MaxClique Size=120 0
Max Clique Size: 120
Clique Output: 303 483 41 278 484 7 337 172 191 349 115 61 213 415 437 259 269 453 451 313 257 103 420 380 246 456 487 215 390 448 302 101 33 237 214 15 310 222 289 276 60 218 386 299 314 388 294 408 339 173 263 66 236 405 120 220 326 344 414 347 402 77 137 58 346 383 98 189 13 275 245 458 409 57 225 272 247 102 104 48 412 84 85 393 161 233 1 10 20 32 62 65 72 93 94 97 110 132 154 162 163 178 180 209 243 250 271 292 297 304 306 354 358 381 416 465 471 478 488 490
Current MaxClique Size=121 0
Max Clique Size: 121
Clique Output: 165 303 483 41 278 484 7 337 172 191 349 115 61 213 415 437 259 269 453 451 313 257 103 420 380 246 456 487 215 390 448 302 101 33 237 214 15 310 222 289 276 60 218 386 299 314 388 294 408 339 173 263 66 236 405 120 220 326 344 414 347 402 77 137 58 346 383 98 189 13 275 245 458 409 57 225 272 247 102 104 48 412 84 85 393 161 233 1 10 20 32 62 65 72 93 94 97 110 132 154 162 163 178 180 209 243 250 271 292 297 304 306 354 358 381 416 465 471 478 488 490
Current MaxClique Size=122 0
Max Clique Size: 122
Clique Output: 44 165 303 483 41 278 484 7 337 172 191 349 115 61 213 415 437 259 269 453 451 313 257 103 420 380 246 456 487 215 390 448 302 101 33 237 214 15 310 222 289 276 60 218 386 299 314 388 294 408 339 173 263 66 236 405 120 220 326 344 414 347 402 77 137 58 346 383 98 189 13 275 245 458 409 57 225 272 247 102 104 48 412 84 85 393 161 233 1 10 20 32 62 65 72 93 94 97 110 132 154 162 163 178 180 209 243 250 271 292 297 304 306 354 358 381 416 465 471 478 488 490
Max Clique Size: 122
Clique Output: 44 165 303 483 41 278 484 7 337 172 191 349 115 61 213 415 437 259 269 453 451 313 257 103 420 380 246 456 487 215 390 448 302 101 33 237 214 15 310 222 289 276 60 218 386 299 314 388 294 408 339 173 263 66 236 405 120 220 326 344 414 347 402 77 137 58 346 383 98 189 13 275 245 458 409 57 225 272 247 102 104 48 412 84 85 393 161 233 1 10 20 32 62 65 72 93 94 97 110 132 154 162 163 178 180 209 243 250 271 292 297 304 306 354 358 381 416 465 471 478 488 490
Program terminated in 0 seconds.
NewIncMaxCLQ graphs/DSJR500.5.col 500 58862 0.4718 0 0 122 3409 0
