Using the degeneracy ordering...
instance information: #node=1000, #edge=245000 density= 0.4905
initial clique size: 10

Current MaxClique Size=11 0
Max Clique Size: 11
Clique Output: 520 7 326 404 478 229 237 353 488 529 910
Current MaxClique Size=12 1
Max Clique Size: 12
Clique Output: 203 451 742 943 870 987 922 986 96 404 237 865
Current MaxClique Size=13 2186
Max Clique Size: 13
Clique Output: 317 606 186 29 425 815 313 370 646 986 353 488 792
Current MaxClique Size=14 35835
Max Clique Size: 14
Clique Output: 398 393 741 306 443 172 813 913 602 554 110 608 451 865
Current MaxClique Size=15 1671046
Max Clique Size: 15
Clique Output: 569 635 929 895 183 509 732 365 976 285 216 390 38 822 303
Max Clique Size: 15
Clique Output: 569 635 929 895 183 509 732 365 976 285 216 390 38 822 303
Program terminated in 294 seconds.
NewIncMaxCLQ graphs/flat1000_50_0.col 1000 245000 0.4905 294 1683442 15 39485139 2385
