Using the degeneracy ordering...
instance information: #node=496, #edge=11654 density= 0.0949
initial clique size: 41

Current MaxClique Size=42 0
Max Clique Size: 42
Clique Output: 77 88 90 91 92 93 94 95 96 97 107 108 110 113 114 116 117 119 120 121 122 123 124 125 168 171 325 327 329 333 336 338 339 360 366 368 404 407 411 412 413 421
Current MaxClique Size=43 0
Max Clique Size: 43
Clique Output: 74 77 88 90 91 92 93 94 95 96 97 107 108 110 113 114 116 117 119 120 121 122 123 124 125 168 171 325 327 329 333 336 338 339 360 366 368 404 407 411 412 413 421
Current MaxClique Size=44 0
Max Clique Size: 44
Clique Output: 63 74 77 88 90 91 92 93 94 95 96 97 107 108 110 113 114 116 117 119 120 121 122 123 124 125 168 171 325 327 329 333 336 338 339 360 366 368 404 407 411 412 413 421
Current MaxClique Size=45 0
Max Clique Size: 45
Clique Output: 55 63 74 77 88 90 91 92 93 94 95 96 97 107 108 110 113 114 116 117 119 120 121 122 123 124 125 168 171 325 327 329 333 336 338 339 360 366 368 404 407 411 412 413 421
Current MaxClique Size=46 0
Max Clique Size: 46
Clique Output: 50 55 63 74 77 88 90 91 92 93 94 95 96 97 107 108 110 113 114 116 117 119 120 121 122 123 124 125 168 171 325 327 329 333 336 338 339 360 366 368 404 407 411 412 413 421
Current MaxClique Size=47 0
Max Clique Size: 47
Clique Output: 46 50 55 63 74 77 88 90 91 92 93 94 95 96 97 107 108 110 113 114 116 117 119 120 121 122 123 124 125 168 171 325 327 329 333 336 338 339 360 366 368 404 407 411 412 413 421
Current MaxClique Size=48 0
Max Clique Size: 48
Clique Output: 44 46 50 55 63 74 77 88 90 91 92 93 94 95 96 97 107 108 110 113 114 116 117 119 120 121 122 123 124 125 168 171 325 327 329 333 336 338 339 360 366 368 404 407 411 412 413 421
Current MaxClique Size=49 0
Max Clique Size: 49
Clique Output: 38 44 46 50 55 63 74 77 88 90 91 92 93 94 95 96 97 107 108 110 113 114 116 117 119 120 121 122 123 124 125 168 171 325 327 329 333 336 338 339 360 366 368 404 407 411 412 413 421
Current MaxClique Size=50 0
Max Clique Size: 50
Clique Output: 32 38 44 46 50 55 63 74 77 88 90 91 92 93 94 95 96 97 107 108 110 113 114 116 117 119 120 121 122 123 124 125 168 171 325 327 329 333 336 338 339 360 366 368 404 407 411 412 413 421
Current MaxClique Size=51 0
Max Clique Size: 51
Clique Output: 31 32 38 44 46 50 55 63 74 77 88 90 91 92 93 94 95 96 97 107 108 110 113 114 116 117 119 120 121 122 123 124 125 168 171 325 327 329 333 336 338 339 360 366 368 404 407 411 412 413 421
Current MaxClique Size=52 0
Max Clique Size: 52
Clique Output: 30 31 32 38 44 46 50 55 63 74 77 88 90 91 92 93 94 95 96 97 107 108 110 113 114 116 117 119 120 121 122 123 124 125 168 171 325 327 329 333 336 338 339 360 366 368 404 407 411 412 413 421
Current MaxClique Size=53 0
Max Clique Size: 53
Clique Output: 29 30 31 32 38 44 46 50 55 63 74 77 88 90 91 92 93 94 95 96 97 107 108 110 113 114 116 117 119 120 121 122 123 124 125 168 171 325 327 329 333 336 338 339 360 366 368 404 407 411 412 413 421
Current MaxClique Size=54 0
Max Clique Size: 54
Clique Output: 28 29 30 31 32 38 44 46 50 55 63 74 77 88 90 91 92 93 94 95 96 97 107 108 110 113 114 116 117 119 120 121 122 123 124 125 168 171 325 327 329 333 336 338 339 360 366 368 404 407 411 412 413 421
Current MaxClique Size=55 0
Max Clique Size: 55
Clique Output: 27 28 29 30 31 32 38 44 46 50 55 63 74 77 88 90 91 92 93 94 95 96 97 107 108 110 113 114 116 117 119 120 121 122 123 124 125 168 171 325 327 329 333 336 338 339 360 366 368 404 407 411 412 413 421
Current MaxClique Size=56 0
Max Clique Size: 56
Clique Output: 26 27 28 29 30 31 32 38 44 46 50 55 63 74 77 88 90 91 92 93 94 95 96 97 107 108 110 113 114 116 117 119 120 121 122 123 124 125 168 171 325 327 329 333 336 338 339 360 366 368 404 407 411 412 413 421
Current MaxClique Size=57 0
Max Clique Size: 57
Clique Output: 25 26 27 28 29 30 31 32 38 44 46 50 55 63 74 77 88 90 91 92 93 94 95 96 97 107 108 110 113 114 116 117 119 120 121 122 123 124 125 168 171 325 327 329 333 336 338 339 360 366 368 404 407 411 412 413 421
Current MaxClique Size=58 0
Max Clique Size: 58
Clique Output: 24 25 26 27 28 29 30 31 32 38 44 46 50 55 63 74 77 88 90 91 92 93 94 95 96 97 107 108 110 113 114 116 117 119 120 121 122 123 124 125 168 171 325 327 329 333 336 338 339 360 366 368 404 407 411 412 413 421
Current MaxClique Size=59 0
Max Clique Size: 59
Clique Output: 23 24 25 26 27 28 29 30 31 32 38 44 46 50 55 63 74 77 88 90 91 92 93 94 95 96 97 107 108 110 113 114 116 117 119 120 121 122 123 124 125 168 171 325 327 329 333 336 338 339 360 366 368 404 407 411 412 413 421
Current MaxClique Size=60 0
Max Clique Size: 60
Clique Output: 22 23 24 25 26 27 28 29 30 31 32 38 44 46 50 55 63 74 77 88 90 91 92 93 94 95 96 97 107 108 110 113 114 116 117 119 120 121 122 123 124 125 168 171 325 327 329 333 336 338 339 360 366 368 404 407 411 412 413 421
Current MaxClique Size=61 0
Max Clique Size: 61
Clique Output: 21 22 23 24 25 26 27 28 29 30 31 32 38 44 46 50 55 63 74 77 88 90 91 92 93 94 95 96 97 107 108 110 113 114 116 117 119 120 121 122 123 124 125 168 171 325 327 329 333 336 338 339 360 366 368 404 407 411 412 413 421
Current MaxClique Size=62 0
Max Clique Size: 62
Clique Output: 20 21 22 23 24 25 26 27 28 29 30 31 32 38 44 46 50 55 63 74 77 88 90 91 92 93 94 95 96 97 107 108 110 113 114 116 117 119 120 121 122 123 124 125 168 171 325 327 329 333 336 338 339 360 366 368 404 407 411 412 413 421
Current MaxClique Size=63 0
Max Clique Size: 63
Clique Output: 19 20 21 22 23 24 25 26 27 28 29 30 31 32 38 44 46 50 55 63 74 77 88 90 91 92 93 94 95 96 97 107 108 110 113 114 116 117 119 120 121 122 123 124 125 168 171 325 327 329 333 336 338 339 360 366 368 404 407 411 412 413 421
Current MaxClique Size=64 0
Max Clique Size: 64
Clique Output: 18 19 20 21 22 23 24 25 26 27 28 29 30 31 32 38 44 46 50 55 63 74 77 88 90 91 92 93 94 95 96 97 107 108 110 113 114 116 117 119 120 121 122 123 124 125 168 171 325 327 329 333 336 338 339 360 366 368 404 407 411 412 413 421
Current MaxClique Size=65 0
Max Clique Size: 65
Clique Output: 17 18 19 20 21 22 23 24 25 26 27 28 29 30 31 32 38 44 46 50 55 63 74 77 88 90 91 92 93 94 95 96 97 107 108 110 113 114 116 117 119 120 121 122 123 124 125 168 171 325 327 329 333 336 338 339 360 366 368 404 407 411 412 413 421
Max Clique Size: 65
Clique Output: 17 18 19 20 21 22 23 24 25 26 27 28 29 30 31 32 38 44 46 50 55 63 74 77 88 90 91 92 93 94 95 96 97 107 108 110 113 114 116 117 119 120 121 122 123 124 125 168 171 325 327 329 333 336 338 339 360 366 368 404 407 411 412 413 421
Program terminated in 0 seconds.
NewIncMaxCLQ graphs/fpsol2.i.1.col 496 11654 0.0949 0 0 65 1482 0
