Using the degeneracy ordering...
instance information: #node=621, #edge=13969 density= 0.0726
initial clique size: 14

Current MaxClique Size=15 0
Max Clique Size: 15
Clique Output: 31 32 45 48 52 53 81 90 152 591 595 607 610 612 621
Current MaxClique Size=16 0
Max Clique Size: 16
Clique Output: 30 31 32 45 48 52 53 81 90 152 591 595 607 610 612 621
Current MaxClique Size=17 0
Max Clique Size: 17
Clique Output: 29 30 31 32 45 48 52 53 81 90 152 591 595 607 610 612 621
Current MaxClique Size=18 0
Max Clique Size: 18
Clique Output: 28 29 30 31 32 45 48 52 53 81 90 152 591 595 607 610 612 621
Current MaxClique Size=19 0
Max Clique Size: 19
Clique Output: 27 28 29 30 31 32 45 48 52 53 81 90 152 591 595 607 610 612 621
Current MaxClique Size=20 0
Max Clique Size: 20
Clique Output: 26 27 28 29 30 31 32 45 48 52 53 81 90 152 591 595 607 610 612 621
Current MaxClique Size=21 0
Max Clique Size: 21
Clique Output: 25 26 27 28 29 30 31 32 45 48 52 53 81 90 152 591 595 607 610 612 621
Current MaxClique Size=22 0
Max Clique Size: 22
Clique Output: 24 25 26 27 28 29 30 31 32 45 48 52 53 81 90 152 591 595 607 610 612 621
Current MaxClique Size=23 0
Max Clique Size: 23
Clique Output: 23 24 25 26 27 28 29 30 31 32 45 48 52 53 81 90 152 591 595 607 610 612 621
Current MaxClique Size=24 0
Max Clique Size: 24
Clique Output: 22 23 24 25 26 27 28 29 30 31 32 45 48 52 53 81 90 152 591 595 607 610 612 621
Current MaxClique Size=25 0
Max Clique Size: 25
Clique Output: 21 22 23 24 25 26 27 28 29 30 31 32 45 48 52 53 81 90 152 591 595 607 610 612 621
Current MaxClique Size=26 0
Max Clique Size: 26
Clique Output: 20 21 22 23 24 25 26 27 28 29 30 31 32 45 48 52 53 81 90 152 591 595 607 610 612 621
Current MaxClique Size=27 0
Max Clique Size: 27
Clique Output: 19 20 21 22 23 24 25 26 27 28 29 30 31 32 45 48 52 53 81 90 152 591 595 607 610 612 621
Current MaxClique Size=28 0
Max Clique Size: 28
Clique Output: 18 19 20 21 22 23 24 25 26 27 28 29 30 31 32 45 48 52 53 81 90 152 591 595 607 610 612 621
Current MaxClique Size=29 0
Max Clique Size: 29
Clique Output: 17 18 19 20 21 22 23 24 25 26 27 28 29 30 31 32 45 48 52 53 81 90 152 591 595 607 610 612 621
Current MaxClique Size=30 0
Max Clique Size: 30
Clique Output: 96 108 111 119 123 124 125 4 5 6 7 8 9 10 11 12 13 14 15 16 79 80 92 78 77 76 75 1 2 3
Current MaxClique Size=31 0
Max Clique Size: 31
Clique Output: 93 96 108 111 119 123 124 125 4 5 6 7 8 9 10 11 12 13 14 15 16 79 80 92 78 77 76 75 1 2 3
Max Clique Size: 31
Clique Output: 93 96 108 111 119 123 124 125 4 5 6 7 8 9 10 11 12 13 14 15 16 79 80 92 78 77 76 75 1 2 3
Program terminated in 0 seconds.
NewIncMaxCLQ graphs/inithx.i.3.col 621 13969 0.0726 0 0 31 599 0
