Using the degeneracy ordering...
instance information: #node=450, #edge=17425 density= 0.1725
initial clique size: 8

Current MaxClique Size=9 0
Max Clique Size: 9
Clique Output: 239 242 249 261 309 341 351 432 448
Current MaxClique Size=10 0
Max Clique Size: 10
Clique Output: 208 239 242 249 261 309 341 351 432 448
Current MaxClique Size=11 0
Max Clique Size: 11
Clique Output: 188 208 239 242 249 261 309 341 351 432 448
Current MaxClique Size=12 0
Max Clique Size: 12
Clique Output: 172 188 208 239 242 249 261 309 341 351 432 448
Current MaxClique Size=13 0
Max Clique Size: 13
Clique Output: 168 172 188 208 239 242 249 261 309 341 351 432 448
Current MaxClique Size=14 0
Max Clique Size: 14
Clique Output: 150 168 172 188 208 239 242 249 261 309 341 351 432 448
Current MaxClique Size=15 0
Max Clique Size: 15
Clique Output: 102 150 168 172 188 208 239 242 249 261 309 341 351 432 448
Current MaxClique Size=16 0
Max Clique Size: 16
Clique Output: 62 102 150 168 172 188 208 239 242 249 261 309 341 351 432 448
Current MaxClique Size=17 0
Max Clique Size: 17
Clique Output: 54 62 102 150 168 172 188 208 239 242 249 261 309 341 351 432 448
Current MaxClique Size=18 0
Max Clique Size: 18
Clique Output: 40 54 62 102 150 168 172 188 208 239 242 249 261 309 341 351 432 448
Current MaxClique Size=19 0
Max Clique Size: 19
Clique Output: 21 40 54 62 102 150 168 172 188 208 239 242 249 261 309 341 351 432 448
Current MaxClique Size=20 0
Max Clique Size: 20
Clique Output: 406 21 40 54 62 102 150 168 172 188 208 239 242 249 261 309 341 351 432 448
Current MaxClique Size=21 0
Max Clique Size: 21
Clique Output: 253 406 21 40 54 62 102 150 168 172 188 208 239 242 249 261 309 341 351 432 448
Current MaxClique Size=22 0
Max Clique Size: 22
Clique Output: 24 413 292 326 383 380 300 384 398 43 328 129 235 352 64 295 181 207 44 21 40 62
Current MaxClique Size=23 0
Max Clique Size: 23
Clique Output: 294 155 253 406 21 40 54 62 102 150 168 172 188 208 239 242 249 261 309 341 351 432 448
Current MaxClique Size=24 0
Max Clique Size: 24
Clique Output: 110 294 155 253 406 21 40 54 62 102 150 168 172 188 208 239 242 249 261 309 341 351 432 448
Current MaxClique Size=25 0
Max Clique Size: 25
Clique Output: 167 229 396 327 376 289 83 315 299 372 98 193 287 186 381 50 245 234 144 316 57 363 303 380 210
Max Clique Size: 25
Clique Output: 167 229 396 327 376 289 83 315 299 372 98 193 287 186 381 50 245 234 144 316 57 363 303 380 210
Program terminated in 0 seconds.
NewIncMaxCLQ graphs/le450_25d.col 450 17425 0.1725 0 0 25 659 0
