Using the degeneracy ordering...
instance information: #node=450, #edge=16750 density= 0.1658
initial clique size: 5

Current MaxClique Size=6 0
Max Clique Size: 6
Clique Output: 136 213 260 298 362 447
Current MaxClique Size=7 0
Max Clique Size: 7
Clique Output: 135 136 213 260 298 362 447
Current MaxClique Size=8 0
Max Clique Size: 8
Clique Output: 130 135 136 213 260 298 362 447
Current MaxClique Size=9 0
Max Clique Size: 9
Clique Output: 52 130 135 136 213 260 298 362 447
Current MaxClique Size=10 0
Max Clique Size: 10
Clique Output: 39 52 130 135 136 213 260 298 362 447
Current MaxClique Size=11 0
Max Clique Size: 11
Clique Output: 29 39 52 130 135 136 213 260 298 362 447
Current MaxClique Size=12 0
Max Clique Size: 12
Clique Output: 322 88 92 196 291 265 434 147 428 105 259 41
Current MaxClique Size=13 0
Max Clique Size: 13
Clique Output: 62 277 264 141 188 430 105 170 177 259 131 241 213
Current MaxClique Size=14 0
Max Clique Size: 14
Clique Output: 404 62 277 264 141 188 430 105 170 177 259 131 241 213
Current MaxClique Size=15 0
Max Clique Size: 15
Clique Output: 334 93 159 212 400 216 372 151 448 68 170 127 345 146 29
Max Clique Size: 15
Clique Output: 334 93 159 212 400 216 372 151 448 68 170 127 345 146 29
Program terminated in 0 seconds.
NewIncMaxCLQ graphs/le450_15d.col 450 16750 0.1658 0 0 15 505 0
