Using the degeneracy ordering...
instance information: #node=450, #edge=16680 density= 0.1651
initial clique size: 7

Current MaxClique Size=8 0
Max Clique Size: 8
Clique Output: 122 181 205 232 281 321 403 440
Current MaxClique Size=9 0
Max Clique Size: 9
Clique Output: 109 122 181 205 232 281 321 403 440
Current MaxClique Size=10 0
Max Clique Size: 10
Clique Output: 75 109 122 181 205 232 281 321 403 440
Current MaxClique Size=11 0
Max Clique Size: 11
Clique Output: 39 75 109 122 181 205 232 281 321 403 440
Current MaxClique Size=12 0
Max Clique Size: 12
Clique Output: 14 39 75 109 122 181 205 232 281 321 403 440
Current MaxClique Size=13 0
Max Clique Size: 13
Clique Output: 78 14 39 75 109 122 181 205 232 281 321 403 440
Current MaxClique Size=14 0
Max Clique Size: 14
Clique Output: 136 428 164 35 415 51 153 2 420 337 439 191 219 298
Current MaxClique Size=15 0
Max Clique Size: 15
Clique Output: 372 136 428 164 35 415 51 153 2 420 337 439 191 219 298
Max Clique Size: 15
Clique Output: 372 136 428 164 35 415 51 153 2 420 337 439 191 219 298
Program terminated in 0 seconds.
NewIncMaxCLQ graphs/le450_15c.col 450 16680 0.1651 0 0 15 493 0
