Using the degeneracy ordering...
instance information: #node=197, #edge=3925 density= 0.2033
initial clique size: 16

Current MaxClique Size=17 0
Max Clique Size: 17
Clique Output: 64 83 85 87 88 91 99 104 107 111 112 114 117 118 120 144 152
Current MaxClique Size=18 0
Max Clique Size: 18
Clique Output: 63 64 83 85 87 88 91 99 104 107 111 112 114 117 118 120 144 152
Current MaxClique Size=19 0
Max Clique Size: 19
Clique Output: 62 63 64 83 85 87 88 91 99 104 107 111 112 114 117 118 120 144 152
Current MaxClique Size=20 0
Max Clique Size: 20
Clique Output: 60 62 63 64 83 85 87 88 91 99 104 107 111 112 114 117 118 120 144 152
Current MaxClique Size=21 0
Max Clique Size: 21
Clique Output: 59 60 62 63 64 83 85 87 88 91 99 104 107 111 112 114 117 118 120 144 152
Current MaxClique Size=22 0
Max Clique Size: 22
Clique Output: 57 59 60 62 63 64 83 85 87 88 91 99 104 107 111 112 114 117 118 120 144 152
Current MaxClique Size=23 0
Max Clique Size: 23
Clique Output: 56 57 59 60 62 63 64 83 85 87 88 91 99 104 107 111 112 114 117 118 120 144 152
Current MaxClique Size=24 0
Max Clique Size: 24
Clique Output: 46 56 57 59 60 62 63 64 83 85 87 88 91 99 104 107 111 112 114 117 118 120 144 152
Current MaxClique Size=25 0
Max Clique Size: 25
Clique Output: 45 46 56 57 59 60 62 63 64 83 85 87 88 91 99 104 107 111 112 114 117 118 120 144 152
Current MaxClique Size=26 0
Max Clique Size: 26
Clique Output: 44 45 46 56 57 59 60 62 63 64 83 85 87 88 91 99 104 107 111 112 114 117 118 120 144 152
Current MaxClique Size=27 0
Max Clique Size: 27
Clique Output: 43 44 45 46 56 57 59 60 62 63 64 83 85 87 88 91 99 104 107 111 112 114 117 118 120 144 152
Current MaxClique Size=28 0
Max Clique Size: 28
Clique Output: 42 43 44 45 46 56 57 59 60 62 63 64 83 85 87 88 91 99 104 107 111 112 114 117 118 120 144 152
Current MaxClique Size=29 0
Max Clique Size: 29
Clique Output: 41 42 43 44 45 46 56 57 59 60 62 63 64 83 85 87 88 91 99 104 107 111 112 114 117 118 120 144 152
Current MaxClique Size=30 0
Max Clique Size: 30
Clique Output: 40 41 42 43 44 45 46 56 57 59 60 62 63 64 83 85 87 88 91 99 104 107 111 112 114 117 118 120 144 152
Current MaxClique Size=31 0
Max Clique Size: 31
Clique Output: 39 40 41 42 43 44 45 46 56 57 59 60 62 63 64 83 85 87 88 91 99 104 107 111 112 114 117 118 120 144 152
Current MaxClique Size=32 0
Max Clique Size: 32
Clique Output: 35 39 40 41 42 43 44 45 46 56 57 59 60 62 63 64 83 85 87 88 91 99 104 107 111 112 114 117 118 120 144 152
Current MaxClique Size=33 0
Max Clique Size: 33
Clique Output: 33 35 39 40 41 42 43 44 45 46 56 57 59 60 62 63 64 83 85 87 88 91 99 104 107 111 112 114 117 118 120 144 152
Current MaxClique Size=34 0
Max Clique Size: 34
Clique Output: 32 33 35 39 40 41 42 43 44 45 46 56 57 59 60 62 63 64 83 85 87 88 91 99 104 107 111 112 114 117 118 120 144 152
Current MaxClique Size=35 0
Max Clique Size: 35
Clique Output: 31 32 33 35 39 40 41 42 43 44 45 46 56 57 59 60 62 63 64 83 85 87 88 91 99 104 107 111 112 114 117 118 120 144 152
Current MaxClique Size=36 0
Max Clique Size: 36
Clique Output: 30 31 32 33 35 39 40 41 42 43 44 45 46 56 57 59 60 62 63 64 83 85 87 88 91 99 104 107 111 112 114 117 118 120 144 152
Current MaxClique Size=37 0
Max Clique Size: 37
Clique Output: 29 30 31 32 33 35 39 40 41 42 43 44 45 46 56 57 59 60 62 63 64 83 85 87 88 91 99 104 107 111 112 114 117 118 120 144 152
Current MaxClique Size=38 0
Max Clique Size: 38
Clique Output: 28 29 30 31 32 33 35 39 40 41 42 43 44 45 46 56 57 59 60 62 63 64 83 85 87 88 91 99 104 107 111 112 114 117 118 120 144 152
Current MaxClique Size=39 0
Max Clique Size: 39
Clique Output: 27 28 29 30 31 32 33 35 39 40 41 42 43 44 45 46 56 57 59 60 62 63 64 83 85 87 88 91 99 104 107 111 112 114 117 118 120 144 152
Current MaxClique Size=40 0
Max Clique Size: 40
Clique Output: 26 27 28 29 30 31 32 33 35 39 40 41 42 43 44 45 46 56 57 59 60 62 63 64 83 85 87 88 91 99 104 107 111 112 114 117 118 120 144 152
Current MaxClique Size=41 0
Max Clique Size: 41
Clique Output: 25 26 27 28 29 30 31 32 33 35 39 40 41 42 43 44 45 46 56 57 59 60 62 63 64 83 85 87 88 91 99 104 107 111 112 114 117 118 120 144 152
Current MaxClique Size=42 0
Max Clique Size: 42
Clique Output: 24 25 26 27 28 29 30 31 32 33 35 39 40 41 42 43 44 45 46 56 57 59 60 62 63 64 83 85 87 88 91 99 104 107 111 112 114 117 118 120 144 152
Current MaxClique Size=43 0
Max Clique Size: 43
Clique Output: 23 24 25 26 27 28 29 30 31 32 33 35 39 40 41 42 43 44 45 46 56 57 59 60 62 63 64 83 85 87 88 91 99 104 107 111 112 114 117 118 120 144 152
Current MaxClique Size=44 0
Max Clique Size: 44
Clique Output: 22 23 24 25 26 27 28 29 30 31 32 33 35 39 40 41 42 43 44 45 46 56 57 59 60 62 63 64 83 85 87 88 91 99 104 107 111 112 114 117 118 120 144 152
Current MaxClique Size=45 0
Max Clique Size: 45
Clique Output: 21 22 23 24 25 26 27 28 29 30 31 32 33 35 39 40 41 42 43 44 45 46 56 57 59 60 62 63 64 83 85 87 88 91 99 104 107 111 112 114 117 118 120 144 152
Current MaxClique Size=46 0
Max Clique Size: 46
Clique Output: 20 21 22 23 24 25 26 27 28 29 30 31 32 33 35 39 40 41 42 43 44 45 46 56 57 59 60 62 63 64 83 85 87 88 91 99 104 107 111 112 114 117 118 120 144 152
Current MaxClique Size=47 0
Max Clique Size: 47
Clique Output: 19 20 21 22 23 24 25 26 27 28 29 30 31 32 33 35 39 40 41 42 43 44 45 46 56 57 59 60 62 63 64 83 85 87 88 91 99 104 107 111 112 114 117 118 120 144 152
Current MaxClique Size=48 0
Max Clique Size: 48
Clique Output: 18 19 20 21 22 23 24 25 26 27 28 29 30 31 32 33 35 39 40 41 42 43 44 45 46 56 57 59 60 62 63 64 83 85 87 88 91 99 104 107 111 112 114 117 118 120 144 152
Current MaxClique Size=49 0
Max Clique Size: 49
Clique Output: 17 18 19 20 21 22 23 24 25 26 27 28 29 30 31 32 33 35 39 40 41 42 43 44 45 46 56 57 59 60 62 63 64 83 85 87 88 91 99 104 107 111 112 114 117 118 120 144 152
Max Clique Size: 49
Clique Output: 17 18 19 20 21 22 23 24 25 26 27 28 29 30 31 32 33 35 39 40 41 42 43 44 45 46 56 57 59 60 62 63 64 83 85 87 88 91 99 104 107 111 112 114 117 118 120 144 152
Program terminated in 0 seconds.
NewIncMaxCLQ graphs/mulsol.i.1.col 197 3925 0.2033 0 0 49 1164 0
