Using the degeneracy ordering...
instance information: #node=100, #edge=1470 density= 0.2970
initial clique size: 4

Current MaxClique Size=5 0
Max Clique Size: 5
Clique Output: 96 97 98 99 100
Current MaxClique Size=6 0
Max Clique Size: 6
Clique Output: 95 96 97 98 99 100
Current MaxClique Size=7 0
Max Clique Size: 7
Clique Output: 94 95 96 97 98 99 100
Current MaxClique Size=8 0
Max Clique Size: 8
Clique Output: 93 94 95 96 97 98 99 100
Current MaxClique Size=9 0
Max Clique Size: 9
Clique Output: 92 93 94 95 96 97 98 99 100
Current MaxClique Size=10 0
Max Clique Size: 10
Clique Output: 91 92 93 94 95 96 97 98 99 100
Max Clique Size: 10
Clique Output: 91 92 93 94 95 96 97 98 99 100
Program terminated in 0 seconds.
NewIncMaxCLQ graphs/queen10_10.col 100 1470 0.2970 0 0 10 122 0
