Using the degeneracy ordering...
instance information: #node=169, #edge=3328 density= 0.2344
initial clique size: 5

Current MaxClique Size=6 0
Max Clique Size: 6
Clique Output: 164 165 166 167 168 169
Current MaxClique Size=7 0
Max Clique Size: 7
Clique Output: 163 164 165 166 167 168 169
Current MaxClique Size=8 0
Max Clique Size: 8
Clique Output: 162 163 164 165 166 167 168 169
Current MaxClique Size=9 0
Max Clique Size: 9
Clique Output: 161 162 163 164 165 166 167 168 169
Current MaxClique Size=10 0
Max Clique Size: 10
Clique Output: 160 161 162 163 164 165 166 167 168 169
Current MaxClique Size=11 0
Max Clique Size: 11
Clique Output: 159 160 161 162 163 164 165 166 167 168 169
Current MaxClique Size=12 0
Max Clique Size: 12
Clique Output: 158 159 160 161 162 163 164 165 166 167 168 169
Current MaxClique Size=13 0
Max Clique Size: 13
Clique Output: 157 158 159 160 161 162 163 164 165 166 167 168 169
Max Clique Size: 13
Clique Output: 157 158 159 160 161 162 163 164 165 166 167 168 169
Program terminated in 0 seconds.
NewIncMaxCLQ graphs/queen13_13.col 169 3328 0.2344 0 0 13 208 0
