Using the degeneracy ordering...
instance information: #node=225, #edge=5180 density= 0.2056
initial clique size: 5

Current MaxClique Size=6 0
Max Clique Size: 6
Clique Output: 220 221 222 223 224 225
Current MaxClique Size=7 0
Max Clique Size: 7
Clique Output: 219 220 221 222 223 224 225
Current MaxClique Size=8 0
Max Clique Size: 8
Clique Output: 218 219 220 221 222 223 224 225
Current MaxClique Size=9 0
Max Clique Size: 9
Clique Output: 217 218 219 220 221 222 223 224 225
Current MaxClique Size=10 0
Max Clique Size: 10
Clique Output: 216 217 218 219 220 221 222 223 224 225
Current MaxClique Size=11 0
Max Clique Size: 11
Clique Output: 215 216 217 218 219 220 221 222 223 224 225
Current MaxClique Size=12 0
Max Clique Size: 12
Clique Output: 214 215 216 217 218 219 220 221 222 223 224 225
Current MaxClique Size=13 0
Max Clique Size: 13
Clique Output: 213 214 215 216 217 218 219 220 221 222 223 224 225
Current MaxClique Size=14 0
Max Clique Size: 14
Clique Output: 212 213 214 215 216 217 218 219 220 221 222 223 224 225
Current MaxClique Size=15 0
Max Clique Size: 15
Clique Output: 211 212 213 214 215 216 217 218 219 220 221 222 223 224 225
Max Clique Size: 15
Clique Output: 211 212 213 214 215 216 217 218 219 220 221 222 223 224 225
Program terminated in 0 seconds.
NewIncMaxCLQ graphs/queen15_15.col 225 5180 0.2056 0 0 15 282 0
