Using the degeneracy ordering...
instance information: #node=96, #edge=1368 density= 0.3000
initial clique size: 4

Current MaxClique Size=5 0
Max Clique Size: 5
Clique Output: 92 93 94 95 96
Current MaxClique Size=6 0
Max Clique Size: 6
Clique Output: 91 92 93 94 95 96
Current MaxClique Size=7 0
Max Clique Size: 7
Clique Output: 90 91 92 93 94 95 96
Current MaxClique Size=8 0
Max Clique Size: 8
Clique Output: 89 90 91 92 93 94 95 96
Current MaxClique Size=9 0
Max Clique Size: 9
Clique Output: 88 89 90 91 92 93 94 95 96
Current MaxClique Size=10 0
Max Clique Size: 10
Clique Output: 87 88 89 90 91 92 93 94 95 96
Current MaxClique Size=11 0
Max Clique Size: 11
Clique Output: 86 87 88 89 90 91 92 93 94 95 96
Current MaxClique Size=12 0
Max Clique Size: 12
Clique Output: 85 86 87 88 89 90 91 92 93 94 95 96
Max Clique Size: 12
Clique Output: 85 86 87 88 89 90 91 92 93 94 95 96
Program terminated in 0 seconds.
NewIncMaxCLQ graphs/queen8_12.col 96 1368 0.3000 0 0 12 132 0
