Using the degeneracy ordering...
instance information: #node=947, #edge=43571 density= 0.0973
initial clique size: 19

Current MaxClique Size=20 0
Max Clique Size: 20
Clique Output: 770 774 803 820 824 829 836 854 859 870 876 882 883 896 899 900 902 903 905 906
Current MaxClique Size=21 0
Max Clique Size: 21
Clique Output: 757 770 774 803 820 824 829 836 854 859 870 876 882 883 896 899 900 902 903 905 906
Current MaxClique Size=22 0
Max Clique Size: 22
Clique Output: 755 757 770 774 803 820 824 829 836 854 859 870 876 882 883 896 899 900 902 903 905 906
Current MaxClique Size=23 0
Max Clique Size: 23
Clique Output: 753 755 757 770 774 803 820 824 829 836 854 859 870 876 882 883 896 899 900 902 903 905 906
Current MaxClique Size=24 0
Max Clique Size: 24
Clique Output: 751 753 755 757 770 774 803 820 824 829 836 854 859 870 876 882 883 896 899 900 902 903 905 906
Current MaxClique Size=25 0
Max Clique Size: 25
Clique Output: 748 751 753 755 757 770 774 803 820 824 829 836 854 859 870 876 882 883 896 899 900 902 903 905 906
Current MaxClique Size=26 0
Max Clique Size: 26
Clique Output: 745 748 751 753 755 757 770 774 803 820 824 829 836 854 859 870 876 882 883 896 899 900 902 903 905 906
Current MaxClique Size=27 0
Max Clique Size: 27
Clique Output: 743 745 748 751 753 755 757 770 774 803 820 824 829 836 854 859 870 876 882 883 896 899 900 902 903 905 906
Current MaxClique Size=28 0
Max Clique Size: 28
Clique Output: 739 743 745 748 751 753 755 757 770 774 803 820 824 829 836 854 859 870 876 882 883 896 899 900 902 903 905 906
Current MaxClique Size=29 0
Max Clique Size: 29
Clique Output: 720 739 743 745 748 751 753 755 757 770 774 803 820 824 829 836 854 859 870 876 882 883 896 899 900 902 903 905 906
Current MaxClique Size=30 0
Max Clique Size: 30
Clique Output: 709 720 739 743 745 748 751 753 755 757 770 774 803 820 824 829 836 854 859 870 876 882 883 896 899 900 902 903 905 906
Current MaxClique Size=31 0
Max Clique Size: 31
Clique Output: 677 709 720 739 743 745 748 751 753 755 757 770 774 803 820 824 829 836 854 859 870 876 882 883 896 899 900 902 903 905 906
Current MaxClique Size=32 0
Max Clique Size: 32
Clique Output: 645 677 709 720 739 743 745 748 751 753 755 757 770 774 803 820 824 829 836 854 859 870 876 882 883 896 899 900 902 903 905 906
Current MaxClique Size=33 0
Max Clique Size: 33
Clique Output: 613 645 677 709 720 739 743 745 748 751 753 755 757 770 774 803 820 824 829 836 854 859 870 876 882 883 896 899 900 902 903 905 906
Current MaxClique Size=34 0
Max Clique Size: 34
Clique Output: 557 613 645 677 709 720 739 743 745 748 751 753 755 757 770 774 803 820 824 829 836 854 859 870 876 882 883 896 899 900 902 903 905 906
Current MaxClique Size=35 0
Max Clique Size: 35
Clique Output: 552 557 613 645 677 709 720 739 743 745 748 751 753 755 757 770 774 803 820 824 829 836 854 859 870 876 882 883 896 899 900 902 903 905 906
Current MaxClique Size=36 0
Max Clique Size: 36
Clique Output: 805 552 557 613 645 677 709 720 739 743 745 748 751 753 755 757 770 774 803 820 824 829 836 854 859 870 876 882 883 896 899 900 902 903 905 906
Current MaxClique Size=37 0
Max Clique Size: 37
Clique Output: 673 805 552 557 613 645 677 709 720 739 743 745 748 751 753 755 757 770 774 803 820 824 829 836 854 859 870 876 882 883 896 899 900 902 903 905 906
Current MaxClique Size=38 0
Max Clique Size: 38
Clique Output: 687 673 805 552 557 613 645 677 709 720 739 743 745 748 751 753 755 757 770 774 803 820 824 829 836 854 859 870 876 882 883 896 899 900 902 903 905 906
Current MaxClique Size=39 0
Max Clique Size: 39
Clique Output: 417 461 498 523 612 742 744 747 750 706 589 627 539 541 544 708 811 669 797 816 736 804 721 705 740 764 670 684 772 537 615 752 798 881 777 890 818 802 805
Current MaxClique Size=40 0
Max Clique Size: 40
Clique Output: 606 521 583 482 662 769 864 519 782 763 860 440 602 628 668 674 712 731 754 760 785 830 891 690 557 677 757 803 824 829 854 870 876 882 883 896 899 900 902 905
Max Clique Size: 40
Clique Output: 606 521 583 482 662 769 864 519 782 763 860 440 602 628 668 674 712 731 754 760 785 830 891 690 557 677 757 803 824 829 854 870 876 882 883 896 899 900 902 905
Program terminated in 0 seconds.
NewIncMaxCLQ graphs/wap06a.col 947 43571 0.0973 0 0 40 1482 0
