[options] GC configuration
[options] cmdline =  ./gc graphs/1-FullIns_5.col
[options] Instance file = graphs/1-FullIns_5.col
[options] Clause learning = 1
[options] Polarity policy = 0
[options] Clique ordering = 3
[options]  ... low degree = 0
[options] Color variables = absent
[options] Bound policy    = 2
[options] Adaptive bounds = 1
[options] Preprocessing   = dense
[options] IS constraints  = 0
[options] fillin          = no
[options] Triangle UP     = 0
[options] Branching strat = Brelaz
[options]  ... low degree = 0
[options]  ... brelaz fst = 0
[options]  ... phase save = 0
[options] Strategy        = branch and bound

[reading] #vertices = 282,  #edges = 3247,  density = 8.19515% at 0.002918
[statistics] lb ub clq iter core time conflicts moves memory

[data] lb = 0   | ub = 8   | clq = 0   | iter = 0   | core = 0   | time = 0.0002   | conflicts = 0       | moves = 0         | memory = 0       
[data] lb = 3   | ub = 8   | clq = 0   | iter = 0   | core = 0   | time = 0.0004   | conflicts = 0       | moves = 0         | memory = 0       
[data] lb = 3   | ub = 6   | clq = 0   | iter = 0   | core = 0   | time = 0.0053   | conflicts = 0       | moves = 0         | memory = 0       
[preprocessing] finished at 0.0083
[modeling] preprocessed graph: #vertices = 282,  #edges = 3247,  density = 8.1951%
[data] lb = 6   | ub = 6   | clq = 230 | iter = 0   | core = 0   | time = 0.0143   | conflicts = 0       | moves = 0         | memory = 0       
#vertices = 282,  #edges = 3247,  density = 8.1951%
[solution] 6-coloring computed at 0.0175

OPTIMUM 6
Boolean variables     : 36656
CSP variables         : 0
Clauses               : 0
Constraints           : 1
restarts              : 1
conflicts             : 1              (57 /sec)
decisions             : 1              (0.00 % random) (57 /sec)
propagations          : 64             (3651 /sec)
conflict literals     : 0              ( nan % deleted)
CPU time              : 0.017528 s

