[options] GC configuration
[options] cmdline =  ./gc graphs/2-FullIns_4.col
[options] Instance file = graphs/2-FullIns_4.col
[options] Clause learning = 1
[options] Polarity policy = 0
[options] Clique ordering = 3
[options]  ... low degree = 0
[options] Color variables = absent
[options] Bound policy    = 2
[options] Adaptive bounds = 1
[options] Preprocessing   = dense
[options] IS constraints  = 0
[options] fillin          = no
[options] Triangle UP     = 0
[options] Branching strat = Brelaz
[options]  ... low degree = 0
[options]  ... brelaz fst = 0
[options]  ... phase save = 0
[options] Strategy        = branch and bound

[reading] #vertices = 212,  #edges = 1621,  density = 7.24761% at 0.001108
[statistics] lb ub clq iter core time conflicts moves memory

[data] lb = 0   | ub = 6   | clq = 0   | iter = 0   | core = 0   | time = 0.0001   | conflicts = 0       | moves = 0         | memory = 0       
[data] lb = 3   | ub = 6   | clq = 0   | iter = 0   | core = 0   | time = 0.0001   | conflicts = 0       | moves = 0         | memory = 0       
[data] lb = 4   | ub = 6   | clq = 0   | iter = 0   | core = 0   | time = 0.0003   | conflicts = 0       | moves = 0         | memory = 0       
[preprocessing] finished at 0.0025
[modeling] preprocessed graph: #vertices = 212,  #edges = 1621,  density = 7.2476%
[data] lb = 5   | ub = 6   | clq = 151 | iter = 0   | core = 0   | time = 0.0046   | conflicts = 0       | moves = 0         | memory = 0       
#vertices = 212,  #edges = 1621,  density = 7.2476%
[data] lb = 6   | ub = 6   | clq = 144 | iter = 0   | core = 0   | time = 0.0093   | conflicts = 33      | moves = 0         | memory = 0       
[solution] 6-coloring computed at 0.0104

OPTIMUM 6
Boolean variables     : 20957
CSP variables         : 0
Clauses               : 0
Constraints           : 1
restarts              : 2
conflicts             : 34             (3260 /sec)
decisions             : 70             (0.00 % random) (6711 /sec)
propagations          : 4684           (449046 /sec)
conflict literals     : 98             (2.97 % deleted)
CPU time              : 0.010431 s

