[options] GC configuration
[options] cmdline =  ./gc graphs/2-Insertions_3.col
[options] Instance file = graphs/2-Insertions_3.col
[options] Clause learning = 1
[options] Polarity policy = 0
[options] Clique ordering = 3
[options]  ... low degree = 0
[options] Color variables = absent
[options] Bound policy    = 2
[options] Adaptive bounds = 1
[options] Preprocessing   = dense
[options] IS constraints  = 0
[options] fillin          = no
[options] Triangle UP     = 0
[options] Branching strat = Brelaz
[options]  ... low degree = 0
[options]  ... brelaz fst = 0
[options]  ... phase save = 0
[options] Strategy        = branch and bound

[reading] #vertices = 37,  #edges = 72,  density = 10.8108% at 0.000521
[statistics] lb ub clq iter core time conflicts moves memory

[data] lb = 0   | ub = 4   | clq = 0   | iter = 0   | core = 0   | time = 0.0000   | conflicts = 0       | moves = 0         | memory = 0       
[data] lb = 2   | ub = 4   | clq = 0   | iter = 0   | core = 0   | time = 0.0000   | conflicts = 0       | moves = 0         | memory = 0       
[preprocessing] finished at 0.0006
[modeling] preprocessed graph: #vertices = 37,  #edges = 72,  density = 10.8108%
#vertices = 37,  #edges = 72,  density = 10.8108%
[data] lb = 3   | ub = 4   | clq = 13  | iter = 0   | core = 0   | time = 0.0137   | conflicts = 949     | moves = 0         | memory = 0       
[data] lb = 4   | ub = 4   | clq = 13  | iter = 0   | core = 0   | time = 0.0234   | conflicts = 1534    | moves = 0         | memory = 0       
[solution] 4-coloring computed at 0.0239

OPTIMUM 4
Boolean variables     : 631
CSP variables         : 0
Clauses               : 0
Constraints           : 1
restarts              : 25
conflicts             : 1535           (64245 /sec)
decisions             : 2857           (0.00 % random) (119575 /sec)
propagations          : 151034         (6321266 /sec)
conflict literals     : 14096          (12.30 % deleted)
CPU time              : 0.023893 s

