[options] GC configuration
[options] cmdline =  ./gc graphs/4-FullIns_3.col
[options] Instance file = graphs/4-FullIns_3.col
[options] Clause learning = 1
[options] Polarity policy = 0
[options] Clique ordering = 3
[options]  ... low degree = 0
[options] Color variables = absent
[options] Bound policy    = 2
[options] Adaptive bounds = 1
[options] Preprocessing   = dense
[options] IS constraints  = 0
[options] fillin          = no
[options] Triangle UP     = 0
[options] Branching strat = Brelaz
[options]  ... low degree = 0
[options]  ... brelaz fst = 0
[options]  ... phase save = 0
[options] Strategy        = branch and bound

[reading] #vertices = 114,  #edges = 541,  density = 8.39932% at 0.000736
[statistics] lb ub clq iter core time conflicts moves memory

[data] lb = 0   | ub = 7   | clq = 0   | iter = 0   | core = 0   | time = 0.0000   | conflicts = 0       | moves = 0         | memory = 0       
[data] lb = 3   | ub = 7   | clq = 0   | iter = 0   | core = 0   | time = 0.0000   | conflicts = 0       | moves = 0         | memory = 0       
[data] lb = 6   | ub = 7   | clq = 0   | iter = 0   | core = 0   | time = 0.0001   | conflicts = 0       | moves = 0         | memory = 0       
[preprocessing] finished at 0.0014
[modeling] preprocessed graph: #vertices = 98,  #edges = 480,  density = 10.0989%
[data] lb = 7   | ub = 7   | clq = 59  | iter = 0   | core = 0   | time = 0.0014   | conflicts = 0       | moves = 0         | memory = 0       
#vertices = 98,  #edges = 480,  density = 10.0989%
[solution] 7-coloring computed at 0.0022

OPTIMUM 7
Boolean variables     : 4371
CSP variables         : 0
Clauses               : 0
Constraints           : 1
restarts              : 1
conflicts             : 1              (461 /sec)
decisions             : 1              (0.00 % random) (461 /sec)
propagations          : 27             (12460 /sec)
conflict literals     : 0              ( nan % deleted)
CPU time              : 0.002167 s

