[options] GC configuration
[options] cmdline =  ./gc graphs/5-FullIns_3.col
[options] Instance file = graphs/5-FullIns_3.col
[options] Clause learning = 1
[options] Polarity policy = 0
[options] Clique ordering = 3
[options]  ... low degree = 0
[options] Color variables = absent
[options] Bound policy    = 2
[options] Adaptive bounds = 1
[options] Preprocessing   = dense
[options] IS constraints  = 0
[options] fillin          = no
[options] Triangle UP     = 0
[options] Branching strat = Brelaz
[options]  ... low degree = 0
[options]  ... brelaz fst = 0
[options]  ... phase save = 0
[options] Strategy        = branch and bound

[reading] #vertices = 154,  #edges = 792,  density = 6.72269% at 0.000798
[statistics] lb ub clq iter core time conflicts moves memory

[data] lb = 0   | ub = 8   | clq = 0   | iter = 0   | core = 0   | time = 0.0000   | conflicts = 0       | moves = 0         | memory = 0       
[data] lb = 3   | ub = 8   | clq = 0   | iter = 0   | core = 0   | time = 0.0001   | conflicts = 0       | moves = 0         | memory = 0       
[data] lb = 7   | ub = 8   | clq = 0   | iter = 0   | core = 0   | time = 0.0001   | conflicts = 0       | moves = 0         | memory = 0       
[preprocessing] finished at 0.0015
[modeling] preprocessed graph: #vertices = 56,  #edges = 343,  density = 22.2727%
[data] lb = 8   | ub = 8   | clq = 38  | iter = 0   | core = 0   | time = 0.0010   | conflicts = 0       | moves = 0         | memory = 0       
#vertices = 56,  #edges = 343,  density = 22.2727%
[solution] 8-coloring computed at 0.0018

OPTIMUM 8
Boolean variables     : 1253
CSP variables         : 0
Clauses               : 0
Constraints           : 1
restarts              : 1
conflicts             : 1              (548 /sec)
decisions             : 1              (0.00 % random) (548 /sec)
propagations          : 18             (9863 /sec)
conflict literals     : 0              ( nan % deleted)
CPU time              : 0.001825 s

