[options] GC configuration
[options] cmdline =  ./gc graphs/ash331GPIA.col
[options] Instance file = graphs/ash331GPIA.col
[options] Clause learning = 1
[options] Polarity policy = 0
[options] Clique ordering = 3
[options]  ... low degree = 0
[options] Color variables = absent
[options] Bound policy    = 2
[options] Adaptive bounds = 1
[options] Preprocessing   = dense
[options] IS constraints  = 0
[options] fillin          = no
[options] Triangle UP     = 0
[options] Branching strat = Brelaz
[options]  ... low degree = 0
[options]  ... brelaz fst = 0
[options]  ... phase save = 0
[options] Strategy        = branch and bound

[reading] #vertices = 662,  #edges = 4181,  density = 1.91096% at 0.002033
[statistics] lb ub clq iter core time conflicts moves memory

[data] lb = 0   | ub = 10  | clq = 0   | iter = 0   | core = 0   | time = 0.0002   | conflicts = 0       | moves = 0         | memory = 0       
[data] lb = 3   | ub = 10  | clq = 0   | iter = 0   | core = 0   | time = 0.0003   | conflicts = 0       | moves = 0         | memory = 0       
[data] lb = 3   | ub = 6   | clq = 0   | iter = 0   | core = 0   | time = 0.0059   | conflicts = 0       | moves = 0         | memory = 0       
[preprocessing] finished at 0.0080
[modeling] preprocessed graph: #vertices = 661,  #edges = 4180,  density = 1.9163%
#vertices = 661,  #edges = 4180,  density = 1.9163%
[data] lb = 3   | ub = 5   | clq = 176 | iter = 0   | core = 0   | time = 0.1228   | conflicts = 2       | moves = 0         | memory = 0       
[data] lb = 3   | ub = 4   | clq = 183 | iter = 0   | core = 0   | time = 0.2363   | conflicts = 31      | moves = 0         | memory = 0       
[data] lb = 4   | ub = 4   | clq = 186 | iter = 0   | core = 0   | time = 0.2463   | conflicts = 39      | moves = 0         | memory = 0       
[solution] 4-coloring computed at 0.2484

OPTIMUM 4
Boolean variables     : 214611
CSP variables         : 0
Clauses               : 0
Constraints           : 1
restarts              : 3
conflicts             : 40             (161 /sec)
decisions             : 2717           (0.29 % random) (10940 /sec)
propagations          : 438389         (1765135 /sec)
conflict literals     : 350            (0.00 % deleted)
CPU time              : 0.24836 s

