[options] GC configuration
[options] cmdline =  ./gc graphs/C2000.5.col
[options] Instance file = graphs/C2000.5.col
[options] Clause learning = 1
[options] Polarity policy = 0
[options] Clique ordering = 3
[options]  ... low degree = 0
[options] Color variables = absent
[options] Bound policy    = 2
[options] Adaptive bounds = 1
[options] Preprocessing   = dense
[options] IS constraints  = 0
[options] fillin          = no
[options] Triangle UP     = 0
[options] Branching strat = Brelaz
[options]  ... low degree = 0
[options]  ... brelaz fst = 0
[options]  ... phase save = 0
[options] Strategy        = branch and bound

[reading] #vertices = 2000,  #edges = 999836,  density = 50.0168% at 0.325947
[statistics] lb ub clq iter core time conflicts moves memory

[data] lb = 0   | ub = 223 | clq = 0   | iter = 0   | core = 0   | time = 0.0402   | conflicts = 0       | moves = 0         | memory = 0       
[data] lb = 14  | ub = 223 | clq = 0   | iter = 0   | core = 0   | time = 0.0617   | conflicts = 0       | moves = 0         | memory = 0       
[data] lb = 15  | ub = 223 | clq = 0   | iter = 0   | core = 0   | time = 0.2129   | conflicts = 0       | moves = 0         | memory = 0       
[data] lb = 15  | ub = 211 | clq = 0   | iter = 0   | core = 0   | time = 2.8180   | conflicts = 0       | moves = 0         | memory = 0       
[preprocessing] finished at 3.1440
[modeling] preprocessed graph: #vertices = 2000,  #edges = 999836,  density = 50.0168%
#vertices = 2000,  #edges = 999836,  density = 50.0168%
[data] lb = 15  | ub = 208 | clq = 207 | iter = 0   | core = 0   | time = 5.0477   | conflicts = 0       | moves = 0         | memory = 0       
[data] lb = 15  | ub = 207 | clq = 206 | iter = 0   | core = 0   | time = 7.0725   | conflicts = 0       | moves = 0         | memory = 0       
[data] lb = 15  | ub = 206 | clq = 206 | iter = 0   | core = 0   | time = 9.0999   | conflicts = 0       | moves = 0         | memory = 0       
[data] lb = 15  | ub = 204 | clq = 208 | iter = 0   | core = 0   | time = 32.8698  | conflicts = 527     | moves = 0         | memory = 0       
