[options] GC configuration
[options] cmdline =  ./gc graphs/DSJC1000.1.col
[options] Instance file = graphs/DSJC1000.1.col
[options] Clause learning = 1
[options] Polarity policy = 0
[options] Clique ordering = 3
[options]  ... low degree = 0
[options] Color variables = absent
[options] Bound policy    = 2
[options] Adaptive bounds = 1
[options] Preprocessing   = dense
[options] IS constraints  = 0
[options] fillin          = no
[options] Triangle UP     = 0
[options] Branching strat = Brelaz
[options]  ... low degree = 0
[options]  ... brelaz fst = 0
[options]  ... phase save = 0
[options] Strategy        = branch and bound

[reading] #vertices = 1000,  #edges = 49629,  density = 9.93574% at 0.017147
[statistics] lb ub clq iter core time conflicts moves memory

[data] lb = 0   | ub = 30  | clq = 0   | iter = 0   | core = 0   | time = 0.0021   | conflicts = 0       | moves = 0         | memory = 0       
[data] lb = 5   | ub = 30  | clq = 0   | iter = 0   | core = 0   | time = 0.0029   | conflicts = 0       | moves = 0         | memory = 0       
[data] lb = 6   | ub = 30  | clq = 0   | iter = 0   | core = 0   | time = 0.0798   | conflicts = 0       | moves = 0         | memory = 0       
[data] lb = 6   | ub = 27  | clq = 0   | iter = 0   | core = 0   | time = 0.1156   | conflicts = 0       | moves = 0         | memory = 0       
[preprocessing] finished at 0.1328
[modeling] preprocessed graph: #vertices = 1000,  #edges = 49629,  density = 9.9357%
#vertices = 1000,  #edges = 49629,  density = 9.9357%
[data] lb = 6   | ub = 26  | clq = 209 | iter = 0   | core = 0   | time = 0.4822   | conflicts = 2       | moves = 0         | memory = 0       
[data] lb = 6   | ub = 25  | clq = 222 | iter = 0   | core = 0   | time = 7.8793   | conflicts = 1319    | moves = 0         | memory = 0       
