[options] GC configuration
[options] cmdline =  ./gc graphs/flat1000_50_0.col
[options] Instance file = graphs/flat1000_50_0.col
[options] Clause learning = 1
[options] Polarity policy = 0
[options] Clique ordering = 3
[options]  ... low degree = 0
[options] Color variables = absent
[options] Bound policy    = 2
[options] Adaptive bounds = 1
[options] Preprocessing   = dense
[options] IS constraints  = 0
[options] fillin          = no
[options] Triangle UP     = 0
[options] Branching strat = Brelaz
[options]  ... low degree = 0
[options]  ... brelaz fst = 0
[options]  ... phase save = 0
[options] Strategy        = branch and bound

[reading] #vertices = 1000,  #edges = 245000,  density = 49.049% at 0.076868
[statistics] lb ub clq iter core time conflicts moves memory

[data] lb = 0   | ub = 126 | clq = 0   | iter = 0   | core = 0   | time = 0.0096   | conflicts = 0       | moves = 0         | memory = 0       
[data] lb = 12  | ub = 126 | clq = 0   | iter = 0   | core = 0   | time = 0.0188   | conflicts = 0       | moves = 0         | memory = 0       
[data] lb = 13  | ub = 126 | clq = 0   | iter = 0   | core = 0   | time = 0.0864   | conflicts = 0       | moves = 0         | memory = 0       
[data] lb = 14  | ub = 126 | clq = 0   | iter = 0   | core = 0   | time = 0.3623   | conflicts = 0       | moves = 0         | memory = 0       
[data] lb = 14  | ub = 116 | clq = 0   | iter = 0   | core = 0   | time = 1.3534   | conflicts = 0       | moves = 0         | memory = 0       
[preprocessing] finished at 1.4303
[modeling] preprocessed graph: #vertices = 1000,  #edges = 245000,  density = 49.0490%
#vertices = 1000,  #edges = 245000,  density = 49.0490%
[data] lb = 14  | ub = 114 | clq = 111 | iter = 0   | core = 0   | time = 1.6527   | conflicts = 0       | moves = 0         | memory = 0       
[data] lb = 14  | ub = 113 | clq = 112 | iter = 0   | core = 0   | time = 1.9032   | conflicts = 0       | moves = 0         | memory = 0       
[data] lb = 14  | ub = 111 | clq = 113 | iter = 0   | core = 0   | time = 5.0903   | conflicts = 536     | moves = 0         | memory = 0       
[data] lb = 14  | ub = 110 | clq = 97  | iter = 0   | core = 0   | time = 221.9987 | conflicts = 76118   | moves = 0         | memory = 0       
