[options] GC configuration
[options] cmdline =  ./gc graphs/flat1000_76_0.col
[options] Instance file = graphs/flat1000_76_0.col
[options] Clause learning = 1
[options] Polarity policy = 0
[options] Clique ordering = 3
[options]  ... low degree = 0
[options] Color variables = absent
[options] Bound policy    = 2
[options] Adaptive bounds = 1
[options] Preprocessing   = dense
[options] IS constraints  = 0
[options] fillin          = no
[options] Triangle UP     = 0
[options] Branching strat = Brelaz
[options]  ... low degree = 0
[options]  ... brelaz fst = 0
[options]  ... phase save = 0
[options] Strategy        = branch and bound

[reading] #vertices = 1000,  #edges = 246708,  density = 49.391% at 0.077575
[statistics] lb ub clq iter core time conflicts moves memory

[data] lb = 0   | ub = 124 | clq = 0   | iter = 0   | core = 0   | time = 0.0098   | conflicts = 0       | moves = 0         | memory = 0       
[data] lb = 12  | ub = 124 | clq = 0   | iter = 0   | core = 0   | time = 0.0190   | conflicts = 0       | moves = 0         | memory = 0       
[data] lb = 13  | ub = 124 | clq = 0   | iter = 0   | core = 0   | time = 0.0474   | conflicts = 0       | moves = 0         | memory = 0       
[data] lb = 14  | ub = 124 | clq = 0   | iter = 0   | core = 0   | time = 0.3505   | conflicts = 0       | moves = 0         | memory = 0       
[data] lb = 14  | ub = 115 | clq = 0   | iter = 0   | core = 0   | time = 1.4000   | conflicts = 0       | moves = 0         | memory = 0       
[preprocessing] finished at 1.4776
[modeling] preprocessed graph: #vertices = 1000,  #edges = 246708,  density = 49.3910%
#vertices = 1000,  #edges = 246708,  density = 49.3910%
[data] lb = 14  | ub = 114 | clq = 113 | iter = 0   | core = 0   | time = 1.7008   | conflicts = 0       | moves = 0         | memory = 0       
[data] lb = 14  | ub = 113 | clq = 110 | iter = 0   | core = 0   | time = 2.8549   | conflicts = 149     | moves = 0         | memory = 0       
[data] lb = 14  | ub = 112 | clq = 110 | iter = 0   | core = 0   | time = 6.5367   | conflicts = 725     | moves = 0         | memory = 0       
[data] lb = 14  | ub = 111 | clq = 109 | iter = 0   | core = 0   | time = 26.8369  | conflicts = 5227    | moves = 0         | memory = 0       
