[options] GC configuration
[options] cmdline =  ./gc graphs/flat1000_60_0.col
[options] Instance file = graphs/flat1000_60_0.col
[options] Clause learning = 1
[options] Polarity policy = 0
[options] Clique ordering = 3
[options]  ... low degree = 0
[options] Color variables = absent
[options] Bound policy    = 2
[options] Adaptive bounds = 1
[options] Preprocessing   = dense
[options] IS constraints  = 0
[options] fillin          = no
[options] Triangle UP     = 0
[options] Branching strat = Brelaz
[options]  ... low degree = 0
[options]  ... brelaz fst = 0
[options]  ... phase save = 0
[options] Strategy        = branch and bound

[reading] #vertices = 1000,  #edges = 245830,  density = 49.2152% at 0.078728
[statistics] lb ub clq iter core time conflicts moves memory

[data] lb = 0   | ub = 121 | clq = 0   | iter = 0   | core = 0   | time = 0.0097   | conflicts = 0       | moves = 0         | memory = 0       
[data] lb = 12  | ub = 121 | clq = 0   | iter = 0   | core = 0   | time = 0.0192   | conflicts = 0       | moves = 0         | memory = 0       
[data] lb = 13  | ub = 121 | clq = 0   | iter = 0   | core = 0   | time = 0.0477   | conflicts = 0       | moves = 0         | memory = 0       
[data] lb = 14  | ub = 121 | clq = 0   | iter = 0   | core = 0   | time = 0.6455   | conflicts = 0       | moves = 0         | memory = 0       
[data] lb = 14  | ub = 115 | clq = 0   | iter = 0   | core = 0   | time = 1.4885   | conflicts = 0       | moves = 0         | memory = 0       
[preprocessing] finished at 1.5672
[modeling] preprocessed graph: #vertices = 1000,  #edges = 245830,  density = 49.2152%
#vertices = 1000,  #edges = 245830,  density = 49.2152%
[data] lb = 14  | ub = 114 | clq = 112 | iter = 0   | core = 0   | time = 1.7886   | conflicts = 0       | moves = 0         | memory = 0       
[data] lb = 14  | ub = 112 | clq = 115 | iter = 0   | core = 0   | time = 2.3097   | conflicts = 33      | moves = 0         | memory = 0       
[data] lb = 14  | ub = 111 | clq = 109 | iter = 0   | core = 0   | time = 15.7208  | conflicts = 3156    | moves = 0         | memory = 0       
[data] lb = 14  | ub = 110 | clq = 99  | iter = 0   | core = 0   | time = 547.0472 | conflicts = 192765  | moves = 0         | memory = 0       
