[options] GC configuration
[options] cmdline =  ./gc graphs/inithx.i.2.col
[options] Instance file = graphs/inithx.i.2.col
[options] Clause learning = 1
[options] Polarity policy = 0
[options] Clique ordering = 3
[options]  ... low degree = 0
[options] Color variables = absent
[options] Bound policy    = 2
[options] Adaptive bounds = 1
[options] Preprocessing   = dense
[options] IS constraints  = 0
[options] fillin          = no
[options] Triangle UP     = 0
[options] Branching strat = Brelaz
[options]  ... low degree = 0
[options]  ... brelaz fst = 0
[options]  ... phase save = 0
[options] Strategy        = branch and bound

[reading] #vertices = 645,  #edges = 13979,  density = 6.7307% at 0.00522
[statistics] lb ub clq iter core time conflicts moves memory

[data] lb = 0   | ub = 32  | clq = 0   | iter = 0   | core = 0   | time = 0.0005   | conflicts = 0       | moves = 0         | memory = 0       
[data] lb = 31  | ub = 32  | clq = 0   | iter = 0   | core = 0   | time = 0.0023   | conflicts = 0       | moves = 0         | memory = 0       
[data] lb = 31  | ub = 31  | clq = 0   | iter = 0   | core = 0   | time = 0.2193   | conflicts = 0       | moves = 0         | memory = 0       
[preprocessing] finished at 0.2245
[modeling] preprocessed graph: #vertices = 182,  #edges = 4476,  density = 27.1750%
#vertices = 0,  #edges = 0,  density = 100.0000%
[solution] 31-coloring computed at 0.2245

OPTIMUM 31
Boolean variables     : 0
CSP variables         : 0
Clauses               : 0
Constraints           : 0
restarts              : 0
conflicts             : 0              (0 /sec)
decisions             : 0              ( nan % random) (0 /sec)
propagations          : 0              (0 /sec)
conflict literals     : 0              ( nan % deleted)
CPU time              : 0.224533 s

