[options] GC configuration
[options] cmdline =  ./gc graphs/le450_25c.col
[options] Instance file = graphs/le450_25c.col
[options] Clause learning = 1
[options] Polarity policy = 0
[options] Clique ordering = 3
[options]  ... low degree = 0
[options] Color variables = absent
[options] Bound policy    = 2
[options] Adaptive bounds = 1
[options] Preprocessing   = dense
[options] IS constraints  = 0
[options] fillin          = no
[options] Triangle UP     = 0
[options] Branching strat = Brelaz
[options]  ... low degree = 0
[options]  ... brelaz fst = 0
[options]  ... phase save = 0
[options] Strategy        = branch and bound

[reading] #vertices = 450,  #edges = 17343,  density = 17.167% at 0.006098
[statistics] lb ub clq iter core time conflicts moves memory

[data] lb = 0   | ub = 31  | clq = 0   | iter = 0   | core = 0   | time = 0.0007   | conflicts = 0       | moves = 0         | memory = 0       
[data] lb = 25  | ub = 31  | clq = 0   | iter = 0   | core = 0   | time = 0.0013   | conflicts = 0       | moves = 0         | memory = 0       
[data] lb = 25  | ub = 29  | clq = 0   | iter = 0   | core = 0   | time = 0.2933   | conflicts = 0       | moves = 0         | memory = 0       
[preprocessing] finished at 0.2994
[modeling] preprocessed graph: #vertices = 436,  #edges = 17120,  density = 18.0534%
#vertices = 436,  #edges = 17120,  density = 18.0534%
[data] lb = 25  | ub = 28  | clq = 69  | iter = 0   | core = 0   | time = 0.4571   | conflicts = 133     | moves = 0         | memory = 0       
[data] lb = 25  | ub = 27  | clq = 71  | iter = 0   | core = 0   | time = 29.0857  | conflicts = 57293   | moves = 0         | memory = 0       
