[options] GC configuration
[options] cmdline =  ./gc graphs/le450_15b.col
[options] Instance file = graphs/le450_15b.col
[options] Clause learning = 1
[options] Polarity policy = 0
[options] Clique ordering = 3
[options]  ... low degree = 0
[options] Color variables = absent
[options] Bound policy    = 2
[options] Adaptive bounds = 1
[options] Preprocessing   = dense
[options] IS constraints  = 0
[options] fillin          = no
[options] Triangle UP     = 0
[options] Branching strat = Brelaz
[options]  ... low degree = 0
[options]  ... brelaz fst = 0
[options]  ... phase save = 0
[options] Strategy        = branch and bound

[reading] #vertices = 450,  #edges = 8169,  density = 8.08612% at 0.0033
[statistics] lb ub clq iter core time conflicts moves memory

[data] lb = 0   | ub = 17  | clq = 0   | iter = 0   | core = 0   | time = 0.0004   | conflicts = 0       | moves = 0         | memory = 0       
[data] lb = 15  | ub = 17  | clq = 0   | iter = 0   | core = 0   | time = 0.0007   | conflicts = 0       | moves = 0         | memory = 0       
[data] lb = 15  | ub = 16  | clq = 0   | iter = 0   | core = 0   | time = 0.0664   | conflicts = 0       | moves = 0         | memory = 0       
[preprocessing] finished at 0.0697
[modeling] preprocessed graph: #vertices = 413,  #edges = 7866,  density = 9.2456%
#vertices = 413,  #edges = 7866,  density = 9.2456%
[data] lb = 15  | ub = 15  | clq = 77  | iter = 0   | core = 0   | time = 0.8914   | conflicts = 992     | moves = 0         | memory = 0       
[solution] 15-coloring computed at 0.8947

OPTIMUM 15
Boolean variables     : 77625
CSP variables         : 0
Clauses               : 0
Constraints           : 1
restarts              : 15
conflicts             : 992            (1109 /sec)
decisions             : 6977           (0.00 % random) (7798 /sec)
propagations          : 1848517        (2066001 /sec)
conflict literals     : 128531         (0.04 % deleted)
CPU time              : 0.894732 s

