[options] GC configuration
[options] cmdline =  ./gc graphs/le450_15a.col
[options] Instance file = graphs/le450_15a.col
[options] Clause learning = 1
[options] Polarity policy = 0
[options] Clique ordering = 3
[options]  ... low degree = 0
[options] Color variables = absent
[options] Bound policy    = 2
[options] Adaptive bounds = 1
[options] Preprocessing   = dense
[options] IS constraints  = 0
[options] fillin          = no
[options] Triangle UP     = 0
[options] Branching strat = Brelaz
[options]  ... low degree = 0
[options]  ... brelaz fst = 0
[options]  ... phase save = 0
[options] Strategy        = branch and bound

[reading] #vertices = 450,  #edges = 8168,  density = 8.08513% at 0.003323
[statistics] lb ub clq iter core time conflicts moves memory

[data] lb = 0   | ub = 18  | clq = 0   | iter = 0   | core = 0   | time = 0.0004   | conflicts = 0       | moves = 0         | memory = 0       
[data] lb = 15  | ub = 18  | clq = 0   | iter = 0   | core = 0   | time = 0.0007   | conflicts = 0       | moves = 0         | memory = 0       
[data] lb = 15  | ub = 16  | clq = 0   | iter = 0   | core = 0   | time = 0.0686   | conflicts = 0       | moves = 0         | memory = 0       
[preprocessing] finished at 0.0719
[modeling] preprocessed graph: #vertices = 409,  #edges = 7830,  density = 9.3844%
#vertices = 409,  #edges = 7830,  density = 9.3844%
[data] lb = 15  | ub = 15  | clq = 77  | iter = 0   | core = 0   | time = 4.0200   | conflicts = 5389    | moves = 0         | memory = 0       
[solution] 15-coloring computed at 4.0234

OPTIMUM 15
Boolean variables     : 76015
CSP variables         : 0
Clauses               : 0
Constraints           : 1
restarts              : 63
conflicts             : 5389           (1339 /sec)
decisions             : 29593          (0.00 % random) (7355 /sec)
propagations          : 8888201        (2209146 /sec)
conflict literals     : 860319         (0.12 % deleted)
CPU time              : 4.02337 s

