[options] GC configuration
[options] cmdline =  ./gc graphs/le450_15d.col
[options] Instance file = graphs/le450_15d.col
[options] Clause learning = 1
[options] Polarity policy = 0
[options] Clique ordering = 3
[options]  ... low degree = 0
[options] Color variables = absent
[options] Bound policy    = 2
[options] Adaptive bounds = 1
[options] Preprocessing   = dense
[options] IS constraints  = 0
[options] fillin          = no
[options] Triangle UP     = 0
[options] Branching strat = Brelaz
[options]  ... low degree = 0
[options]  ... brelaz fst = 0
[options]  ... phase save = 0
[options] Strategy        = branch and bound

[reading] #vertices = 450,  #edges = 16750,  density = 16.5801% at 0.007231
[statistics] lb ub clq iter core time conflicts moves memory

[data] lb = 0   | ub = 26  | clq = 0   | iter = 0   | core = 0   | time = 0.0008   | conflicts = 0       | moves = 0         | memory = 0       
[data] lb = 15  | ub = 26  | clq = 0   | iter = 0   | core = 0   | time = 0.0016   | conflicts = 0       | moves = 0         | memory = 0       
[data] lb = 15  | ub = 23  | clq = 0   | iter = 0   | core = 0   | time = 0.0994   | conflicts = 0       | moves = 0         | memory = 0       
[preprocessing] finished at 0.1067
[modeling] preprocessed graph: #vertices = 450,  #edges = 16750,  density = 16.5801%
#vertices = 450,  #edges = 16750,  density = 16.5801%
[data] lb = 15  | ub = 22  | clq = 89  | iter = 0   | core = 0   | time = 1.6836   | conflicts = 2666    | moves = 0         | memory = 0       
