[options] GC configuration
[options] cmdline =  ./gc graphs/miles500.col
[options] Instance file = graphs/miles500.col
[options] Clause learning = 1
[options] Polarity policy = 0
[options] Clique ordering = 3
[options]  ... low degree = 0
[options] Color variables = absent
[options] Bound policy    = 2
[options] Adaptive bounds = 1
[options] Preprocessing   = dense
[options] IS constraints  = 0
[options] fillin          = no
[options] Triangle UP     = 0
[options] Branching strat = Brelaz
[options]  ... low degree = 0
[options]  ... brelaz fst = 0
[options]  ... phase save = 0
[options] Strategy        = branch and bound

[reading] #vertices = 128,  #edges = 1170,  density = 14.3947% at 0.000906
[statistics] lb ub clq iter core time conflicts moves memory

[data] lb = 0   | ub = 20  | clq = 0   | iter = 0   | core = 0   | time = 0.0001   | conflicts = 0       | moves = 0         | memory = 0       
[data] lb = 20  | ub = 20  | clq = 0   | iter = 0   | core = 0   | time = 0.0001   | conflicts = 0       | moves = 0         | memory = 0       
[preprocessing] finished at 0.0066
[modeling] preprocessed graph: #vertices = 25,  #edges = 285,  density = 95.0000%
#vertices = 0,  #edges = 0,  density = 100.0000%
[solution] 20-coloring computed at 0.0066

OPTIMUM 20
Boolean variables     : 0
CSP variables         : 0
Clauses               : 0
Constraints           : 0
restarts              : 0
conflicts             : 0              (0 /sec)
decisions             : 0              ( nan % random) (0 /sec)
propagations          : 0              (0 /sec)
conflict literals     : 0              ( nan % deleted)
CPU time              : 0.006637 s

