[options] GC configuration
[options] cmdline =  ./gc graphs/myciel3.col
[options] Instance file = graphs/myciel3.col
[options] Clause learning = 1
[options] Polarity policy = 0
[options] Clique ordering = 3
[options]  ... low degree = 0
[options] Color variables = absent
[options] Bound policy    = 2
[options] Adaptive bounds = 1
[options] Preprocessing   = dense
[options] IS constraints  = 0
[options] fillin          = no
[options] Triangle UP     = 0
[options] Branching strat = Brelaz
[options]  ... low degree = 0
[options]  ... brelaz fst = 0
[options]  ... phase save = 0
[options] Strategy        = branch and bound

[reading] #vertices = 11,  #edges = 20,  density = 36.3636% at 0.000501
[statistics] lb ub clq iter core time conflicts moves memory

[data] lb = 0   | ub = 4   | clq = 0   | iter = 0   | core = 0   | time = 0.0000   | conflicts = 0       | moves = 0         | memory = 0       
[data] lb = 2   | ub = 4   | clq = 0   | iter = 0   | core = 0   | time = 0.0000   | conflicts = 0       | moves = 0         | memory = 0       
[preprocessing] finished at 0.0005
[modeling] preprocessed graph: #vertices = 11,  #edges = 20,  density = 36.3636%
[data] lb = 4   | ub = 4   | clq = 8   | iter = 0   | core = 0   | time = 0.0001   | conflicts = 0       | moves = 0         | memory = 0       
#vertices = 11,  #edges = 20,  density = 36.3636%
[solution] 4-coloring computed at 0.0006

OPTIMUM 4
Boolean variables     : 46
CSP variables         : 0
Clauses               : 0
Constraints           : 1
restarts              : 1
conflicts             : 1              (1667 /sec)
decisions             : 1              (0.00 % random) (1667 /sec)
propagations          : 5              (8333 /sec)
conflict literals     : 0              ( nan % deleted)
CPU time              : 0.0006 s

