[options] GC configuration
[options] cmdline =  ./gc graphs/myciel4.col
[options] Instance file = graphs/myciel4.col
[options] Clause learning = 1
[options] Polarity policy = 0
[options] Clique ordering = 3
[options]  ... low degree = 0
[options] Color variables = absent
[options] Bound policy    = 2
[options] Adaptive bounds = 1
[options] Preprocessing   = dense
[options] IS constraints  = 0
[options] fillin          = no
[options] Triangle UP     = 0
[options] Branching strat = Brelaz
[options]  ... low degree = 0
[options]  ... brelaz fst = 0
[options]  ... phase save = 0
[options] Strategy        = branch and bound

[reading] #vertices = 23,  #edges = 71,  density = 28.0632% at 0.000536
[statistics] lb ub clq iter core time conflicts moves memory

[data] lb = 0   | ub = 5   | clq = 0   | iter = 0   | core = 0   | time = 0.0000   | conflicts = 0       | moves = 0         | memory = 0       
[data] lb = 2   | ub = 5   | clq = 0   | iter = 0   | core = 0   | time = 0.0000   | conflicts = 0       | moves = 0         | memory = 0       
[preprocessing] finished at 0.0006
[modeling] preprocessed graph: #vertices = 23,  #edges = 71,  density = 28.0632%
[data] lb = 5   | ub = 5   | clq = 19  | iter = 0   | core = 0   | time = 0.0002   | conflicts = 0       | moves = 0         | memory = 0       
#vertices = 23,  #edges = 71,  density = 28.0632%
[solution] 5-coloring computed at 0.0007

OPTIMUM 5
Boolean variables     : 205
CSP variables         : 0
Clauses               : 0
Constraints           : 1
restarts              : 1
conflicts             : 1              (1416 /sec)
decisions             : 1              (0.00 % random) (1416 /sec)
propagations          : 9              (12748 /sec)
conflict literals     : 0              ( nan % deleted)
CPU time              : 0.000706 s

