[options] GC configuration
[options] cmdline =  ./gc graphs/qg.order40.col
[options] Instance file = graphs/qg.order40.col
[options] Clause learning = 1
[options] Polarity policy = 0
[options] Clique ordering = 3
[options]  ... low degree = 0
[options] Color variables = absent
[options] Bound policy    = 2
[options] Adaptive bounds = 1
[options] Preprocessing   = dense
[options] IS constraints  = 0
[options] fillin          = no
[options] Triangle UP     = 0
[options] Branching strat = Brelaz
[options]  ... low degree = 0
[options]  ... brelaz fst = 0
[options]  ... phase save = 0
[options] Strategy        = branch and bound

[reading] #vertices = 1600,  #edges = 62400,  density = 4.87805% at 0.021435
[statistics] lb ub clq iter core time conflicts moves memory

[data] lb = 0   | ub = 64  | clq = 0   | iter = 0   | core = 0   | time = 0.0020   | conflicts = 0       | moves = 0         | memory = 0       
[data] lb = 40  | ub = 64  | clq = 0   | iter = 0   | core = 0   | time = 0.0023   | conflicts = 0       | moves = 0         | memory = 0       
[data] lb = 40  | ub = 41  | clq = 0   | iter = 0   | core = 0   | time = 0.0245   | conflicts = 0       | moves = 0         | memory = 0       
[preprocessing] finished at 0.0459
[modeling] preprocessed graph: #vertices = 1600,  #edges = 62400,  density = 4.8780%
#vertices = 1600,  #edges = 62400,  density = 4.8780%
[data] lb = 40  | ub = 40  | clq = 25  | iter = 0   | core = 0   | time = 8.4129   | conflicts = 695     | moves = 0         | memory = 0       
[solution] 40-coloring computed at 8.4343

OPTIMUM 40
Boolean variables     : 1218400
CSP variables         : 0
Clauses               : 0
Constraints           : 1
restarts              : 14
conflicts             : 695            (82 /sec)
decisions             : 25271          (0.00 % random) (2996 /sec)
propagations          : 18044092       (2139364 /sec)
conflict literals     : 140178         (0.01 % deleted)
CPU time              : 8.43433 s

