[options] GC configuration
[options] cmdline =  ./gc graphs/qg.order100.col
[options] Instance file = graphs/qg.order100.col
[options] Clause learning = 1
[options] Polarity policy = 0
[options] Clique ordering = 3
[options]  ... low degree = 0
[options] Color variables = absent
[options] Bound policy    = 2
[options] Adaptive bounds = 1
[options] Preprocessing   = dense
[options] IS constraints  = 0
[options] fillin          = no
[options] Triangle UP     = 0
[options] Branching strat = Brelaz
[options]  ... low degree = 0
[options]  ... brelaz fst = 0
[options]  ... phase save = 0
[options] Strategy        = branch and bound

[reading] #vertices = 10000,  #edges = 990000,  density = 1.9802% at 0.335819
[statistics] lb ub clq iter core time conflicts moves memory

[data] lb = 0   | ub = 128 | clq = 0   | iter = 0   | core = 0   | time = 0.0308   | conflicts = 0       | moves = 0         | memory = 0       
[data] lb = 100 | ub = 128 | clq = 0   | iter = 0   | core = 0   | time = 0.0316   | conflicts = 0       | moves = 0         | memory = 0       
[data] lb = 100 | ub = 102 | clq = 0   | iter = 0   | core = 0   | time = 0.1067   | conflicts = 0       | moves = 0         | memory = 0       
[preprocessing] finished at 0.4425
[modeling] preprocessed graph: #vertices = 10000,  #edges = 990000,  density = 1.9802%
#vertices = 10000,  #edges = 990000,  density = 1.9802%
