[options] GC configuration
[options] cmdline =  ./gc graphs/queen12_12.col
[options] Instance file = graphs/queen12_12.col
[options] Clause learning = 1
[options] Polarity policy = 0
[options] Clique ordering = 3
[options]  ... low degree = 0
[options] Color variables = absent
[options] Bound policy    = 2
[options] Adaptive bounds = 1
[options] Preprocessing   = dense
[options] IS constraints  = 0
[options] fillin          = no
[options] Triangle UP     = 0
[options] Branching strat = Brelaz
[options]  ... low degree = 0
[options]  ... brelaz fst = 0
[options]  ... phase save = 0
[options] Strategy        = branch and bound

[reading] #vertices = 144,  #edges = 2596,  density = 25.2137% at 0.00137
[statistics] lb ub clq iter core time conflicts moves memory

[data] lb = 0   | ub = 20  | clq = 0   | iter = 0   | core = 0   | time = 0.0001   | conflicts = 0       | moves = 0         | memory = 0       
[data] lb = 12  | ub = 20  | clq = 0   | iter = 0   | core = 0   | time = 0.0002   | conflicts = 0       | moves = 0         | memory = 0       
[data] lb = 12  | ub = 15  | clq = 0   | iter = 0   | core = 0   | time = 0.0063   | conflicts = 0       | moves = 0         | memory = 0       
[preprocessing] finished at 0.0076
[modeling] preprocessed graph: #vertices = 144,  #edges = 2596,  density = 25.2137%
#vertices = 144,  #edges = 2596,  density = 25.2137%
[data] lb = 12  | ub = 14  | clq = 10  | iter = 0   | core = 0   | time = 1.2625   | conflicts = 21828   | moves = 0         | memory = 0       
