[options] GC configuration
[options] cmdline =  ./gc graphs/queen11_11.col
[options] Instance file = graphs/queen11_11.col
[options] Clause learning = 1
[options] Polarity policy = 0
[options] Clique ordering = 3
[options]  ... low degree = 0
[options] Color variables = absent
[options] Bound policy    = 2
[options] Adaptive bounds = 1
[options] Preprocessing   = dense
[options] IS constraints  = 0
[options] fillin          = no
[options] Triangle UP     = 0
[options] Branching strat = Brelaz
[options]  ... low degree = 0
[options]  ... brelaz fst = 0
[options]  ... phase save = 0
[options] Strategy        = branch and bound

[reading] #vertices = 121,  #edges = 1980,  density = 27.2727% at 0.001154
[statistics] lb ub clq iter core time conflicts moves memory

[data] lb = 0   | ub = 17  | clq = 0   | iter = 0   | core = 0   | time = 0.0001   | conflicts = 0       | moves = 0         | memory = 0       
[data] lb = 11  | ub = 17  | clq = 0   | iter = 0   | core = 0   | time = 0.0001   | conflicts = 0       | moves = 0         | memory = 0       
[data] lb = 11  | ub = 14  | clq = 0   | iter = 0   | core = 0   | time = 0.0047   | conflicts = 0       | moves = 0         | memory = 0       
[preprocessing] finished at 0.0059
[modeling] preprocessed graph: #vertices = 121,  #edges = 1980,  density = 27.2727%
#vertices = 121,  #edges = 1980,  density = 27.2727%
[data] lb = 11  | ub = 13  | clq = 9   | iter = 0   | core = 0   | time = 0.1397   | conflicts = 3010    | moves = 0         | memory = 0       
