[options] GC configuration
[options] cmdline =  ./gc graphs/queen16_16.col
[options] Instance file = graphs/queen16_16.col
[options] Clause learning = 1
[options] Polarity policy = 0
[options] Clique ordering = 3
[options]  ... low degree = 0
[options] Color variables = absent
[options] Bound policy    = 2
[options] Adaptive bounds = 1
[options] Preprocessing   = dense
[options] IS constraints  = 0
[options] fillin          = no
[options] Triangle UP     = 0
[options] Branching strat = Brelaz
[options]  ... low degree = 0
[options]  ... brelaz fst = 0
[options]  ... phase save = 0
[options] Strategy        = branch and bound

[reading] #vertices = 256,  #edges = 6320,  density = 19.3627% at 0.002618
[statistics] lb ub clq iter core time conflicts moves memory

[data] lb = 0   | ub = 26  | clq = 0   | iter = 0   | core = 0   | time = 0.0002   | conflicts = 0       | moves = 0         | memory = 0       
[data] lb = 16  | ub = 26  | clq = 0   | iter = 0   | core = 0   | time = 0.0004   | conflicts = 0       | moves = 0         | memory = 0       
[data] lb = 16  | ub = 20  | clq = 0   | iter = 0   | core = 0   | time = 0.0158   | conflicts = 0       | moves = 0         | memory = 0       
[preprocessing] finished at 0.0184
[modeling] preprocessed graph: #vertices = 256,  #edges = 6320,  density = 19.3627%
#vertices = 256,  #edges = 6320,  density = 19.3627%
[data] lb = 16  | ub = 19  | clq = 14  | iter = 0   | core = 0   | time = 0.1016   | conflicts = 500     | moves = 0         | memory = 0       
