[options] GC configuration
[options] cmdline =  ./gc graphs/queen15_15.col
[options] Instance file = graphs/queen15_15.col
[options] Clause learning = 1
[options] Polarity policy = 0
[options] Clique ordering = 3
[options]  ... low degree = 0
[options] Color variables = absent
[options] Bound policy    = 2
[options] Adaptive bounds = 1
[options] Preprocessing   = dense
[options] IS constraints  = 0
[options] fillin          = no
[options] Triangle UP     = 0
[options] Branching strat = Brelaz
[options]  ... low degree = 0
[options]  ... brelaz fst = 0
[options]  ... phase save = 0
[options] Strategy        = branch and bound

[reading] #vertices = 225,  #edges = 5180,  density = 20.5556% at 0.002352
[statistics] lb ub clq iter core time conflicts moves memory

[data] lb = 0   | ub = 23  | clq = 0   | iter = 0   | core = 0   | time = 0.0002   | conflicts = 0       | moves = 0         | memory = 0       
[data] lb = 15  | ub = 23  | clq = 0   | iter = 0   | core = 0   | time = 0.0003   | conflicts = 0       | moves = 0         | memory = 0       
[data] lb = 15  | ub = 19  | clq = 0   | iter = 0   | core = 0   | time = 0.0134   | conflicts = 0       | moves = 0         | memory = 0       
[preprocessing] finished at 0.0157
[modeling] preprocessed graph: #vertices = 225,  #edges = 5180,  density = 20.5556%
#vertices = 225,  #edges = 5180,  density = 20.5556%
[data] lb = 15  | ub = 18  | clq = 12  | iter = 0   | core = 0   | time = 0.3745   | conflicts = 3061    | moves = 0         | memory = 0       
