[options] GC configuration
[options] cmdline =  ./gc graphs/r250.5.col
[options] Instance file = graphs/r250.5.col
[options] Clause learning = 1
[options] Polarity policy = 0
[options] Clique ordering = 3
[options]  ... low degree = 0
[options] Color variables = absent
[options] Bound policy    = 2
[options] Adaptive bounds = 1
[options] Preprocessing   = dense
[options] IS constraints  = 0
[options] fillin          = no
[options] Triangle UP     = 0
[options] Branching strat = Brelaz
[options]  ... low degree = 0
[options]  ... brelaz fst = 0
[options]  ... phase save = 0
[options] Strategy        = branch and bound

[reading] #vertices = 250,  #edges = 14849,  density = 47.7076% at 0.005178
[statistics] lb ub clq iter core time conflicts moves memory

[data] lb = 0   | ub = 68  | clq = 0   | iter = 0   | core = 0   | time = 0.0006   | conflicts = 0       | moves = 0         | memory = 0       
[data] lb = 65  | ub = 68  | clq = 0   | iter = 0   | core = 0   | time = 0.0022   | conflicts = 0       | moves = 0         | memory = 0       
[data] lb = 65  | ub = 67  | clq = 0   | iter = 0   | core = 0   | time = 1.3849   | conflicts = 0       | moves = 0         | memory = 0       
[preprocessing] finished at 1.3901
[modeling] preprocessed graph: #vertices = 236,  #edges = 14033,  density = 50.6058%
#vertices = 236,  #edges = 14033,  density = 50.6058%
[data] lb = 65  | ub = 66  | clq = 11  | iter = 0   | core = 0   | time = 1.9046   | conflicts = 2619    | moves = 0         | memory = 0       
[data] lb = 65  | ub = 65  | clq = 11  | iter = 0   | core = 0   | time = 2.4458   | conflicts = 5385    | moves = 0         | memory = 0       
[solution] 65-coloring computed at 2.4510

OPTIMUM 65
Boolean variables     : 13933
CSP variables         : 0
Clauses               : 0
Constraints           : 1
restarts              : 70
conflicts             : 5385           (2197 /sec)
decisions             : 15591          (0.00 % random) (6361 /sec)
propagations          : 1764749        (720002 /sec)
conflict literals     : 2261116        (0.08 % deleted)
CPU time              : 2.45103 s

