[options] GC configuration
[options] cmdline =  ./gc graphs/school1.col
[options] Instance file = graphs/school1.col
[options] Clause learning = 1
[options] Polarity policy = 0
[options] Clique ordering = 3
[options]  ... low degree = 0
[options] Color variables = absent
[options] Bound policy    = 2
[options] Adaptive bounds = 1
[options] Preprocessing   = dense
[options] IS constraints  = 0
[options] fillin          = no
[options] Triangle UP     = 0
[options] Branching strat = Brelaz
[options]  ... low degree = 0
[options]  ... brelaz fst = 0
[options]  ... phase save = 0
[options] Strategy        = branch and bound

[reading] #vertices = 385,  #edges = 19095,  density = 25.832% at 0.006601
[statistics] lb ub clq iter core time conflicts moves memory

[data] lb = 0   | ub = 15  | clq = 0   | iter = 0   | core = 0   | time = 0.0007   | conflicts = 0       | moves = 0         | memory = 0       
[data] lb = 14  | ub = 15  | clq = 0   | iter = 0   | core = 0   | time = 0.0020   | conflicts = 0       | moves = 0         | memory = 0       
[data] lb = 14  | ub = 14  | clq = 0   | iter = 0   | core = 0   | time = 0.4532   | conflicts = 0       | moves = 0         | memory = 0       
[preprocessing] finished at 0.4598
[modeling] preprocessed graph: #vertices = 358,  #edges = 18976,  density = 29.6950%
#vertices = 0,  #edges = 0,  density = 100.0000%
[solution] 14-coloring computed at 0.4598

OPTIMUM 14
Boolean variables     : 0
CSP variables         : 0
Clauses               : 0
Constraints           : 0
restarts              : 0
conflicts             : 0              (0 /sec)
decisions             : 0              ( nan % random) (0 /sec)
propagations          : 0              (0 /sec)
conflict literals     : 0              ( nan % deleted)
CPU time              : 0.459772 s

