[options] GC configuration
[options] cmdline =  ./gc graphs/wap08a.col
[options] Instance file = graphs/wap08a.col
[options] Clause learning = 1
[options] Polarity policy = 0
[options] Clique ordering = 3
[options]  ... low degree = 0
[options] Color variables = absent
[options] Bound policy    = 2
[options] Adaptive bounds = 1
[options] Preprocessing   = dense
[options] IS constraints  = 0
[options] fillin          = no
[options] Triangle UP     = 0
[options] Branching strat = Brelaz
[options]  ... low degree = 0
[options]  ... brelaz fst = 0
[options]  ... phase save = 0
[options] Strategy        = branch and bound

[reading] #vertices = 1870,  #edges = 104176,  density = 5.96138% at 0.038073
[statistics] lb ub clq iter core time conflicts moves memory

[data] lb = 0   | ub = 45  | clq = 0   | iter = 0   | core = 0   | time = 0.0041   | conflicts = 0       | moves = 0         | memory = 0       
[data] lb = 40  | ub = 45  | clq = 0   | iter = 0   | core = 0   | time = 0.0051   | conflicts = 0       | moves = 0         | memory = 0       
[preprocessing] finished at 1.1550
[modeling] preprocessed graph: #vertices = 1696,  #edges = 98819,  density = 6.8750%
#vertices = 1696,  #edges = 98819,  density = 6.8750%
[data] lb = 40  | ub = 44  | clq = 122 | iter = 0   | core = 0   | time = 27.6935  | conflicts = 2968    | moves = 0         | memory = 0       
