[options] GC configuration
[options] cmdline =  ./gc graphs/wap05a.col
[options] Instance file = graphs/wap05a.col
[options] Clause learning = 1
[options] Polarity policy = 0
[options] Clique ordering = 3
[options]  ... low degree = 0
[options] Color variables = absent
[options] Bound policy    = 2
[options] Adaptive bounds = 1
[options] Preprocessing   = dense
[options] IS constraints  = 0
[options] fillin          = no
[options] Triangle UP     = 0
[options] Branching strat = Brelaz
[options]  ... low degree = 0
[options]  ... brelaz fst = 0
[options]  ... phase save = 0
[options] Strategy        = branch and bound

[reading] #vertices = 905,  #edges = 43081,  density = 10.5317% at 0.015434
[statistics] lb ub clq iter core time conflicts moves memory

[data] lb = 0   | ub = 51  | clq = 0   | iter = 0   | core = 0   | time = 0.0017   | conflicts = 0       | moves = 0         | memory = 0       
[data] lb = 40  | ub = 51  | clq = 0   | iter = 0   | core = 0   | time = 0.0021   | conflicts = 0       | moves = 0         | memory = 0       
[data] lb = 46  | ub = 51  | clq = 0   | iter = 0   | core = 0   | time = 0.0047   | conflicts = 0       | moves = 0         | memory = 0       
[data] lb = 50  | ub = 51  | clq = 0   | iter = 0   | core = 0   | time = 0.0111   | conflicts = 0       | moves = 0         | memory = 0       
[data] lb = 50  | ub = 50  | clq = 0   | iter = 0   | core = 0   | time = 0.7757   | conflicts = 0       | moves = 0         | memory = 0       
[preprocessing] finished at 0.7911
[modeling] preprocessed graph: #vertices = 665,  #edges = 34684,  density = 15.7098%
#vertices = 0,  #edges = 0,  density = 100.0000%
[solution] 50-coloring computed at 0.7912

OPTIMUM 50
Boolean variables     : 0
CSP variables         : 0
Clauses               : 0
Constraints           : 0
restarts              : 0
conflicts             : 0              (0 /sec)
decisions             : 0              ( nan % random) (0 /sec)
propagations          : 0              (0 /sec)
conflict literals     : 0              ( nan % deleted)
CPU time              : 0.791189 s

