[options] GC configuration
[options] cmdline =  ./gc graphs/wap02a.col
[options] Instance file = graphs/wap02a.col
[options] Clause learning = 1
[options] Polarity policy = 0
[options] Clique ordering = 3
[options]  ... low degree = 0
[options] Color variables = absent
[options] Bound policy    = 2
[options] Adaptive bounds = 1
[options] Preprocessing   = dense
[options] IS constraints  = 0
[options] fillin          = no
[options] Triangle UP     = 0
[options] Branching strat = Brelaz
[options]  ... low degree = 0
[options]  ... brelaz fst = 0
[options]  ... phase save = 0
[options] Strategy        = branch and bound

[reading] #vertices = 2464,  #edges = 111742,  density = 3.68249% at 0.040129
[statistics] lb ub clq iter core time conflicts moves memory

[data] lb = 0   | ub = 45  | clq = 0   | iter = 0   | core = 0   | time = 0.0042   | conflicts = 0       | moves = 0         | memory = 0       
[data] lb = 40  | ub = 45  | clq = 0   | iter = 0   | core = 0   | time = 0.0047   | conflicts = 0       | moves = 0         | memory = 0       
[preprocessing] finished at 0.8818
[modeling] preprocessed graph: #vertices = 2174,  #edges = 102691,  density = 4.3475%
#vertices = 2174,  #edges = 102691,  density = 4.3475%
