[options] GC configuration
[options] cmdline =  ./gc graphs/wap03a.col
[options] Instance file = graphs/wap03a.col
[options] Clause learning = 1
[options] Polarity policy = 0
[options] Clique ordering = 3
[options]  ... low degree = 0
[options] Color variables = absent
[options] Bound policy    = 2
[options] Adaptive bounds = 1
[options] Preprocessing   = dense
[options] IS constraints  = 0
[options] fillin          = no
[options] Triangle UP     = 0
[options] Branching strat = Brelaz
[options]  ... low degree = 0
[options]  ... brelaz fst = 0
[options]  ... phase save = 0
[options] Strategy        = branch and bound

[reading] #vertices = 4730,  #edges = 286722,  density = 2.56366% at 0.123355
[statistics] lb ub clq iter core time conflicts moves memory

[data] lb = 0   | ub = 56  | clq = 0   | iter = 0   | core = 0   | time = 0.0111   | conflicts = 0       | moves = 0         | memory = 0       
[data] lb = 40  | ub = 56  | clq = 0   | iter = 0   | core = 0   | time = 0.0120   | conflicts = 0       | moves = 0         | memory = 0       
[data] lb = 40  | ub = 54  | clq = 0   | iter = 0   | core = 0   | time = 1.0712   | conflicts = 0       | moves = 0         | memory = 0       
[preprocessing] finished at 1.1946
[modeling] preprocessed graph: #vertices = 4701,  #edges = 285816,  density = 2.5872%
#vertices = 4701,  #edges = 285816,  density = 2.5872%
