[options] GC configuration
[options] cmdline =  ./gc graphs/wap07a.col
[options] Instance file = graphs/wap07a.col
[options] Clause learning = 1
[options] Polarity policy = 0
[options] Clique ordering = 3
[options]  ... low degree = 0
[options] Color variables = absent
[options] Bound policy    = 2
[options] Adaptive bounds = 1
[options] Preprocessing   = dense
[options] IS constraints  = 0
[options] fillin          = no
[options] Triangle UP     = 0
[options] Branching strat = Brelaz
[options]  ... low degree = 0
[options]  ... brelaz fst = 0
[options]  ... phase save = 0
[options] Strategy        = branch and bound

[reading] #vertices = 1809,  #edges = 103368,  density = 6.3209% at 0.037656
[statistics] lb ub clq iter core time conflicts moves memory

[data] lb = 0   | ub = 46  | clq = 0   | iter = 0   | core = 0   | time = 0.0041   | conflicts = 0       | moves = 0         | memory = 0       
[data] lb = 40  | ub = 46  | clq = 0   | iter = 0   | core = 0   | time = 0.0053   | conflicts = 0       | moves = 0         | memory = 0       
[data] lb = 40  | ub = 45  | clq = 0   | iter = 0   | core = 0   | time = 1.1248   | conflicts = 0       | moves = 0         | memory = 0       
[preprocessing] finished at 1.1625
[modeling] preprocessed graph: #vertices = 1655,  #edges = 98690,  density = 7.2106%
#vertices = 1655,  #edges = 98690,  density = 7.2106%
