[options] GC configuration
[options] cmdline =  ./gc graphs/zeroin.i.2.col
[options] Instance file = graphs/zeroin.i.2.col
[options] Clause learning = 1
[options] Polarity policy = 0
[options] Clique ordering = 3
[options]  ... low degree = 0
[options] Color variables = absent
[options] Bound policy    = 2
[options] Adaptive bounds = 1
[options] Preprocessing   = dense
[options] IS constraints  = 0
[options] fillin          = no
[options] Triangle UP     = 0
[options] Branching strat = Brelaz
[options]  ... low degree = 0
[options]  ... brelaz fst = 0
[options]  ... phase save = 0
[options] Strategy        = branch and bound

[reading] #vertices = 211,  #edges = 3541,  density = 15.9828% at 0.001651
[statistics] lb ub clq iter core time conflicts moves memory

[data] lb = 0   | ub = 30  | clq = 0   | iter = 0   | core = 0   | time = 0.0001   | conflicts = 0       | moves = 0         | memory = 0       
[data] lb = 30  | ub = 30  | clq = 0   | iter = 0   | core = 0   | time = 0.0006   | conflicts = 0       | moves = 0         | memory = 0       
[preprocessing] finished at 0.0374
[modeling] preprocessed graph: #vertices = 62,  #edges = 1330,  density = 70.3332%
#vertices = 0,  #edges = 0,  density = 100.0000%
[solution] 30-coloring computed at 0.0374

OPTIMUM 30
Boolean variables     : 0
CSP variables         : 0
Clauses               : 0
Constraints           : 0
restarts              : 0
conflicts             : 0              (0 /sec)
decisions             : 0              ( nan % random) (0 /sec)
propagations          : 0              (0 /sec)
conflict literals     : 0              ( nan % deleted)
CPU time              : 0.037439 s

